#
# A fatal error has been detected by the Java Runtime Environment:
#
#  SIGSEGV (0xb) at pc=0x00007f1eea1731d4, pid=35478, tid=35527
#
# JRE version: Java(TM) SE Runtime Environment (11.0.2+9) (build 11.0.2+9-LTS)
# Java VM: Java HotSpot(TM) 64-Bit Server VM (11.0.2+9-LTS, mixed mode, tiered, compressed oops, g1 gc, linux-amd64)
# Problematic frame:
# C  [libvlccore.so.9+0x871d4]
#
# No core dump will be written. Core dumps have been disabled. To enable core dumping, try "ulimit -c unlimited" before starting Java again
#
# If you would like to submit a bug report, please visit:
#   http://bugreport.java.com/bugreport/crash.jsp
#

---------------  S U M M A R Y ------------

Command Line: -Dfile.encoding=UTF-8 fr.duvam.Main

Host: Intel(R) Core(TM) i7-4500U CPU @ 1.80GHz, 2 cores, 5G, Debian GNU/Linux 9 (stretch)
Time: Fri Aug  9 12:37:39 2019 CEST elapsed time: 22 seconds (0d 0h 0m 22s)

---------------  T H R E A D  ---------------

Current thread is native thread

Stack: [0x00007f1ebeda0000,0x00007f1ebee9f000],  sp=0x00007f1ebee9d910,  free space=1014k
Native frames: (J=compiled Java code, A=aot compiled Java code, j=interpreted, Vv=VM code, C=native code)
C  [libvlccore.so.9+0x871d4]


siginfo: si_signo: 11 (SIGSEGV), si_code: 1 (SEGV_MAPERR), si_addr: 0x00007f1ebeb9ae20

Register to memory mapping:

RAX=
[error occurred during error reporting (printing register info), id 0xb, SIGSEGV (0xb) at pc=0x00007f1f4e664317]

Registers:
RAX=0x0000001b70929c1b, RBX=0x00007f1ef4116290, RCX=0x0000000000000000, RDX=0x00000000000bcd1b
RSP=0x00007f1ebee9d910, RBP=0x00000000025f6c00, RSI=0x0000001b7086cf00, RDI=0x0000000000000000
R8 =0x0000000000000000, R9 =0x00007f1ef41162c0, R10=0x00007f1ebeb9ae20, R11=0x0000000000000001
R12=0x00007f1ef8469be0, R13=0x0000001b6ff5b42c, R14=0x00007f1ef41162c0, R15=0x00000000025f6c00
RIP=0x00007f1eea1731d4, EFLAGS=0x0000000000010202, CSGSFS=0x002b000000000033, ERR=0x0000000000000004
  TRAPNO=0x000000000000000e

Top of Stack: (sp=0x00007f1ebee9d910)
0x00007f1ebee9d910:   00000000025f6c00 00007f1ef8469c18
0x00007f1ebee9d920:   0000001b70929c1b 00007f1ef854cb40
0x00007f1ebee9d930:   00007f1ef854cb40 00007f1ef4116200
0x00007f1ebee9d940:   0000000100000001 00007f1e00000000 

Instructions: (pc=0x00007f1eea1731d4)
0x00007f1eea1731b4:   80 3c 24 00 48 89 44 24 10 0f 85 d8 01 00 00 4d
0x00007f1eea1731c4:   8b 94 24 a0 01 00 00 4d 85 d2 0f 84 c7 01 00 00
0x00007f1eea1731d4:   45 8b 1a 45 85 db 0f 84 bb 01 00 00 49 8b 54 24
0x00007f1eea1731e4:   30 49 8d 74 24 38 48 8d 7c 24 50 31 c9 49 89 f7 

Stack slot to memory mapping:
stack at sp + 0 slots: 
[error occurred during error reporting (inspecting top of stack), id 0xb, SIGSEGV (0xb) at pc=0x00007f1f4e664317]


---------------  P R O C E S S  ---------------

VM state:at safepoint (normal execution)

VM Mutex/Monitor currently owned by a thread:  ([mutex/lock_event])
[0x00007f1f4800dcf0] Threads_lock - owner thread: 0x00007f1f48118800

Heap address: 0x00000000a2000000, size: 1504 MB, Compressed Oops mode: 32-bit
Narrow klass base: 0x0000000000000000, Narrow klass shift: 3
Compressed class space size: 1073741824 Address: 0x0000000100000000

Heap:
 garbage-first heap   total 96256K, used 16398K [0x00000000a2000000, 0x0000000100000000)
  region size 1024K, 15 young (15360K), 2 survivors (2048K)
 Metaspace       used 19358K, capacity 20023K, committed 20352K, reserved 1067008K
  class space    used 2130K, capacity 2390K, committed 2432K, reserved 1048576K
Heap Regions: E=young(eden), S=young(survivor), O=old, HS=humongous(starts), HC=humongous(continues), CS=collection set, F=free, A=archive, TAMS=top-at-mark-start (previous, next)
|   0|0x00000000a2000000, 0x00000000a2100000, 0x00000000a2100000|100%| O|  |TAMS 0x00000000a2000000, 0x00000000a2000000| Untracked 
|   1|0x00000000a2100000, 0x00000000a2200000, 0x00000000a2200000|100%| O|  |TAMS 0x00000000a2100000, 0x00000000a2100000| Untracked 
|   2|0x00000000a2200000, 0x00000000a222a600, 0x00000000a2300000| 16%| O|  |TAMS 0x00000000a2200000, 0x00000000a2200000| Untracked 
|   3|0x00000000a2300000, 0x00000000a2300000, 0x00000000a2400000|  0%| F|  |TAMS 0x00000000a2300000, 0x00000000a2300000| Untracked 
|   4|0x00000000a2400000, 0x00000000a2400000, 0x00000000a2500000|  0%| F|  |TAMS 0x00000000a2400000, 0x00000000a2400000| Untracked 
|   5|0x00000000a2500000, 0x00000000a2500000, 0x00000000a2600000|  0%| F|  |TAMS 0x00000000a2500000, 0x00000000a2500000| Untracked 
|   6|0x00000000a2600000, 0x00000000a2600000, 0x00000000a2700000|  0%| F|  |TAMS 0x00000000a2600000, 0x00000000a2600000| Untracked 
|   7|0x00000000a2700000, 0x00000000a2700000, 0x00000000a2800000|  0%| F|  |TAMS 0x00000000a2700000, 0x00000000a2700000| Untracked 
|   8|0x00000000a2800000, 0x00000000a2800000, 0x00000000a2900000|  0%| F|  |TAMS 0x00000000a2800000, 0x00000000a2800000| Untracked 
|   9|0x00000000a2900000, 0x00000000a2900000, 0x00000000a2a00000|  0%| F|  |TAMS 0x00000000a2900000, 0x00000000a2900000| Untracked 
|  10|0x00000000a2a00000, 0x00000000a2a00000, 0x00000000a2b00000|  0%| F|  |TAMS 0x00000000a2a00000, 0x00000000a2a00000| Untracked 
|  11|0x00000000a2b00000, 0x00000000a2b00000, 0x00000000a2c00000|  0%| F|  |TAMS 0x00000000a2b00000, 0x00000000a2b00000| Untracked 
|  12|0x00000000a2c00000, 0x00000000a2c00000, 0x00000000a2d00000|  0%| F|  |TAMS 0x00000000a2c00000, 0x00000000a2c00000| Untracked 
|  13|0x00000000a2d00000, 0x00000000a2d00000, 0x00000000a2e00000|  0%| F|  |TAMS 0x00000000a2d00000, 0x00000000a2d00000| Untracked 
|  14|0x00000000a2e00000, 0x00000000a2e00000, 0x00000000a2f00000|  0%| F|  |TAMS 0x00000000a2e00000, 0x00000000a2e00000| Untracked 
|  15|0x00000000a2f00000, 0x00000000a2f00000, 0x00000000a3000000|  0%| F|  |TAMS 0x00000000a2f00000, 0x00000000a2f00000| Untracked 
|  16|0x00000000a3000000, 0x00000000a3000000, 0x00000000a3100000|  0%| F|  |TAMS 0x00000000a3000000, 0x00000000a3000000| Untracked 
|  17|0x00000000a3100000, 0x00000000a3100000, 0x00000000a3200000|  0%| F|  |TAMS 0x00000000a3100000, 0x00000000a3100000| Untracked 
|  18|0x00000000a3200000, 0x00000000a3200000, 0x00000000a3300000|  0%| F|  |TAMS 0x00000000a3200000, 0x00000000a3200000| Untracked 
|  19|0x00000000a3300000, 0x00000000a3300000, 0x00000000a3400000|  0%| F|  |TAMS 0x00000000a3300000, 0x00000000a3300000| Untracked 
|  20|0x00000000a3400000, 0x00000000a3400000, 0x00000000a3500000|  0%| F|  |TAMS 0x00000000a3400000, 0x00000000a3400000| Untracked 
|  21|0x00000000a3500000, 0x00000000a3500000, 0x00000000a3600000|  0%| F|  |TAMS 0x00000000a3500000, 0x00000000a3500000| Untracked 
|  22|0x00000000a3600000, 0x00000000a3600000, 0x00000000a3700000|  0%| F|  |TAMS 0x00000000a3600000, 0x00000000a3600000| Untracked 
|  23|0x00000000a3700000, 0x00000000a3700000, 0x00000000a3800000|  0%| F|  |TAMS 0x00000000a3700000, 0x00000000a3700000| Untracked 
|  24|0x00000000a3800000, 0x00000000a3800000, 0x00000000a3900000|  0%| F|  |TAMS 0x00000000a3800000, 0x00000000a3800000| Untracked 
|  25|0x00000000a3900000, 0x00000000a3900000, 0x00000000a3a00000|  0%| F|  |TAMS 0x00000000a3900000, 0x00000000a3900000| Untracked 
|  26|0x00000000a3a00000, 0x00000000a3a00000, 0x00000000a3b00000|  0%| F|  |TAMS 0x00000000a3a00000, 0x00000000a3a00000| Untracked 
|  27|0x00000000a3b00000, 0x00000000a3b00000, 0x00000000a3c00000|  0%| F|  |TAMS 0x00000000a3b00000, 0x00000000a3b00000| Untracked 
|  28|0x00000000a3c00000, 0x00000000a3c00000, 0x00000000a3d00000|  0%| F|  |TAMS 0x00000000a3c00000, 0x00000000a3c00000| Untracked 
|  29|0x00000000a3d00000, 0x00000000a3d00000, 0x00000000a3e00000|  0%| F|  |TAMS 0x00000000a3d00000, 0x00000000a3d00000| Untracked 
|  30|0x00000000a3e00000, 0x00000000a3e00000, 0x00000000a3f00000|  0%| F|  |TAMS 0x00000000a3e00000, 0x00000000a3e00000| Untracked 
|  31|0x00000000a3f00000, 0x00000000a3f00000, 0x00000000a4000000|  0%| F|  |TAMS 0x00000000a3f00000, 0x00000000a3f00000| Untracked 
|  32|0x00000000a4000000, 0x00000000a4000000, 0x00000000a4100000|  0%| F|  |TAMS 0x00000000a4000000, 0x00000000a4000000| Untracked 
|  33|0x00000000a4100000, 0x00000000a4100000, 0x00000000a4200000|  0%| F|  |TAMS 0x00000000a4100000, 0x00000000a4100000| Untracked 
|  34|0x00000000a4200000, 0x00000000a4200000, 0x00000000a4300000|  0%| F|  |TAMS 0x00000000a4200000, 0x00000000a4200000| Untracked 
|  35|0x00000000a4300000, 0x00000000a4300000, 0x00000000a4400000|  0%| F|  |TAMS 0x00000000a4300000, 0x00000000a4300000| Untracked 
|  36|0x00000000a4400000, 0x00000000a4400000, 0x00000000a4500000|  0%| F|  |TAMS 0x00000000a4400000, 0x00000000a4400000| Untracked 
|  37|0x00000000a4500000, 0x00000000a4500000, 0x00000000a4600000|  0%| F|  |TAMS 0x00000000a4500000, 0x00000000a4500000| Untracked 
|  38|0x00000000a4600000, 0x00000000a4600000, 0x00000000a4700000|  0%| F|  |TAMS 0x00000000a4600000, 0x00000000a4600000| Untracked 
|  39|0x00000000a4700000, 0x00000000a4700000, 0x00000000a4800000|  0%| F|  |TAMS 0x00000000a4700000, 0x00000000a4700000| Untracked 
|  40|0x00000000a4800000, 0x00000000a4800000, 0x00000000a4900000|  0%| F|  |TAMS 0x00000000a4800000, 0x00000000a4800000| Untracked 
|  41|0x00000000a4900000, 0x00000000a4900000, 0x00000000a4a00000|  0%| F|  |TAMS 0x00000000a4900000, 0x00000000a4900000| Untracked 
|  42|0x00000000a4a00000, 0x00000000a4a00000, 0x00000000a4b00000|  0%| F|  |TAMS 0x00000000a4a00000, 0x00000000a4a00000| Untracked 
|  43|0x00000000a4b00000, 0x00000000a4b00000, 0x00000000a4c00000|  0%| F|  |TAMS 0x00000000a4b00000, 0x00000000a4b00000| Untracked 
|  44|0x00000000a4c00000, 0x00000000a4c00000, 0x00000000a4d00000|  0%| F|  |TAMS 0x00000000a4c00000, 0x00000000a4c00000| Untracked 
|  45|0x00000000a4d00000, 0x00000000a4d00000, 0x00000000a4e00000|  0%| F|  |TAMS 0x00000000a4d00000, 0x00000000a4d00000| Untracked 
|  46|0x00000000a4e00000, 0x00000000a4e00000, 0x00000000a4f00000|  0%| F|  |TAMS 0x00000000a4e00000, 0x00000000a4e00000| Untracked 
|  47|0x00000000a4f00000, 0x00000000a4f00000, 0x00000000a5000000|  0%| F|  |TAMS 0x00000000a4f00000, 0x00000000a4f00000| Untracked 
|  48|0x00000000a5000000, 0x00000000a5000000, 0x00000000a5100000|  0%| F|  |TAMS 0x00000000a5000000, 0x00000000a5000000| Untracked 
|  49|0x00000000a5100000, 0x00000000a5100000, 0x00000000a5200000|  0%| F|  |TAMS 0x00000000a5100000, 0x00000000a5100000| Untracked 
|  50|0x00000000a5200000, 0x00000000a5200000, 0x00000000a5300000|  0%| F|  |TAMS 0x00000000a5200000, 0x00000000a5200000| Untracked 
|  51|0x00000000a5300000, 0x00000000a5300000, 0x00000000a5400000|  0%| F|  |TAMS 0x00000000a5300000, 0x00000000a5300000| Untracked 
|  52|0x00000000a5400000, 0x00000000a5400000, 0x00000000a5500000|  0%| F|  |TAMS 0x00000000a5400000, 0x00000000a5400000| Untracked 
|  53|0x00000000a5500000, 0x00000000a5500000, 0x00000000a5600000|  0%| F|  |TAMS 0x00000000a5500000, 0x00000000a5500000| Untracked 
|  54|0x00000000a5600000, 0x00000000a5600000, 0x00000000a5700000|  0%| F|  |TAMS 0x00000000a5600000, 0x00000000a5600000| Untracked 
|  55|0x00000000a5700000, 0x00000000a5700000, 0x00000000a5800000|  0%| F|  |TAMS 0x00000000a5700000, 0x00000000a5700000| Untracked 
|  56|0x00000000a5800000, 0x00000000a5800000, 0x00000000a5900000|  0%| F|  |TAMS 0x00000000a5800000, 0x00000000a5800000| Untracked 
|  57|0x00000000a5900000, 0x00000000a5900000, 0x00000000a5a00000|  0%| F|  |TAMS 0x00000000a5900000, 0x00000000a5900000| Untracked 
|  58|0x00000000a5a00000, 0x00000000a5a00000, 0x00000000a5b00000|  0%| F|  |TAMS 0x00000000a5a00000, 0x00000000a5a00000| Untracked 
|  59|0x00000000a5b00000, 0x00000000a5b00000, 0x00000000a5c00000|  0%| F|  |TAMS 0x00000000a5b00000, 0x00000000a5b00000| Untracked 
|  60|0x00000000a5c00000, 0x00000000a5c00000, 0x00000000a5d00000|  0%| F|  |TAMS 0x00000000a5c00000, 0x00000000a5c00000| Untracked 
|  61|0x00000000a5d00000, 0x00000000a5d00000, 0x00000000a5e00000|  0%| F|  |TAMS 0x00000000a5d00000, 0x00000000a5d00000| Untracked 
|  62|0x00000000a5e00000, 0x00000000a5e00000, 0x00000000a5f00000|  0%| F|  |TAMS 0x00000000a5e00000, 0x00000000a5e00000| Untracked 
|  63|0x00000000a5f00000, 0x00000000a5f00000, 0x00000000a6000000|  0%| F|  |TAMS 0x00000000a5f00000, 0x00000000a5f00000| Untracked 
|  64|0x00000000a6000000, 0x00000000a6000000, 0x00000000a6100000|  0%| F|  |TAMS 0x00000000a6000000, 0x00000000a6000000| Untracked 
|  65|0x00000000a6100000, 0x00000000a6100000, 0x00000000a6200000|  0%| F|  |TAMS 0x00000000a6100000, 0x00000000a6100000| Untracked 
|  66|0x00000000a6200000, 0x00000000a6200000, 0x00000000a6300000|  0%| F|  |TAMS 0x00000000a6200000, 0x00000000a6200000| Untracked 
|  67|0x00000000a6300000, 0x00000000a6300000, 0x00000000a6400000|  0%| F|  |TAMS 0x00000000a6300000, 0x00000000a6300000| Untracked 
|  68|0x00000000a6400000, 0x00000000a6400000, 0x00000000a6500000|  0%| F|  |TAMS 0x00000000a6400000, 0x00000000a6400000| Untracked 
|  69|0x00000000a6500000, 0x00000000a6500000, 0x00000000a6600000|  0%| F|  |TAMS 0x00000000a6500000, 0x00000000a6500000| Untracked 
|  70|0x00000000a6600000, 0x00000000a6600000, 0x00000000a6700000|  0%| F|  |TAMS 0x00000000a6600000, 0x00000000a6600000| Untracked 
|  71|0x00000000a6700000, 0x00000000a6700000, 0x00000000a6800000|  0%| F|  |TAMS 0x00000000a6700000, 0x00000000a6700000| Untracked 
|  72|0x00000000a6800000, 0x00000000a6800000, 0x00000000a6900000|  0%| F|  |TAMS 0x00000000a6800000, 0x00000000a6800000| Untracked 
|  73|0x00000000a6900000, 0x00000000a6900000, 0x00000000a6a00000|  0%| F|  |TAMS 0x00000000a6900000, 0x00000000a6900000| Untracked 
|  74|0x00000000a6a00000, 0x00000000a6a00000, 0x00000000a6b00000|  0%| F|  |TAMS 0x00000000a6a00000, 0x00000000a6a00000| Untracked 
|  75|0x00000000a6b00000, 0x00000000a6b00000, 0x00000000a6c00000|  0%| F|  |TAMS 0x00000000a6b00000, 0x00000000a6b00000| Untracked 
|  76|0x00000000a6c00000, 0x00000000a6c00000, 0x00000000a6d00000|  0%| F|  |TAMS 0x00000000a6c00000, 0x00000000a6c00000| Untracked 
|  77|0x00000000a6d00000, 0x00000000a6d00000, 0x00000000a6e00000|  0%| F|  |TAMS 0x00000000a6d00000, 0x00000000a6d00000| Untracked 
|  78|0x00000000a6e00000, 0x00000000a6ed9320, 0x00000000a6f00000| 84%| S|CS|TAMS 0x00000000a6e00000, 0x00000000a6e00000| Complete 
|  79|0x00000000a6f00000, 0x00000000a7000000, 0x00000000a7000000|100%| S|CS|TAMS 0x00000000a6f00000, 0x00000000a6f00000| Complete 
|  80|0x00000000a7000000, 0x00000000a7000000, 0x00000000a7100000|  0%| F|  |TAMS 0x00000000a7000000, 0x00000000a7000000| Untracked 
|  81|0x00000000a7100000, 0x00000000a715cb68, 0x00000000a7200000| 36%| E|  |TAMS 0x00000000a7100000, 0x00000000a7100000| Complete 
|  82|0x00000000a7200000, 0x00000000a7300000, 0x00000000a7300000|100%| E|CS|TAMS 0x00000000a7200000, 0x00000000a7200000| Complete 
|  83|0x00000000a7300000, 0x00000000a7400000, 0x00000000a7400000|100%| E|CS|TAMS 0x00000000a7300000, 0x00000000a7300000| Complete 
|  84|0x00000000a7400000, 0x00000000a7500000, 0x00000000a7500000|100%| E|CS|TAMS 0x00000000a7400000, 0x00000000a7400000| Complete 
|  85|0x00000000a7500000, 0x00000000a7600000, 0x00000000a7600000|100%| E|CS|TAMS 0x00000000a7500000, 0x00000000a7500000| Complete 
|  86|0x00000000a7600000, 0x00000000a7700000, 0x00000000a7700000|100%| E|CS|TAMS 0x00000000a7600000, 0x00000000a7600000| Complete 
|  87|0x00000000a7700000, 0x00000000a7800000, 0x00000000a7800000|100%| E|CS|TAMS 0x00000000a7700000, 0x00000000a7700000| Complete 
|  88|0x00000000a7800000, 0x00000000a7900000, 0x00000000a7900000|100%| E|CS|TAMS 0x00000000a7800000, 0x00000000a7800000| Complete 
|  89|0x00000000a7900000, 0x00000000a7a00000, 0x00000000a7a00000|100%| E|CS|TAMS 0x00000000a7900000, 0x00000000a7900000| Complete 
|  90|0x00000000a7a00000, 0x00000000a7b00000, 0x00000000a7b00000|100%| E|CS|TAMS 0x00000000a7a00000, 0x00000000a7a00000| Complete 
|  91|0x00000000a7b00000, 0x00000000a7c00000, 0x00000000a7c00000|100%| E|CS|TAMS 0x00000000a7b00000, 0x00000000a7b00000| Complete 
|  92|0x00000000a7c00000, 0x00000000a7d00000, 0x00000000a7d00000|100%| E|CS|TAMS 0x00000000a7c00000, 0x00000000a7c00000| Complete 
|  93|0x00000000a7d00000, 0x00000000a7e00000, 0x00000000a7e00000|100%| E|CS|TAMS 0x00000000a7d00000, 0x00000000a7d00000| Complete 

Card table byte_map: [0x00007f1f30460000,0x00007f1f30750000] _byte_map_base: 0x00007f1f2ff50000

Marking Bits (Prev, Next): (CMBitMap*) 0x00007f1f48058e08, (CMBitMap*) 0x00007f1f48058e40
 Prev Bits: [0x00007f1f2a880000, 0x00007f1f2c000000)
 Next Bits: [0x00007f1f29100000, 0x00007f1f2a880000)

Polling page: 0x00007f1f4fb33000

Metaspace:

Usage:
  Non-class:     17,22 MB capacity,    16,82 MB ( 98%) used,   348,01 KB (  2%) free+waste,    57,12 KB ( <1%) overhead. 
      Class:      2,33 MB capacity,     2,08 MB ( 89%) used,   229,69 KB ( 10%) free+waste,    30,12 KB (  1%) overhead. 
       Both:     19,55 MB capacity,    18,90 MB ( 97%) used,   577,70 KB (  3%) free+waste,    87,25 KB ( <1%) overhead. 

Virtual space:
  Non-class space:       18,00 MB reserved,      17,50 MB ( 97%) committed 
      Class space:        1,00 GB reserved,       2,38 MB ( <1%) committed 
             Both:        1,02 GB reserved,      19,88 MB (  2%) committed 

Chunk freelists:
   Non-Class:  5,88 KB
       Class:  1,25 KB
        Both:  7,12 KB

CodeHeap 'non-profiled nmethods': size=120036Kb used=636Kb max_used=636Kb free=119399Kb
 bounds [0x00007f1f38709000, 0x00007f1f38979000, 0x00007f1f3fc42000]
CodeHeap 'profiled nmethods': size=120032Kb used=3314Kb max_used=3314Kb free=116717Kb
 bounds [0x00007f1f311d1000, 0x00007f1f31511000, 0x00007f1f38709000]
CodeHeap 'non-nmethods': size=5692Kb used=1217Kb max_used=1242Kb free=4474Kb
 bounds [0x00007f1f30c42000, 0x00007f1f30eb2000, 0x00007f1f311d1000]
 total_blobs=2603 nmethods=1642 adapters=531
 compilation: enabled
              stopped_count=0, restarted_count=0
 full_count=0

Compilation events (10 events):
Event: 14,590 Thread 0x00007f1f4813b800 1638       3       java.nio.CharBuffer::limit (8 bytes)
Event: 14,590 Thread 0x00007f1f4813b800 nmethod 1638 0x00007f1f3150ad10 code [0x00007f1f3150aec0, 0x00007f1f3150b068]
Event: 17,592 Thread 0x00007f1f4813b800 1639  s    3       java.lang.StringBuffer::toString (59 bytes)
Event: 17,592 Thread 0x00007f1f4813b800 nmethod 1639 0x00007f1f3150b110 code [0x00007f1f3150b340, 0x00007f1f3150bc38]
Event: 19,215 Thread 0x00007f1f4813b800 1640       3       java.lang.invoke.VarForm::getMemberName (21 bytes)
Event: 19,216 Thread 0x00007f1f4813b800 nmethod 1640 0x00007f1f3150be90 code [0x00007f1f3150c060, 0x00007f1f3150c2e8]
Event: 22,688 Thread 0x00007f1f4813b800 1641       3       java.util.logging.LogManager::checkPermission (16 bytes)
Event: 22,689 Thread 0x00007f1f4813b800 nmethod 1641 0x00007f1f3150c410 code [0x00007f1f3150c5e0, 0x00007f1f3150c908]
Event: 22,689 Thread 0x00007f1f4813b800 1642       3       java.util.logging.Logger::updateEffectiveLevel (126 bytes)
Event: 22,689 Thread 0x00007f1f4813b800 nmethod 1642 0x00007f1f3150ca10 code [0x00007f1f3150cc60, 0x00007f1f3150d728]

GC Heap History (6 events):
Event: 1,094 GC heap before
{Heap before GC invocations=0 (full 0):
 garbage-first heap   total 96256K, used 7168K [0x00000000a2000000, 0x0000000100000000)
  region size 1024K, 7 young (7168K), 0 survivors (0K)
 Metaspace       used 10867K, capacity 11155K, committed 11520K, reserved 1058816K
  class space    used 1052K, capacity 1169K, committed 1280K, reserved 1048576K
}
Event: 1,100 GC heap after
{Heap after GC invocations=1 (full 0):
 garbage-first heap   total 96256K, used 1989K [0x00000000a2000000, 0x0000000100000000)
  region size 1024K, 1 young (1024K), 1 survivors (1024K)
 Metaspace       used 10867K, capacity 11155K, committed 11520K, reserved 1058816K
  class space    used 1052K, capacity 1169K, committed 1280K, reserved 1048576K
}
Event: 1,444 GC heap before
{Heap before GC invocations=1 (full 0):
 garbage-first heap   total 96256K, used 7109K [0x00000000a2000000, 0x0000000100000000)
  region size 1024K, 6 young (6144K), 1 survivors (1024K)
 Metaspace       used 14902K, capacity 15373K, committed 15616K, reserved 1062912K
  class space    used 1547K, capacity 1752K, committed 1792K, reserved 1048576K
}
Event: 1,450 GC heap after
{Heap after GC invocations=2 (full 0):
 garbage-first heap   total 96256K, used 3241K [0x00000000a2000000, 0x0000000100000000)
  region size 1024K, 1 young (1024K), 1 survivors (1024K)
 Metaspace       used 14902K, capacity 15373K, committed 15616K, reserved 1062912K
  class space    used 1547K, capacity 1752K, committed 1792K, reserved 1048576K
}
Event: 2,284 GC heap before
{Heap before GC invocations=2 (full 0):
 garbage-first heap   total 96256K, used 16553K [0x00000000a2000000, 0x0000000100000000)
  region size 1024K, 14 young (14336K), 1 survivors (1024K)
 Metaspace       used 18386K, capacity 18893K, committed 19200K, reserved 1067008K
  class space    used 1997K, capacity 2223K, committed 2304K, reserved 1048576K
}
Event: 2,291 GC heap after
{Heap after GC invocations=3 (full 0):
 garbage-first heap   total 96256K, used 4110K [0x00000000a2000000, 0x0000000100000000)
  region size 1024K, 2 young (2048K), 2 survivors (2048K)
 Metaspace       used 18386K, capacity 18893K, committed 19200K, reserved 1067008K
  class space    used 1997K, capacity 2223K, committed 2304K, reserved 1048576K
}

Deoptimization events (10 events):
Event: 1,871 Thread 0x00007f1f48355000 Uncommon trap: reason=class_check action=maybe_recompile pc=0x00007f1f3875e430 method=java.util.regex.Matcher.match(II)Z @ 121 c2
Event: 1,957 Thread 0x00007f1f48355000 Uncommon trap: reason=class_check action=maybe_recompile pc=0x00007f1f3874eef8 method=java.util.HashMap.putVal(ILjava/lang/Object;Ljava/lang/Object;ZZ)Ljava/lang/Object; @ 253 c2
Event: 1,958 Thread 0x00007f1f48355000 Uncommon trap: reason=class_check action=maybe_recompile pc=0x00007f1f3874eef8 method=java.util.HashMap.putVal(ILjava/lang/Object;Ljava/lang/Object;ZZ)Ljava/lang/Object; @ 253 c2
Event: 1,958 Thread 0x00007f1f48355000 Uncommon trap: reason=class_check action=maybe_recompile pc=0x00007f1f3874eef8 method=java.util.HashMap.putVal(ILjava/lang/Object;Ljava/lang/Object;ZZ)Ljava/lang/Object; @ 253 c2
Event: 1,958 Thread 0x00007f1f48355000 Uncommon trap: reason=class_check action=maybe_recompile pc=0x00007f1f3874eef8 method=java.util.HashMap.putVal(ILjava/lang/Object;Ljava/lang/Object;ZZ)Ljava/lang/Object; @ 253 c2
Event: 2,161 Thread 0x00007f1f48355000 Uncommon trap: reason=class_check action=maybe_recompile pc=0x00007f1f3875e430 method=java.util.regex.Matcher.match(II)Z @ 121 c2
Event: 2,292 Thread 0x00007f1f48125000 Uncommon trap: reason=unstable_if action=reinterpret pc=0x00007f1f387734d4 method=java.util.WeakHashMap.expungeStaleEntries()V @ 9 c2
Event: 2,580 Thread 0x00007f1f48355000 Uncommon trap: reason=intrinsic_or_type_checked_inlining action=make_not_entrant pc=0x00007f1f38773ef0 method=java.util.Arrays.copyOf([Ljava/lang/Object;ILjava/lang/Class;)[Ljava/lang/Object; @ 35 c2
Event: 6,768 Thread 0x00007f1f1c001000 Uncommon trap: reason=null_check action=make_not_entrant pc=0x00007f1f38793f74 method=com.sun.jna.Native.getNativeSize(Ljava/lang/Class;Ljava/lang/Object;)I @ 64 c2
Event: 11,767 Thread 0x00007f1f1c001000 Uncommon trap: reason=null_check action=make_not_entrant pc=0x00007f1f387a1828 method=com.sun.jna.Native.getNativeSize(Ljava/lang/Class;)I @ 4 c2

Classes redefined (0 events):
No events

Internal exceptions (10 events):
Event: 1,755 Thread 0x00007f1f48355000 Exception <a 'java/lang/NoSuchMethodError'{0x00000000a79bfe10}: java.lang.invoke.DirectMethodHandle$Holder.invokeStaticInit(Ljava/lang/Object;Ljava/lang/Object;)V> (0x00000000a79bfe10) thrown at [/scratch/opt/mach5/mesos/work_dir/slaves/2dd962d0-8988-479b
Event: 1,758 Thread 0x00007f1f48355000 Exception <a 'java/lang/NoSuchMethodError'{0x00000000a79c5710}: java.lang.invoke.DirectMethodHandle$Holder.invokeStaticInit(Ljava/lang/Object;Ljava/lang/Object;)I> (0x00000000a79c5710) thrown at [/scratch/opt/mach5/mesos/work_dir/slaves/2dd962d0-8988-479b
Event: 1,804 Thread 0x00007f1f48355000 Exception <a 'java/lang/UnsatisfiedLinkError'{0x00000000a775c4b8}: libvlc.so: Ne peut ouvrir le fichier d'objet partagé: Aucun fichier ou dossier de ce type> (0x00000000a775c4b8) thrown at [/scratch/opt/mach5/mesos/work_dir/slaves/2dd962d0-8988-479b-a804
Event: 1,804 Thread 0x00007f1f48355000 Exception <a 'java/lang/UnsatisfiedLinkError'{0x00000000a775e910}: libvlc.so: Ne peut ouvrir le fichier d'objet partagé: Aucun fichier ou dossier de ce type> (0x00000000a775e910) thrown at [/scratch/opt/mach5/mesos/work_dir/slaves/2dd962d0-8988-479b-a804
Event: 1,955 Thread 0x00007f1f48355000 Exception <a 'java/lang/NoSuchMethodError'{0x00000000a731d0d8}: java.lang.invoke.DirectMethodHandle$Holder.invokeStaticInit(Ljava/lang/Object;)V> (0x00000000a731d0d8) thrown at [/scratch/opt/mach5/mesos/work_dir/slaves/2dd962d0-8988-479b-a804-57ab764ada59
Event: 1,978 Thread 0x00007f1f48355000 Exception <a 'java/lang/NoSuchMethodError'{0x00000000a7370420}: java.lang.invoke.DirectMethodHandle$Holder.invokeStatic(Ljava/lang/Object;Ljava/lang/Object;Ljava/lang/Object;Ljava/lang/Object;Ljava/lang/Object;Ljava/lang/Object;Ljava/lang/Object;Ljava/lan
Event: 1,979 Thread 0x00007f1f48355000 Exception <a 'java/lang/NoSuchMethodError'{0x00000000a737d070}: java.lang.invoke.DirectMethodHandle$Holder.invokeStatic(Ljava/lang/Object;Ljava/lang/Object;Ljava/lang/Object;Ljava/lang/Object;Ljava/lang/Object;Ljava/lang/Object;Ljava/lang/Object;Ljava/lan
Event: 6,768 Thread 0x00007f1f1c001000 Implicit null exception at 0x00007f1f38792e99 to 0x00007f1f38793f5e
Event: 11,767 Thread 0x00007f1f1c001000 Implicit null exception at 0x00007f1f3879f676 to 0x00007f1f387a181a
Event: 19,204 Thread 0x00007f1f48355000 Exception <a 'java/lang/UnsupportedOperationException'{0x00000000a79b3ce8}: > (0x00000000a79b3ce8) thrown at [/scratch/opt/mach5/mesos/work_dir/slaves/2dd962d0-8988-479b-a804-57ab764ada59-S1222/frameworks/1735e8a2-a1db-478c-8104-60c8b0af87dd-0196/executor

Events (10 events):
Event: 22,687 loading class java/awt/peer/SystemTrayPeer done
Event: 22,687 loading class sun/awt/X11/XSystemTrayPeer done
Event: 22,688 Executing VM operation: RevokeBias done
Event: 22,688 Thread 0x00007f1f1c063000 Thread exited: 0x00007f1f1c063000
Event: 22,690 Executing VM operation: RevokeBias
Event: 22,690 Executing VM operation: RevokeBias done
Event: 22,690 Executing VM operation: RevokeBias
Event: 22,690 Executing VM operation: RevokeBias done
Event: 22,690 Thread 0x00007f1f1c024800 Thread exited: 0x00007f1f1c024800
Event: 22,691 Executing VM operation: Exit


Dynamic libraries:
00400000-00401000 r-xp 00000000 08:01 4849800                            /usr/lib/jvm/jdk-11.0.2/bin/java
00600000-00601000 r--p 00000000 08:01 4849800                            /usr/lib/jvm/jdk-11.0.2/bin/java
00601000-00602000 rw-p 00001000 08:01 4849800                            /usr/lib/jvm/jdk-11.0.2/bin/java
025dc000-027a7000 rw-p 00000000 00:00 0                                  [heap]
a2000000-a7e00000 rw-p 00000000 00:00 0 
a7e00000-100000000 ---p 00000000 00:00 0 
100000000-100260000 rw-p 00000000 00:00 0 
100260000-140000000 ---p 00000000 00:00 0 
7f1eb1152000-7f1eb194b000 rw-p 00000000 00:00 0 
7f1eb194b000-7f1eb234b000 rwxp 00000000 00:00 0 
7f1eb2cc2000-7f1eb72ac000 rw-p 00000000 00:00 0 
7f1eb763d000-7f1eb7675000 r-xp 00000000 08:01 4220282                    /usr/lib/x86_64-linux-gnu/s2tc/libtxc_dxtn.so
7f1eb7675000-7f1eb7875000 ---p 00038000 08:01 4220282                    /usr/lib/x86_64-linux-gnu/s2tc/libtxc_dxtn.so
7f1eb7875000-7f1eb7876000 r--p 00038000 08:01 4220282                    /usr/lib/x86_64-linux-gnu/s2tc/libtxc_dxtn.so
7f1eb7876000-7f1eb7877000 rw-p 00039000 08:01 4220282                    /usr/lib/x86_64-linux-gnu/s2tc/libtxc_dxtn.so
7f1eb7877000-7f1eb7878000 ---p 00000000 00:00 0 
7f1eb7878000-7f1eb8078000 rw-p 00000000 00:00 0 
7f1eb8078000-7f1eb8079000 ---p 00000000 00:00 0 
7f1eb8079000-7f1eb8879000 rw-p 00000000 00:00 0 
7f1eb8879000-7f1eb889b000 r-xp 00000000 08:01 786486                     /lib/x86_64-linux-gnu/libncurses.so.5.9
7f1eb889b000-7f1eb8a9a000 ---p 00022000 08:01 786486                     /lib/x86_64-linux-gnu/libncurses.so.5.9
7f1eb8a9a000-7f1eb8a9b000 r--p 00021000 08:01 786486                     /lib/x86_64-linux-gnu/libncurses.so.5.9
7f1eb8a9b000-7f1eb8a9c000 rw-p 00022000 08:01 786486                     /lib/x86_64-linux-gnu/libncurses.so.5.9
7f1eb8a9c000-7f1eb8ac2000 r-xp 00000000 08:01 786524                     /lib/x86_64-linux-gnu/libtinfo.so.5.9
7f1eb8ac2000-7f1eb8cc1000 ---p 00026000 08:01 786524                     /lib/x86_64-linux-gnu/libtinfo.so.5.9
7f1eb8cc1000-7f1eb8cc5000 r--p 00025000 08:01 786524                     /lib/x86_64-linux-gnu/libtinfo.so.5.9
7f1eb8cc5000-7f1eb8cc6000 rw-p 00029000 08:01 786524                     /lib/x86_64-linux-gnu/libtinfo.so.5.9
7f1eb8cc6000-7f1eb8cf7000 r-xp 00000000 08:01 4205843                    /usr/lib/x86_64-linux-gnu/libedit.so.2.0.55
7f1eb8cf7000-7f1eb8ef7000 ---p 00031000 08:01 4205843                    /usr/lib/x86_64-linux-gnu/libedit.so.2.0.55
7f1eb8ef7000-7f1eb8ef9000 r--p 00031000 08:01 4205843                    /usr/lib/x86_64-linux-gnu/libedit.so.2.0.55
7f1eb8ef9000-7f1eb8efa000 rw-p 00033000 08:01 4205843                    /usr/lib/x86_64-linux-gnu/libedit.so.2.0.55
7f1eb8efa000-7f1eb8efe000 rw-p 00000000 00:00 0 
7f1eb8efe000-7f1ebb7c6000 r-xp 00000000 08:01 4217763                    /usr/lib/x86_64-linux-gnu/libLLVM-3.9.so.1
7f1ebb7c6000-7f1ebbab5000 r--p 028c7000 08:01 4217763                    /usr/lib/x86_64-linux-gnu/libLLVM-3.9.so.1
7f1ebbab5000-7f1ebbada000 rw-p 02bb6000 08:01 4217763                    /usr/lib/x86_64-linux-gnu/libLLVM-3.9.so.1
7f1ebbada000-7f1ebbb1e000 rw-p 00000000 00:00 0 
7f1ebbb1e000-7f1ebbb35000 r-xp 00000000 08:01 4198795                    /usr/lib/x86_64-linux-gnu/libelf-0.168.so
7f1ebbb35000-7f1ebbd34000 ---p 00017000 08:01 4198795                    /usr/lib/x86_64-linux-gnu/libelf-0.168.so
7f1ebbd34000-7f1ebbd35000 r--p 00016000 08:01 4198795                    /usr/lib/x86_64-linux-gnu/libelf-0.168.so
7f1ebbd35000-7f1ebbd36000 rw-p 00017000 08:01 4198795                    /usr/lib/x86_64-linux-gnu/libelf-0.168.so
7f1ebbd36000-7f1ebbd3f000 r-xp 00000000 08:01 4217660                    /usr/lib/x86_64-linux-gnu/libdrm_amdgpu.so.1.0.0
7f1ebbd3f000-7f1ebbf3e000 ---p 00009000 08:01 4217660                    /usr/lib/x86_64-linux-gnu/libdrm_amdgpu.so.1.0.0
7f1ebbf3e000-7f1ebbf3f000 r--p 00008000 08:01 4217660                    /usr/lib/x86_64-linux-gnu/libdrm_amdgpu.so.1.0.0
7f1ebbf3f000-7f1ebbf40000 rw-p 00009000 08:01 4217660                    /usr/lib/x86_64-linux-gnu/libdrm_amdgpu.so.1.0.0
7f1ebbf40000-7f1ebbf4b000 r-xp 00000000 08:01 4217665                    /usr/lib/x86_64-linux-gnu/libdrm_radeon.so.1.0.1
7f1ebbf4b000-7f1ebc14a000 ---p 0000b000 08:01 4217665                    /usr/lib/x86_64-linux-gnu/libdrm_radeon.so.1.0.1
7f1ebc14a000-7f1ebc14b000 r--p 0000a000 08:01 4217665                    /usr/lib/x86_64-linux-gnu/libdrm_radeon.so.1.0.1
7f1ebc14b000-7f1ebc14c000 rw-p 0000b000 08:01 4217665                    /usr/lib/x86_64-linux-gnu/libdrm_radeon.so.1.0.1
7f1ebc14c000-7f1ebc153000 r-xp 00000000 08:01 4217662                    /usr/lib/x86_64-linux-gnu/libdrm_nouveau.so.2.0.0
7f1ebc153000-7f1ebc352000 ---p 00007000 08:01 4217662                    /usr/lib/x86_64-linux-gnu/libdrm_nouveau.so.2.0.0
7f1ebc352000-7f1ebc353000 r--p 00006000 08:01 4217662                    /usr/lib/x86_64-linux-gnu/libdrm_nouveau.so.2.0.0
7f1ebc353000-7f1ebc354000 rw-p 00007000 08:01 4217662                    /usr/lib/x86_64-linux-gnu/libdrm_nouveau.so.2.0.0
7f1ebc354000-7f1ebc362000 r-xp 00000000 08:01 4217136                    /usr/lib/x86_64-linux-gnu/libsensors.so.4.4.0
7f1ebc362000-7f1ebc561000 ---p 0000e000 08:01 4217136                    /usr/lib/x86_64-linux-gnu/libsensors.so.4.4.0
7f1ebc561000-7f1ebc562000 r--p 0000d000 08:01 4217136                    /usr/lib/x86_64-linux-gnu/libsensors.so.4.4.0
7f1ebc562000-7f1ebc563000 rw-p 0000e000 08:01 4217136                    /usr/lib/x86_64-linux-gnu/libsensors.so.4.4.0
7f1ebc563000-7f1ebce9f000 r-xp 00000000 08:01 4217767                    /usr/lib/x86_64-linux-gnu/dri/swrast_dri.so
7f1ebce9f000-7f1ebd09e000 ---p 0093c000 08:01 4217767                    /usr/lib/x86_64-linux-gnu/dri/swrast_dri.so
7f1ebd09e000-7f1ebd0d9000 r--p 0093b000 08:01 4217767                    /usr/lib/x86_64-linux-gnu/dri/swrast_dri.so
7f1ebd0d9000-7f1ebd0e5000 rw-p 00976000 08:01 4217767                    /usr/lib/x86_64-linux-gnu/dri/swrast_dri.so
7f1ebd0e5000-7f1ebd2dc000 rw-p 00000000 00:00 0 
7f1ebd2dc000-7f1ebd306000 r-xp 00000000 08:01 4203425                    /usr/lib/x86_64-linux-gnu/libglapi.so.0.0.0
7f1ebd306000-7f1ebd505000 ---p 0002a000 08:01 4203425                    /usr/lib/x86_64-linux-gnu/libglapi.so.0.0.0
7f1ebd505000-7f1ebd509000 r--p 00029000 08:01 4203425                    /usr/lib/x86_64-linux-gnu/libglapi.so.0.0.0
7f1ebd509000-7f1ebd50a000 rw-p 0002d000 08:01 4203425                    /usr/lib/x86_64-linux-gnu/libglapi.so.0.0.0
7f1ebd50a000-7f1ebd50b000 rw-p 00000000 00:00 0 
7f1ebed9e000-7f1ebed9f000 ---p 00000000 00:00 0 
7f1ebed9f000-7f1ebee9f000 rw-p 00000000 00:00 0 
7f1ec15ab000-7f1ec55ab000 rw-s 00000000 00:05 706767                     /memfd:pulseaudio (deleted)
7f1ec55ab000-7f1ec55ac000 ---p 00000000 00:00 0 
7f1ec55ac000-7f1ec55b0000 ---p 00000000 00:00 0 
7f1ec55b0000-7f1ec56ac000 rw-p 00000000 00:00 0 
7f1ec579d000-7f1ec579e000 ---p 00000000 00:00 0 
7f1ec579e000-7f1ec589e000 rw-p 00000000 00:00 0 
7f1ec5ebf000-7f1ec9ebf000 rw-s 00000000 00:05 21676                      /memfd:pulseaudio (deleted)
7f1ec9ebf000-7f1ecdebf000 rw-s 00000000 00:05 706764                     /memfd:pulseaudio (deleted)
7f1ecdebf000-7f1ed1ebf000 rw-s 00000000 00:05 706764                     /memfd:pulseaudio (deleted)
7f1ed1ebf000-7f1ed1f78000 r--p 00000000 08:01 4458115                    /usr/share/fonts/truetype/dejavu/DejaVuSans.ttf
7f1ed1f78000-7f1ed1f79000 ---p 00000000 00:00 0 
7f1ed1f79000-7f1ed1f7a000 rw-p 00000000 00:00 0 
7f1ed1f7a000-7f1ed1f7e000 ---p 00000000 00:00 0 
7f1ed1f7e000-7f1ed2779000 rw-p 00000000 00:00 0 
7f1ed2ba4000-7f1ed2ba8000 ---p 00000000 00:00 0 
7f1ed2ba8000-7f1ed2ca5000 rw-p 00000000 00:00 0 
7f1ed31a1000-7f1ed31a5000 ---p 00000000 00:00 0 
7f1ed31a5000-7f1ed32a2000 rw-p 00000000 00:00 0 
7f1ed32a2000-7f1ed32a3000 ---p 00000000 00:00 0 
7f1ed32a3000-7f1ed32a4000 rw-p 00000000 00:00 0 
7f1ed32a4000-7f1ed32a8000 ---p 00000000 00:00 0 
7f1ed32a8000-7f1ed33a3000 rw-p 00000000 00:00 0 
7f1ed3df3000-7f1ed3df4000 ---p 00000000 00:00 0 
7f1ed3df4000-7f1ed3ef4000 rw-p 00000000 00:00 0 
7f1ed3ef4000-7f1ed3ef5000 ---p 00000000 00:00 0 
7f1ed3ef5000-7f1ed46f5000 rw-p 00000000 00:00 0 
7f1ed46f5000-7f1ed46f9000 ---p 00000000 00:00 0 
7f1ed46f9000-7f1ed47f6000 rw-p 00000000 00:00 0 
7f1ed47f6000-7f1ed47fa000 r-xp 00000000 08:01 3021730                    /tmp/1565347038890-libjSerialComm.so (deleted)
7f1ed47fa000-7f1ed49f9000 ---p 00004000 08:01 3021730                    /tmp/1565347038890-libjSerialComm.so (deleted)
7f1ed49f9000-7f1ed49fa000 r--p 00003000 08:01 3021730                    /tmp/1565347038890-libjSerialComm.so (deleted)
7f1ed49fa000-7f1ed49fb000 rw-p 00004000 08:01 3021730                    /tmp/1565347038890-libjSerialComm.so (deleted)
7f1ed4c28000-7f1ed4c36000 r-xp 00000000 08:01 4203423                    /usr/lib/x86_64-linux-gnu/libdrm.so.2.4.0
7f1ed4c36000-7f1ed4e36000 ---p 0000e000 08:01 4203423                    /usr/lib/x86_64-linux-gnu/libdrm.so.2.4.0
7f1ed4e36000-7f1ed4e37000 r--p 0000e000 08:01 4203423                    /usr/lib/x86_64-linux-gnu/libdrm.so.2.4.0
7f1ed4e37000-7f1ed4e38000 rw-p 0000f000 08:01 4203423                    /usr/lib/x86_64-linux-gnu/libdrm.so.2.4.0
7f1ed4e38000-7f1ed4e42000 r-xp 00000000 08:01 4207490                    /usr/lib/x86_64-linux-gnu/libnuma.so.1.0.0
7f1ed4e42000-7f1ed5041000 ---p 0000a000 08:01 4207490                    /usr/lib/x86_64-linux-gnu/libnuma.so.1.0.0
7f1ed5041000-7f1ed5042000 r--p 00009000 08:01 4207490                    /usr/lib/x86_64-linux-gnu/libnuma.so.1.0.0
7f1ed5042000-7f1ed5043000 rw-p 0000a000 08:01 4207490                    /usr/lib/x86_64-linux-gnu/libnuma.so.1.0.0
7f1ed54ac000-7f1ed562c000 rw-p 00000000 00:00 0 
7f1ed562c000-7f1ed56ac000 ---p 00000000 00:00 0 
7f1ed56ac000-7f1ed56ad000 ---p 00000000 00:00 0 
7f1ed56ad000-7f1ed5ead000 rw-p 00000000 00:00 0 
7f1ed8553000-7f1ed8f76000 r-xp 00000000 08:01 4207492                    /usr/lib/x86_64-linux-gnu/libx265.so.95
7f1ed8f76000-7f1ed9176000 ---p 00a23000 08:01 4207492                    /usr/lib/x86_64-linux-gnu/libx265.so.95
7f1ed9176000-7f1ed9179000 r--p 00a23000 08:01 4207492                    /usr/lib/x86_64-linux-gnu/libx265.so.95
7f1ed9179000-7f1ed917c000 rw-p 00a26000 08:01 4207492                    /usr/lib/x86_64-linux-gnu/libx265.so.95
7f1ed917c000-7f1ed9187000 rw-p 00000000 00:00 0 
7f1edc966000-7f1edc967000 r-xp 00000000 08:01 4202656                    /usr/lib/x86_64-linux-gnu/libgthread-2.0.so.0.5000.3
7f1edc967000-7f1edcb66000 ---p 00001000 08:01 4202656                    /usr/lib/x86_64-linux-gnu/libgthread-2.0.so.0.5000.3
7f1edcb66000-7f1edcb67000 r--p 00000000 08:01 4202656                    /usr/lib/x86_64-linux-gnu/libgthread-2.0.so.0.5000.3
7f1edcb67000-7f1edcb68000 rw-p 00001000 08:01 4202656                    /usr/lib/x86_64-linux-gnu/libgthread-2.0.so.0.5000.3
7f1ee0ea1000-7f1ee1aa2000 rw-p 00000000 00:00 0 
7f1ee28f4000-7f1ee290a000 r-xp 00000000 08:01 786436                     /lib/x86_64-linux-gnu/libgcc_s.so.1
7f1ee290a000-7f1ee2b09000 ---p 00016000 08:01 786436                     /lib/x86_64-linux-gnu/libgcc_s.so.1
7f1ee2b09000-7f1ee2b0a000 r--p 00015000 08:01 786436                     /lib/x86_64-linux-gnu/libgcc_s.so.1
7f1ee2b0a000-7f1ee2b0b000 rw-p 00016000 08:01 786436                     /lib/x86_64-linux-gnu/libgcc_s.so.1
7f1ee2b0b000-7f1ee2c7d000 r-xp 00000000 08:01 4199793                    /usr/lib/x86_64-linux-gnu/libstdc++.so.6.0.22
7f1ee2c7d000-7f1ee2e7d000 ---p 00172000 08:01 4199793                    /usr/lib/x86_64-linux-gnu/libstdc++.so.6.0.22
7f1ee2e7d000-7f1ee2e87000 r--p 00172000 08:01 4199793                    /usr/lib/x86_64-linux-gnu/libstdc++.so.6.0.22
7f1ee2e87000-7f1ee2e89000 rw-p 0017c000 08:01 4199793                    /usr/lib/x86_64-linux-gnu/libstdc++.so.6.0.22
7f1ee2e89000-7f1ee2e8d000 rw-p 00000000 00:00 0 
7f1ee2e8d000-7f1ee2eb4000 r-xp 00000000 08:01 786758                     /lib/x86_64-linux-gnu/libexpat.so.1.6.2
7f1ee2eb4000-7f1ee30b4000 ---p 00027000 08:01 786758                     /lib/x86_64-linux-gnu/libexpat.so.1.6.2
7f1ee30b4000-7f1ee30b6000 r--p 00027000 08:01 786758                     /lib/x86_64-linux-gnu/libexpat.so.1.6.2
7f1ee30b6000-7f1ee30b7000 rw-p 00029000 08:01 786758                     /lib/x86_64-linux-gnu/libexpat.so.1.6.2
7f1ee5dac000-7f1ee5dad000 ---p 00000000 00:00 0 
7f1ee5dad000-7f1ee5dae000 rw-p 00000000 00:00 0 
7f1ee5dae000-7f1ee5db2000 ---p 00000000 00:00 0 
7f1ee5db2000-7f1ee5ead000 rw-p 00000000 00:00 0 
7f1ee5ead000-7f1ee5eae000 ---p 00000000 00:00 0 
7f1ee5eae000-7f1ee5eaf000 rw-p 00000000 00:00 0 
7f1ee5eaf000-7f1ee5eb3000 ---p 00000000 00:00 0 
7f1ee5eb3000-7f1ee66ae000 rw-p 00000000 00:00 0 
7f1ee66ae000-7f1ee673b000 r-xp 00000000 08:01 4205227                    /usr/lib/x86_64-linux-gnu/libvorbisenc.so.2.0.11
7f1ee673b000-7f1ee693a000 ---p 0008d000 08:01 4205227                    /usr/lib/x86_64-linux-gnu/libvorbisenc.so.2.0.11
7f1ee693a000-7f1ee6956000 r--p 0008c000 08:01 4205227                    /usr/lib/x86_64-linux-gnu/libvorbisenc.so.2.0.11
7f1ee6956000-7f1ee6957000 rw-p 000a8000 08:01 4205227                    /usr/lib/x86_64-linux-gnu/libvorbisenc.so.2.0.11
7f1ee6957000-7f1ee6981000 r-xp 00000000 08:01 4205224                    /usr/lib/x86_64-linux-gnu/libvorbis.so.0.4.8
7f1ee6981000-7f1ee6b81000 ---p 0002a000 08:01 4205224                    /usr/lib/x86_64-linux-gnu/libvorbis.so.0.4.8
7f1ee6b81000-7f1ee6b82000 r--p 0002a000 08:01 4205224                    /usr/lib/x86_64-linux-gnu/libvorbis.so.0.4.8
7f1ee6b82000-7f1ee6b83000 rw-p 0002b000 08:01 4205224                    /usr/lib/x86_64-linux-gnu/libvorbis.so.0.4.8
7f1ee6b83000-7f1ee6b8a000 r-xp 00000000 08:01 4203381                    /usr/lib/x86_64-linux-gnu/libogg.so.0.8.2
7f1ee6b8a000-7f1ee6d8a000 ---p 00007000 08:01 4203381                    /usr/lib/x86_64-linux-gnu/libogg.so.0.8.2
7f1ee6d8a000-7f1ee6d8b000 r--p 00007000 08:01 4203381                    /usr/lib/x86_64-linux-gnu/libogg.so.0.8.2
7f1ee6d8b000-7f1ee6d8c000 rw-p 00008000 08:01 4203381                    /usr/lib/x86_64-linux-gnu/libogg.so.0.8.2
7f1ee6d8c000-7f1ee6e01000 r-xp 00000000 08:01 4205222                    /usr/lib/x86_64-linux-gnu/libFLAC.so.8.3.0
7f1ee6e01000-7f1ee7001000 ---p 00075000 08:01 4205222                    /usr/lib/x86_64-linux-gnu/libFLAC.so.8.3.0
7f1ee7001000-7f1ee7002000 r--p 00075000 08:01 4205222                    /usr/lib/x86_64-linux-gnu/libFLAC.so.8.3.0
7f1ee7002000-7f1ee7003000 rw-p 00076000 08:01 4205222                    /usr/lib/x86_64-linux-gnu/libFLAC.so.8.3.0
7f1ee7003000-7f1ee7008000 r-xp 00000000 08:01 4205220                    /usr/lib/x86_64-linux-gnu/libasyncns.so.0.3.1
7f1ee7008000-7f1ee7207000 ---p 00005000 08:01 4205220                    /usr/lib/x86_64-linux-gnu/libasyncns.so.0.3.1
7f1ee7207000-7f1ee7208000 r--p 00004000 08:01 4205220                    /usr/lib/x86_64-linux-gnu/libasyncns.so.0.3.1
7f1ee7208000-7f1ee7209000 rw-p 00005000 08:01 4205220                    /usr/lib/x86_64-linux-gnu/libasyncns.so.0.3.1
7f1ee7209000-7f1ee727c000 r-xp 00000000 08:01 4205229                    /usr/lib/x86_64-linux-gnu/libsndfile.so.1.0.27
7f1ee727c000-7f1ee747b000 ---p 00073000 08:01 4205229                    /usr/lib/x86_64-linux-gnu/libsndfile.so.1.0.27
7f1ee747b000-7f1ee747e000 r--p 00072000 08:01 4205229                    /usr/lib/x86_64-linux-gnu/libsndfile.so.1.0.27
7f1ee747e000-7f1ee747f000 rw-p 00075000 08:01 4205229                    /usr/lib/x86_64-linux-gnu/libsndfile.so.1.0.27
7f1ee747f000-7f1ee7481000 rw-p 00000000 00:00 0 
7f1ee7481000-7f1ee7489000 r-xp 00000000 08:01 787110                     /lib/x86_64-linux-gnu/libwrap.so.0.7.6
7f1ee7489000-7f1ee7689000 ---p 00008000 08:01 787110                     /lib/x86_64-linux-gnu/libwrap.so.0.7.6
7f1ee7689000-7f1ee768a000 r--p 00008000 08:01 787110                     /lib/x86_64-linux-gnu/libwrap.so.0.7.6
7f1ee768a000-7f1ee768b000 rw-p 00009000 08:01 787110                     /lib/x86_64-linux-gnu/libwrap.so.0.7.6
7f1ee768b000-7f1ee7692000 r-xp 00000000 08:01 4203190                    /usr/lib/x86_64-linux-gnu/libSM.so.6.0.1
7f1ee7692000-7f1ee7891000 ---p 00007000 08:01 4203190                    /usr/lib/x86_64-linux-gnu/libSM.so.6.0.1
7f1ee7891000-7f1ee7892000 r--p 00006000 08:01 4203190                    /usr/lib/x86_64-linux-gnu/libSM.so.6.0.1
7f1ee7892000-7f1ee7893000 rw-p 00007000 08:01 4203190                    /usr/lib/x86_64-linux-gnu/libSM.so.6.0.1
7f1ee7893000-7f1ee78aa000 r-xp 00000000 08:01 4203188                    /usr/lib/x86_64-linux-gnu/libICE.so.6.3.0
7f1ee78aa000-7f1ee7aaa000 ---p 00017000 08:01 4203188                    /usr/lib/x86_64-linux-gnu/libICE.so.6.3.0
7f1ee7aaa000-7f1ee7aab000 r--p 00017000 08:01 4203188                    /usr/lib/x86_64-linux-gnu/libICE.so.6.3.0
7f1ee7aab000-7f1ee7aac000 rw-p 00018000 08:01 4203188                    /usr/lib/x86_64-linux-gnu/libICE.so.6.3.0
7f1ee7aac000-7f1ee7ab0000 rw-p 00000000 00:00 0 
7f1ee7ab0000-7f1ee7ab1000 r-xp 00000000 08:01 4197588                    /usr/lib/x86_64-linux-gnu/libX11-xcb.so.1.0.0
7f1ee7ab1000-7f1ee7cb0000 ---p 00001000 08:01 4197588                    /usr/lib/x86_64-linux-gnu/libX11-xcb.so.1.0.0
7f1ee7cb0000-7f1ee7cb1000 r--p 00000000 08:01 4197588                    /usr/lib/x86_64-linux-gnu/libX11-xcb.so.1.0.0
7f1ee7cb1000-7f1ee7cb2000 rw-p 00001000 08:01 4197588                    /usr/lib/x86_64-linux-gnu/libX11-xcb.so.1.0.0
7f1ee7cb2000-7f1ee7cb6000 r-xp 00000000 08:01 786602                     /lib/x86_64-linux-gnu/libcap.so.2.25
7f1ee7cb6000-7f1ee7eb6000 ---p 00004000 08:01 786602                     /lib/x86_64-linux-gnu/libcap.so.2.25
7f1ee7eb6000-7f1ee7eb7000 r--p 00004000 08:01 786602                     /lib/x86_64-linux-gnu/libcap.so.2.25
7f1ee7eb7000-7f1ee7eb8000 rw-p 00005000 08:01 786602                     /lib/x86_64-linux-gnu/libcap.so.2.25
7f1ee7eb8000-7f1ee7f38000 r-xp 00000000 08:01 4330930                    /usr/lib/x86_64-linux-gnu/pulseaudio/libpulsecommon-10.0.so
7f1ee7f38000-7f1ee8138000 ---p 00080000 08:01 4330930                    /usr/lib/x86_64-linux-gnu/pulseaudio/libpulsecommon-10.0.so
7f1ee8138000-7f1ee813a000 r--p 00080000 08:01 4330930                    /usr/lib/x86_64-linux-gnu/pulseaudio/libpulsecommon-10.0.so
7f1ee813a000-7f1ee813b000 rw-p 00082000 08:01 4330930                    /usr/lib/x86_64-linux-gnu/pulseaudio/libpulsecommon-10.0.so
7f1ee813b000-7f1ee8189000 r-xp 00000000 08:01 4205236                    /usr/lib/x86_64-linux-gnu/libpulse.so.0.20.1
7f1ee8189000-7f1ee8389000 ---p 0004e000 08:01 4205236                    /usr/lib/x86_64-linux-gnu/libpulse.so.0.20.1
7f1ee8389000-7f1ee838b000 r--p 0004e000 08:01 4205236                    /usr/lib/x86_64-linux-gnu/libpulse.so.0.20.1
7f1ee838b000-7f1ee838c000 rw-p 00050000 08:01 4205236                    /usr/lib/x86_64-linux-gnu/libpulse.so.0.20.1
7f1ee899a000-7f1ee8a31000 r--p 00000000 08:01 4200488                    /usr/share/locale/fr/LC_MESSAGES/vlc.mo
7f1ee9181000-7f1ee9185000 ---p 00000000 00:00 0 
7f1ee9185000-7f1ee9282000 rw-p 00000000 00:00 0 
7f1ee9282000-7f1ee9295000 r-xp 00000000 08:01 786482                     /lib/x86_64-linux-gnu/libgpg-error.so.0.21.0
7f1ee9295000-7f1ee9494000 ---p 00013000 08:01 786482                     /lib/x86_64-linux-gnu/libgpg-error.so.0.21.0
7f1ee9494000-7f1ee9495000 r--p 00012000 08:01 786482                     /lib/x86_64-linux-gnu/libgpg-error.so.0.21.0
7f1ee9495000-7f1ee9496000 rw-p 00013000 08:01 786482                     /lib/x86_64-linux-gnu/libgpg-error.so.0.21.0
7f1ee9496000-7f1ee959d000 r-xp 00000000 08:01 786484                     /lib/x86_64-linux-gnu/libgcrypt.so.20.1.6
7f1ee959d000-7f1ee979d000 ---p 00107000 08:01 786484                     /lib/x86_64-linux-gnu/libgcrypt.so.20.1.6
7f1ee979d000-7f1ee979f000 r--p 00107000 08:01 786484                     /lib/x86_64-linux-gnu/libgcrypt.so.20.1.6
7f1ee979f000-7f1ee97a6000 rw-p 00109000 08:01 786484                     /lib/x86_64-linux-gnu/libgcrypt.so.20.1.6
7f1ee97a6000-7f1ee97b7000 r-xp 00000000 08:01 4195228                    /usr/lib/x86_64-linux-gnu/liblz4.so.1.7.1
7f1ee97b7000-7f1ee99b6000 ---p 00011000 08:01 4195228                    /usr/lib/x86_64-linux-gnu/liblz4.so.1.7.1
7f1ee99b6000-7f1ee99b7000 r--p 00010000 08:01 4195228                    /usr/lib/x86_64-linux-gnu/liblz4.so.1.7.1
7f1ee99b7000-7f1ee99b8000 rw-p 00011000 08:01 4195228                    /usr/lib/x86_64-linux-gnu/liblz4.so.1.7.1
7f1ee99b8000-7f1ee99dd000 r-xp 00000000 08:01 786465                     /lib/x86_64-linux-gnu/liblzma.so.5.2.2
7f1ee99dd000-7f1ee9bdc000 ---p 00025000 08:01 786465                     /lib/x86_64-linux-gnu/liblzma.so.5.2.2
7f1ee9bdc000-7f1ee9bdd000 r--p 00024000 08:01 786465                     /lib/x86_64-linux-gnu/liblzma.so.5.2.2
7f1ee9bdd000-7f1ee9bde000 rw-p 00025000 08:01 786465                     /lib/x86_64-linux-gnu/liblzma.so.5.2.2
7f1ee9bde000-7f1ee9c62000 r-xp 00000000 08:01 786704                     /lib/x86_64-linux-gnu/libsystemd.so.0.17.0
7f1ee9c62000-7f1ee9c63000 ---p 00084000 08:01 786704                     /lib/x86_64-linux-gnu/libsystemd.so.0.17.0
7f1ee9c63000-7f1ee9c66000 r--p 00084000 08:01 786704                     /lib/x86_64-linux-gnu/libsystemd.so.0.17.0
7f1ee9c66000-7f1ee9c67000 rw-p 00087000 08:01 786704                     /lib/x86_64-linux-gnu/libsystemd.so.0.17.0
7f1ee9c67000-7f1ee9c68000 rw-p 00000000 00:00 0 
7f1ee9c68000-7f1ee9cb5000 r-xp 00000000 08:01 786645                     /lib/x86_64-linux-gnu/libdbus-1.so.3.14.16
7f1ee9cb5000-7f1ee9eb5000 ---p 0004d000 08:01 786645                     /lib/x86_64-linux-gnu/libdbus-1.so.3.14.16
7f1ee9eb5000-7f1ee9eb7000 r--p 0004d000 08:01 786645                     /lib/x86_64-linux-gnu/libdbus-1.so.3.14.16
7f1ee9eb7000-7f1ee9eb8000 rw-p 0004f000 08:01 786645                     /lib/x86_64-linux-gnu/libdbus-1.so.3.14.16
7f1ee9eb8000-7f1ee9eea000 r-xp 00000000 08:01 786590                     /lib/x86_64-linux-gnu/libidn.so.11.6.16
7f1ee9eea000-7f1eea0ea000 ---p 00032000 08:01 786590                     /lib/x86_64-linux-gnu/libidn.so.11.6.16
7f1eea0ea000-7f1eea0eb000 r--p 00032000 08:01 786590                     /lib/x86_64-linux-gnu/libidn.so.11.6.16
7f1eea0eb000-7f1eea0ec000 rw-p 00033000 08:01 786590                     /lib/x86_64-linux-gnu/libidn.so.11.6.16
7f1eea0ec000-7f1eea1f8000 r-xp 00000000 08:01 4200445                    /usr/lib/x86_64-linux-gnu/libvlccore.so.9.0.0
7f1eea1f8000-7f1eea3f8000 ---p 0010c000 08:01 4200445                    /usr/lib/x86_64-linux-gnu/libvlccore.so.9.0.0
7f1eea3f8000-7f1eea3fe000 r--p 0010c000 08:01 4200445                    /usr/lib/x86_64-linux-gnu/libvlccore.so.9.0.0
7f1eea3fe000-7f1eea3ff000 rw-p 00112000 08:01 4200445                    /usr/lib/x86_64-linux-gnu/libvlccore.so.9.0.0
7f1eea3ff000-7f1eea401000 rw-p 00000000 00:00 0 
7f1eea401000-7f1eea426000 r-xp 00000000 08:01 4196960                    /usr/lib/x86_64-linux-gnu/libvlc.so.5.6.0
7f1eea426000-7f1eea625000 ---p 00025000 08:01 4196960                    /usr/lib/x86_64-linux-gnu/libvlc.so.5.6.0
7f1eea625000-7f1eea626000 r--p 00024000 08:01 4196960                    /usr/lib/x86_64-linux-gnu/libvlc.so.5.6.0
7f1eea626000-7f1eea627000 rw-p 00025000 08:01 4196960                    /usr/lib/x86_64-linux-gnu/libvlc.so.5.6.0
7f1eea627000-7f1eea827000 rw-p 00000000 00:00 0 
7f1eea827000-7f1eea83f000 r-xp 00000000 08:01 4456547                    /home/david/.cache/JNA/temp/jna16038219727972750321.tmp (deleted)
7f1eea83f000-7f1eeaa3f000 ---p 00018000 08:01 4456547                    /home/david/.cache/JNA/temp/jna16038219727972750321.tmp (deleted)
7f1eeaa3f000-7f1eeaa40000 rw-p 00018000 08:01 4456547                    /home/david/.cache/JNA/temp/jna16038219727972750321.tmp (deleted)
7f1eeaa40000-7f1eeaa41000 r-xp 00000000 08:01 4849902                    /usr/lib/jvm/jdk-11.0.2/lib/libjawt.so
7f1eeaa41000-7f1eeac40000 ---p 00001000 08:01 4849902                    /usr/lib/jvm/jdk-11.0.2/lib/libjawt.so
7f1eeac40000-7f1eeac41000 r--p 00000000 08:01 4849902                    /usr/lib/jvm/jdk-11.0.2/lib/libjawt.so
7f1eeac41000-7f1eeac42000 rw-p 00001000 08:01 4849902                    /usr/lib/jvm/jdk-11.0.2/lib/libjawt.so
7f1eeac42000-7f1eeae42000 rw-p 00000000 00:00 0 
7f1eeae42000-7f1eeb042000 rw-p 00000000 00:00 0 
7f1eeb042000-7f1eeb043000 ---p 00000000 00:00 0 
7f1eeb043000-7f1eeb144000 rw-p 00000000 00:00 0 
7f1eeb144000-7f1eeb148000 ---p 00000000 00:00 0 
7f1eeb148000-7f1eeb245000 rw-p 00000000 00:00 0 
7f1eeb245000-7f1eeb249000 ---p 00000000 00:00 0 
7f1eeb249000-7f1eeb346000 rw-p 00000000 00:00 0 
7f1eeb346000-7f1eeb34a000 ---p 00000000 00:00 0 
7f1eeb34a000-7f1eeb447000 rw-p 00000000 00:00 0 
7f1eeb447000-7f1eeb44b000 ---p 00000000 00:00 0 
7f1eeb44b000-7f1eeb548000 rw-p 00000000 00:00 0 
7f1eeb565000-7f1eeb570000 r--s 00000000 08:01 266470                     /var/cache/fontconfig/945677eb7aeaf62f1d50efc3fb3ec7d8-le64.cache-4
7f1eeb570000-7f1eeb578000 r--s 00000000 08:01 263767                     /var/cache/fontconfig/bf3b770c553c462765856025a94f1ce6-le64.cache-4
7f1eeb5bd000-7f1eeb7bd000 rw-p 00000000 00:00 0 
7f1eeb7bd000-7f1eeb7c2000 r-xp 00000000 08:01 4203440                    /usr/lib/x86_64-linux-gnu/libXfixes.so.3.1.0
7f1eeb7c2000-7f1eeb9c1000 ---p 00005000 08:01 4203440                    /usr/lib/x86_64-linux-gnu/libXfixes.so.3.1.0
7f1eeb9c1000-7f1eeb9c2000 r--p 00004000 08:01 4203440                    /usr/lib/x86_64-linux-gnu/libXfixes.so.3.1.0
7f1eeb9c2000-7f1eeb9c3000 rw-p 00005000 08:01 4203440                    /usr/lib/x86_64-linux-gnu/libXfixes.so.3.1.0
7f1eeb9c3000-7f1eeb9cd000 r-xp 00000000 08:01 4199273                    /usr/lib/x86_64-linux-gnu/libXcursor.so.1.0.2
7f1eeb9cd000-7f1eebbcc000 ---p 0000a000 08:01 4199273                    /usr/lib/x86_64-linux-gnu/libXcursor.so.1.0.2
7f1eebbcc000-7f1eebbcd000 r--p 00009000 08:01 4199273                    /usr/lib/x86_64-linux-gnu/libXcursor.so.1.0.2
7f1eebbcd000-7f1eebbce000 rw-p 0000a000 08:01 4199273                    /usr/lib/x86_64-linux-gnu/libXcursor.so.1.0.2
7f1eebbce000-7f1eebbcf000 ---p 00000000 00:00 0 
7f1eebbcf000-7f1eec3cf000 rw-p 00000000 00:00 0 
7f1eec3cf000-7f1eec3d0000 ---p 00000000 00:00 0 
7f1eec3d0000-7f1eecbd0000 rw-p 00000000 00:00 0 
7f1eecbd0000-7f1eecbd1000 ---p 00000000 00:00 0 
7f1eecbd1000-7f1eed3d1000 rw-p 00000000 00:00 0 
7f1eed3d1000-7f1eed3dd000 r-xp 00000000 08:01 4330250                    /usr/lib/x86_64-linux-gnu/gio/modules/libdconfsettings.so
7f1eed3dd000-7f1eed5dc000 ---p 0000c000 08:01 4330250                    /usr/lib/x86_64-linux-gnu/gio/modules/libdconfsettings.so
7f1eed5dc000-7f1eed5dd000 r--p 0000b000 08:01 4330250                    /usr/lib/x86_64-linux-gnu/gio/modules/libdconfsettings.so
7f1eed5dd000-7f1eed5de000 rw-p 0000c000 08:01 4330250                    /usr/lib/x86_64-linux-gnu/gio/modules/libdconfsettings.so
7f1eed5de000-7f1eed5e2000 r-xp 00000000 08:01 786529                     /lib/x86_64-linux-gnu/libuuid.so.1.3.0
7f1eed5e2000-7f1eed7e1000 ---p 00004000 08:01 786529                     /lib/x86_64-linux-gnu/libuuid.so.1.3.0
7f1eed7e1000-7f1eed7e2000 r--p 00003000 08:01 786529                     /lib/x86_64-linux-gnu/libuuid.so.1.3.0
7f1eed7e2000-7f1eed7e3000 rw-p 00004000 08:01 786529                     /lib/x86_64-linux-gnu/libuuid.so.1.3.0
7f1eed7e3000-7f1eed824000 r-xp 00000000 08:01 786511                     /lib/x86_64-linux-gnu/libblkid.so.1.1.0
7f1eed824000-7f1eeda23000 ---p 00041000 08:01 786511                     /lib/x86_64-linux-gnu/libblkid.so.1.1.0
7f1eeda23000-7f1eeda27000 r--p 00040000 08:01 786511                     /lib/x86_64-linux-gnu/libblkid.so.1.1.0
7f1eeda27000-7f1eeda28000 rw-p 00044000 08:01 786511                     /lib/x86_64-linux-gnu/libblkid.so.1.1.0
7f1eeda28000-7f1eeda29000 rw-p 00000000 00:00 0 
7f1eeda29000-7f1eeda9b000 r-xp 00000000 08:01 786471                     /lib/x86_64-linux-gnu/libpcre.so.3.13.3
7f1eeda9b000-7f1eedc9a000 ---p 00072000 08:01 786471                     /lib/x86_64-linux-gnu/libpcre.so.3.13.3
7f1eedc9a000-7f1eedc9b000 r--p 00071000 08:01 786471                     /lib/x86_64-linux-gnu/libpcre.so.3.13.3
7f1eedc9b000-7f1eedc9c000 rw-p 00072000 08:01 786471                     /lib/x86_64-linux-gnu/libpcre.so.3.13.3
7f1eedc9c000-7f1eedca3000 r-xp 00000000 08:01 4198675                    /usr/lib/x86_64-linux-gnu/libffi.so.6.0.4
7f1eedca3000-7f1eedea3000 ---p 00007000 08:01 4198675                    /usr/lib/x86_64-linux-gnu/libffi.so.6.0.4
7f1eedea3000-7f1eedea4000 r--p 00007000 08:01 4198675                    /usr/lib/x86_64-linux-gnu/libffi.so.6.0.4
7f1eedea4000-7f1eedea5000 rw-p 00008000 08:01 4198675                    /usr/lib/x86_64-linux-gnu/libffi.so.6.0.4
7f1eedea5000-7f1eedeef000 r-xp 00000000 08:01 786517                     /lib/x86_64-linux-gnu/libmount.so.1.1.0
7f1eedeef000-7f1eee0ef000 ---p 0004a000 08:01 786517                     /lib/x86_64-linux-gnu/libmount.so.1.1.0
7f1eee0ef000-7f1eee0f0000 r--p 0004a000 08:01 786517                     /lib/x86_64-linux-gnu/libmount.so.1.1.0
7f1eee0f0000-7f1eee0f1000 rw-p 0004b000 08:01 786517                     /lib/x86_64-linux-gnu/libmount.so.1.1.0
7f1eee0f1000-7f1eee0f3000 rw-p 00000000 00:00 0 
7f1eee0f3000-7f1eee107000 r-xp 00000000 08:01 789486                     /lib/x86_64-linux-gnu/libresolv-2.24.so
7f1eee107000-7f1eee306000 ---p 00014000 08:01 789486                     /lib/x86_64-linux-gnu/libresolv-2.24.so
7f1eee306000-7f1eee307000 r--p 00013000 08:01 789486                     /lib/x86_64-linux-gnu/libresolv-2.24.so
7f1eee307000-7f1eee308000 rw-p 00014000 08:01 789486                     /lib/x86_64-linux-gnu/libresolv-2.24.so
7f1eee308000-7f1eee30a000 rw-p 00000000 00:00 0 
7f1eee30a000-7f1eee32f000 r-xp 00000000 08:01 786521                     /lib/x86_64-linux-gnu/libselinux.so.1
7f1eee32f000-7f1eee52e000 ---p 00025000 08:01 786521                     /lib/x86_64-linux-gnu/libselinux.so.1
7f1eee52e000-7f1eee52f000 r--p 00024000 08:01 786521                     /lib/x86_64-linux-gnu/libselinux.so.1
7f1eee52f000-7f1eee530000 rw-p 00025000 08:01 786521                     /lib/x86_64-linux-gnu/libselinux.so.1
7f1eee530000-7f1eee532000 rw-p 00000000 00:00 0 
7f1eee532000-7f1eee644000 r-xp 00000000 08:01 787106                     /lib/x86_64-linux-gnu/libglib-2.0.so.0.5000.3
7f1eee644000-7f1eee843000 ---p 00112000 08:01 787106                     /lib/x86_64-linux-gnu/libglib-2.0.so.0.5000.3
7f1eee843000-7f1eee844000 r--p 00111000 08:01 787106                     /lib/x86_64-linux-gnu/libglib-2.0.so.0.5000.3
7f1eee844000-7f1eee845000 rw-p 00112000 08:01 787106                     /lib/x86_64-linux-gnu/libglib-2.0.so.0.5000.3
7f1eee845000-7f1eee846000 rw-p 00000000 00:00 0 
7f1eee846000-7f1eee849000 r-xp 00000000 08:01 4202654                    /usr/lib/x86_64-linux-gnu/libgmodule-2.0.so.0.5000.3
7f1eee849000-7f1eeea48000 ---p 00003000 08:01 4202654                    /usr/lib/x86_64-linux-gnu/libgmodule-2.0.so.0.5000.3
7f1eeea48000-7f1eeea49000 r--p 00002000 08:01 4202654                    /usr/lib/x86_64-linux-gnu/libgmodule-2.0.so.0.5000.3
7f1eeea49000-7f1eeea4a000 rw-p 00003000 08:01 4202654                    /usr/lib/x86_64-linux-gnu/libgmodule-2.0.so.0.5000.3
7f1eeea4a000-7f1eeea9c000 r-xp 00000000 08:01 4202655                    /usr/lib/x86_64-linux-gnu/libgobject-2.0.so.0.5000.3
7f1eeea9c000-7f1eeec9b000 ---p 00052000 08:01 4202655                    /usr/lib/x86_64-linux-gnu/libgobject-2.0.so.0.5000.3
7f1eeec9b000-7f1eeec9c000 r--p 00051000 08:01 4202655                    /usr/lib/x86_64-linux-gnu/libgobject-2.0.so.0.5000.3
7f1eeec9c000-7f1eeec9d000 rw-p 00052000 08:01 4202655                    /usr/lib/x86_64-linux-gnu/libgobject-2.0.so.0.5000.3
7f1eeec9d000-7f1eeee2a000 r-xp 00000000 08:01 4202653                    /usr/lib/x86_64-linux-gnu/libgio-2.0.so.0.5000.3
7f1eeee2a000-7f1eef02a000 ---p 0018d000 08:01 4202653                    /usr/lib/x86_64-linux-gnu/libgio-2.0.so.0.5000.3
7f1eef02a000-7f1eef02f000 r--p 0018d000 08:01 4202653                    /usr/lib/x86_64-linux-gnu/libgio-2.0.so.0.5000.3
7f1eef02f000-7f1eef032000 rw-p 00192000 08:01 4202653                    /usr/lib/x86_64-linux-gnu/libgio-2.0.so.0.5000.3
7f1eef032000-7f1eef033000 rw-p 00000000 00:00 0 
7f1eef033000-7f1eef03d000 r-xp 00000000 08:01 4202329                    /usr/lib/x86_64-linux-gnu/libXrandr.so.2.2.0
7f1eef03d000-7f1eef23c000 ---p 0000a000 08:01 4202329                    /usr/lib/x86_64-linux-gnu/libXrandr.so.2.2.0
7f1eef23c000-7f1eef23d000 r--p 00009000 08:01 4202329                    /usr/lib/x86_64-linux-gnu/libXrandr.so.2.2.0
7f1eef23d000-7f1eef23e000 rw-p 0000a000 08:01 4202329                    /usr/lib/x86_64-linux-gnu/libXrandr.so.2.2.0
7f1eef23e000-7f1eef26f000 r-xp 00000000 08:01 4203324                    /usr/lib/x86_64-linux-gnu/libpng16.so.16.28.0
7f1eef26f000-7f1eef46f000 ---p 00031000 08:01 4203324                    /usr/lib/x86_64-linux-gnu/libpng16.so.16.28.0
7f1eef46f000-7f1eef470000 r--p 00031000 08:01 4203324                    /usr/lib/x86_64-linux-gnu/libpng16.so.16.28.0
7f1eef470000-7f1eef471000 rw-p 00032000 08:01 4203324                    /usr/lib/x86_64-linux-gnu/libpng16.so.16.28.0
7f1eef471000-7f1eef519000 r-xp 00000000 08:01 4202833                    /usr/lib/x86_64-linux-gnu/libfreetype.so.6.12.3
7f1eef519000-7f1eef719000 ---p 000a8000 08:01 4202833                    /usr/lib/x86_64-linux-gnu/libfreetype.so.6.12.3
7f1eef719000-7f1eef71f000 r--p 000a8000 08:01 4202833                    /usr/lib/x86_64-linux-gnu/libfreetype.so.6.12.3
7f1eef71f000-7f1eef720000 rw-p 000ae000 08:01 4202833                    /usr/lib/x86_64-linux-gnu/libfreetype.so.6.12.3
7f1eef720000-7f1eef7dd000 r-xp 00000000 08:01 4849896                    /usr/lib/jvm/jdk-11.0.2/lib/libfontmanager.so
7f1eef7dd000-7f1eef9dc000 ---p 000bd000 08:01 4849896                    /usr/lib/jvm/jdk-11.0.2/lib/libfontmanager.so
7f1eef9dc000-7f1eef9de000 r--p 000bc000 08:01 4849896                    /usr/lib/jvm/jdk-11.0.2/lib/libfontmanager.so
7f1eef9de000-7f1eef9df000 rw-p 000be000 08:01 4849896                    /usr/lib/jvm/jdk-11.0.2/lib/libfontmanager.so
7f1eef9df000-7f1eef9e0000 rw-p 00000000 00:00 0 
7f1eef9e0000-7f1eef9f3000 r-xp 00000000 08:01 786956                     /lib/x86_64-linux-gnu/libbsd.so.0.8.3
7f1eef9f3000-7f1eefbf3000 ---p 00013000 08:01 786956                     /lib/x86_64-linux-gnu/libbsd.so.0.8.3
7f1eefbf3000-7f1eefbf4000 r--p 00013000 08:01 786956                     /lib/x86_64-linux-gnu/libbsd.so.0.8.3
7f1eefbf4000-7f1eefbf5000 rw-p 00014000 08:01 786956                     /lib/x86_64-linux-gnu/libbsd.so.0.8.3
7f1eefbf5000-7f1eefbf6000 rw-p 00000000 00:00 0 
7f1eefbf6000-7f1eefbfb000 r-xp 00000000 08:01 4202314                    /usr/lib/x86_64-linux-gnu/libXdmcp.so.6.0.0
7f1eefbfb000-7f1eefdfa000 ---p 00005000 08:01 4202314                    /usr/lib/x86_64-linux-gnu/libXdmcp.so.6.0.0
7f1eefdfa000-7f1eefdfb000 r--p 00004000 08:01 4202314                    /usr/lib/x86_64-linux-gnu/libXdmcp.so.6.0.0
7f1eefdfb000-7f1eefdfc000 rw-p 00005000 08:01 4202314                    /usr/lib/x86_64-linux-gnu/libXdmcp.so.6.0.0
7f1eefdfc000-7f1eefdff000 r-xp 00000000 08:01 4202312                    /usr/lib/x86_64-linux-gnu/libXau.so.6.0.0
7f1eefdff000-7f1eefffe000 ---p 00003000 08:01 4202312                    /usr/lib/x86_64-linux-gnu/libXau.so.6.0.0
7f1eefffe000-7f1eeffff000 r--p 00002000 08:01 4202312                    /usr/lib/x86_64-linux-gnu/libXau.so.6.0.0
7f1eeffff000-7f1ef0000000 rw-p 00003000 08:01 4202312                    /usr/lib/x86_64-linux-gnu/libXau.so.6.0.0
7f1ef0000000-7f1ef0051000 rw-p 00000000 00:00 0 
7f1ef0051000-7f1ef4000000 ---p 00000000 00:00 0 
7f1ef4000000-7f1ef457c000 rw-p 00000000 00:00 0 
7f1ef457c000-7f1ef8000000 ---p 00000000 00:00 0 
7f1ef8000000-7f1efb1ed000 rw-p 00000000 00:00 0 
7f1efb1ed000-7f1efc000000 ---p 00000000 00:00 0 
7f1efc000000-7f1efc021000 rw-p 00000000 00:00 0 
7f1efc021000-7f1f00000000 ---p 00000000 00:00 0 
7f1f00000000-7f1f00402000 rw-p 00000000 00:00 0 
7f1f00402000-7f1f04000000 ---p 00000000 00:00 0 
7f1f04000000-7f1f04e83000 rw-p 00000000 00:00 0 
7f1f04e83000-7f1f08000000 ---p 00000000 00:00 0 
7f1f08000000-7f1f08021000 rw-p 00000000 00:00 0 
7f1f08021000-7f1f0c000000 ---p 00000000 00:00 0 
7f1f0c000000-7f1f0c518000 rw-p 00000000 00:00 0 
7f1f0c518000-7f1f10000000 ---p 00000000 00:00 0 
7f1f10000000-7f1f10021000 rw-p 00000000 00:00 0 
7f1f10021000-7f1f14000000 ---p 00000000 00:00 0 
7f1f14000000-7f1f14021000 rw-p 00000000 00:00 0 
7f1f14021000-7f1f18000000 ---p 00000000 00:00 0 
7f1f18000000-7f1f18021000 rw-p 00000000 00:00 0 
7f1f18021000-7f1f1c000000 ---p 00000000 00:00 0 
7f1f1c000000-7f1f1c142000 rw-p 00000000 00:00 0 
7f1f1c142000-7f1f20000000 ---p 00000000 00:00 0 
7f1f20001000-7f1f20006000 r-xp 00000000 00:00 0 
7f1f20006000-7f1f20019000 r--s 00000000 08:01 263344                     /var/cache/fontconfig/d52a8644073d54c13679302ca1180695-le64.cache-4
7f1f20019000-7f1f20025000 r--s 00000000 08:01 281225                     /var/cache/fontconfig/d589a48862398ed80a3d6066f4f56f4c-le64.cache-4
7f1f20025000-7f1f20029000 ---p 00000000 00:00 0 
7f1f20029000-7f1f20047000 rw-p 00000000 00:00 0 
7f1f20047000-7f1f20066000 r--p 00000000 08:01 4208965                    /usr/share/locale/fr/LC_MESSAGES/glib20.mo
7f1f20066000-7f1f2008d000 r-xp 00000000 08:01 4202316                    /usr/lib/x86_64-linux-gnu/libxcb.so.1.1.0
7f1f2008d000-7f1f2028c000 ---p 00027000 08:01 4202316                    /usr/lib/x86_64-linux-gnu/libxcb.so.1.1.0
7f1f2028c000-7f1f2028d000 r--p 00026000 08:01 4202316                    /usr/lib/x86_64-linux-gnu/libxcb.so.1.1.0
7f1f2028d000-7f1f2028e000 rw-p 00027000 08:01 4202316                    /usr/lib/x86_64-linux-gnu/libxcb.so.1.1.0
7f1f2028e000-7f1f2029d000 r-xp 00000000 08:01 4204735                    /usr/lib/x86_64-linux-gnu/libXi.so.6.1.0
7f1f2029d000-7f1f2049c000 ---p 0000f000 08:01 4204735                    /usr/lib/x86_64-linux-gnu/libXi.so.6.1.0
7f1f2049c000-7f1f2049d000 r--p 0000e000 08:01 4204735                    /usr/lib/x86_64-linux-gnu/libXi.so.6.1.0
7f1f2049d000-7f1f2049e000 rw-p 0000f000 08:01 4204735                    /usr/lib/x86_64-linux-gnu/libXi.so.6.1.0
7f1f2049e000-7f1f204a3000 r-xp 00000000 08:01 4204993                    /usr/lib/x86_64-linux-gnu/libXtst.so.6.1.0
7f1f204a3000-7f1f206a2000 ---p 00005000 08:01 4204993                    /usr/lib/x86_64-linux-gnu/libXtst.so.6.1.0
7f1f206a2000-7f1f206a3000 r--p 00004000 08:01 4204993                    /usr/lib/x86_64-linux-gnu/libXtst.so.6.1.0
7f1f206a3000-7f1f206a4000 rw-p 00005000 08:01 4204993                    /usr/lib/x86_64-linux-gnu/libXtst.so.6.1.0
7f1f206a4000-7f1f206ad000 r-xp 00000000 08:01 4202327                    /usr/lib/x86_64-linux-gnu/libXrender.so.1.3.0
7f1f206ad000-7f1f208ac000 ---p 00009000 08:01 4202327                    /usr/lib/x86_64-linux-gnu/libXrender.so.1.3.0
7f1f208ac000-7f1f208ad000 r--p 00008000 08:01 4202327                    /usr/lib/x86_64-linux-gnu/libXrender.so.1.3.0
7f1f208ad000-7f1f208ae000 rw-p 00009000 08:01 4202327                    /usr/lib/x86_64-linux-gnu/libXrender.so.1.3.0
7f1f208ae000-7f1f209e8000 r-xp 00000000 08:01 4196877                    /usr/lib/x86_64-linux-gnu/libX11.so.6.3.0
7f1f209e8000-7f1f20be8000 ---p 0013a000 08:01 4196877                    /usr/lib/x86_64-linux-gnu/libX11.so.6.3.0
7f1f20be8000-7f1f20be9000 r--p 0013a000 08:01 4196877                    /usr/lib/x86_64-linux-gnu/libX11.so.6.3.0
7f1f20be9000-7f1f20bee000 rw-p 0013b000 08:01 4196877                    /usr/lib/x86_64-linux-gnu/libX11.so.6.3.0
7f1f20bee000-7f1f20bff000 r-xp 00000000 08:01 4202323                    /usr/lib/x86_64-linux-gnu/libXext.so.6.4.0
7f1f20bff000-7f1f20dfe000 ---p 00011000 08:01 4202323                    /usr/lib/x86_64-linux-gnu/libXext.so.6.4.0
7f1f20dfe000-7f1f20dff000 r--p 00010000 08:01 4202323                    /usr/lib/x86_64-linux-gnu/libXext.so.6.4.0
7f1f20dff000-7f1f20e00000 rw-p 00011000 08:01 4202323                    /usr/lib/x86_64-linux-gnu/libXext.so.6.4.0
7f1f20e00000-7f1f20e5e000 r-xp 00000000 08:01 4849894                    /usr/lib/jvm/jdk-11.0.2/lib/libawt_xawt.so
7f1f20e5e000-7f1f2105d000 ---p 0005e000 08:01 4849894                    /usr/lib/jvm/jdk-11.0.2/lib/libawt_xawt.so
7f1f2105d000-7f1f2105e000 r--p 0005d000 08:01 4849894                    /usr/lib/jvm/jdk-11.0.2/lib/libawt_xawt.so
7f1f2105e000-7f1f21061000 rw-p 0005e000 08:01 4849894                    /usr/lib/jvm/jdk-11.0.2/lib/libawt_xawt.so
7f1f21061000-7f1f21063000 rw-p 00000000 00:00 0 
7f1f21063000-7f1f21103000 r-xp 00000000 08:01 4849918                    /usr/lib/jvm/jdk-11.0.2/lib/libawt.so
7f1f21103000-7f1f21303000 ---p 000a0000 08:01 4849918                    /usr/lib/jvm/jdk-11.0.2/lib/libawt.so
7f1f21303000-7f1f21304000 r--p 000a0000 08:01 4849918                    /usr/lib/jvm/jdk-11.0.2/lib/libawt.so
7f1f21304000-7f1f2130f000 rw-p 000a1000 08:01 4849918                    /usr/lib/jvm/jdk-11.0.2/lib/libawt.so
7f1f2130f000-7f1f21334000 rw-p 00000000 00:00 0 
7f1f21334000-7f1f2134a000 r-xp 00000000 08:01 4849921                    /usr/lib/jvm/jdk-11.0.2/lib/libnet.so
7f1f2134a000-7f1f2154a000 ---p 00016000 08:01 4849921                    /usr/lib/jvm/jdk-11.0.2/lib/libnet.so
7f1f2154a000-7f1f2154b000 r--p 00016000 08:01 4849921                    /usr/lib/jvm/jdk-11.0.2/lib/libnet.so
7f1f2154b000-7f1f2154c000 rw-p 00017000 08:01 4849921                    /usr/lib/jvm/jdk-11.0.2/lib/libnet.so
7f1f2154c000-7f1f2155c000 r-xp 00000000 08:01 4849887                    /usr/lib/jvm/jdk-11.0.2/lib/libnio.so
7f1f2155c000-7f1f2175b000 ---p 00010000 08:01 4849887                    /usr/lib/jvm/jdk-11.0.2/lib/libnio.so
7f1f2175b000-7f1f2175c000 r--p 0000f000 08:01 4849887                    /usr/lib/jvm/jdk-11.0.2/lib/libnio.so
7f1f2175c000-7f1f2175d000 rw-p 00010000 08:01 4849887                    /usr/lib/jvm/jdk-11.0.2/lib/libnio.so
7f1f2175d000-7f1f21761000 ---p 00000000 00:00 0 
7f1f21761000-7f1f2185e000 rw-p 00000000 00:00 0 
7f1f2185e000-7f1f2185f000 ---p 00000000 00:00 0 
7f1f2185f000-7f1f21960000 rw-p 00000000 00:00 0 
7f1f21960000-7f1f21964000 ---p 00000000 00:00 0 
7f1f21964000-7f1f21a61000 rw-p 00000000 00:00 0 
7f1f21a61000-7f1f21a65000 ---p 00000000 00:00 0 
7f1f21a65000-7f1f21b62000 rw-p 00000000 00:00 0 
7f1f21b62000-7f1f21b66000 ---p 00000000 00:00 0 
7f1f21b66000-7f1f21c63000 rw-p 00000000 00:00 0 
7f1f21c63000-7f1f21c67000 ---p 00000000 00:00 0 
7f1f21c67000-7f1f21d64000 rw-p 00000000 00:00 0 
7f1f21d64000-7f1f21d68000 ---p 00000000 00:00 0 
7f1f21d68000-7f1f21e65000 rw-p 00000000 00:00 0 
7f1f21e65000-7f1f22000000 r--p 00000000 08:01 4200046                    /usr/lib/locale/locale-archive
7f1f22000000-7f1f24000000 rw-p 00000000 00:00 0 
7f1f24000000-7f1f24021000 rw-p 00000000 00:00 0 
7f1f24021000-7f1f28000000 ---p 00000000 00:00 0 
7f1f28000000-7f1f28004000 r-xp 00000000 00:00 0 
7f1f28004000-7f1f28005000 r--s 00000000 08:01 273193                     /var/cache/fontconfig/4794a0821666d79190d59a36cb4f44b5-le64.cache-4
7f1f28005000-7f1f2804c000 r--p 00000000 08:01 4459672                    /usr/share/glib-2.0/schemas/gschemas.compiled
7f1f2804c000-7f1f28073000 r--p 00000000 08:01 4205304                    /usr/share/locale/fr/LC_MESSAGES/libc.mo
7f1f28073000-7f1f28077000 ---p 00000000 00:00 0 
7f1f28077000-7f1f28174000 rw-p 00000000 00:00 0 
7f1f28174000-7f1f28178000 ---p 00000000 00:00 0 
7f1f28178000-7f1f28275000 rw-p 00000000 00:00 0 
7f1f28275000-7f1f28276000 ---p 00000000 00:00 0 
7f1f28276000-7f1f283f8000 rw-p 00000000 00:00 0 
7f1f283f8000-7f1f28bf8000 rw-p 00000000 00:00 0 
7f1f28bf8000-7f1f28bf9000 ---p 00000000 00:00 0 
7f1f28bf9000-7f1f28cfa000 rw-p 00000000 00:00 0 
7f1f28cfa000-7f1f28cfb000 ---p 00000000 00:00 0 
7f1f28cfb000-7f1f28ffe000 rw-p 00000000 00:00 0 
7f1f28ffe000-7f1f28fff000 ---p 00000000 00:00 0 
7f1f28fff000-7f1f29100000 rw-p 00000000 00:00 0 
7f1f29100000-7f1f29278000 rw-p 00000000 00:00 0 
7f1f29278000-7f1f2a880000 ---p 00000000 00:00 0 
7f1f2a880000-7f1f2a9f8000 rw-p 00000000 00:00 0 
7f1f2a9f8000-7f1f2c000000 ---p 00000000 00:00 0 
7f1f2c000000-7f1f2c021000 rw-p 00000000 00:00 0 
7f1f2c021000-7f1f30000000 ---p 00000000 00:00 0 
7f1f30000000-7f1f30001000 r--s 00000000 08:01 281691                     /var/cache/fontconfig/0bd3dc0958fa2205aaaa8ebb13e2872b-le64.cache-4
7f1f30001000-7f1f30007000 r--s 00000000 08:01 281685                     /var/cache/fontconfig/3047814df9a2f067bd2d96a2b9c36e5a-le64.cache-4
7f1f30007000-7f1f3000a000 r--s 00000000 08:01 281403                     /var/cache/fontconfig/e49e89034d371f0f9de17aab02136486-le64.cache-4
7f1f3000a000-7f1f30013000 r--s 00000000 08:01 264037                     /var/cache/fontconfig/d0972c3d32f097851eb916381fc38920-le64.cache-4
7f1f30013000-7f1f3006e000 rw-p 00000000 00:00 0 
7f1f3006e000-7f1f3006f000 ---p 00000000 00:00 0 
7f1f3006f000-7f1f30170000 rw-p 00000000 00:00 0 
7f1f30170000-7f1f3019f000 rw-p 00000000 00:00 0 
7f1f3019f000-7f1f30460000 ---p 00000000 00:00 0 
7f1f30460000-7f1f3048f000 rw-p 00000000 00:00 0 
7f1f3048f000-7f1f30750000 ---p 00000000 00:00 0 
7f1f30750000-7f1f3077f000 rw-p 00000000 00:00 0 
7f1f3077f000-7f1f30a40000 ---p 00000000 00:00 0 
7f1f30a40000-7f1f30c42000 rw-p 00000000 00:00 0 
7f1f30c42000-7f1f30eb2000 rwxp 00000000 00:00 0 
7f1f30eb2000-7f1f311d1000 ---p 00000000 00:00 0 
7f1f311d1000-7f1f31511000 rwxp 00000000 00:00 0 
7f1f31511000-7f1f38709000 ---p 00000000 00:00 0 
7f1f38709000-7f1f38979000 rwxp 00000000 00:00 0 
7f1f38979000-7f1f3fc42000 ---p 00000000 00:00 0 
7f1f3fc42000-7f1f48000000 r--s 00000000 08:01 4849943                    /usr/lib/jvm/jdk-11.0.2/lib/modules
7f1f48000000-7f1f48375000 rw-p 00000000 00:00 0 
7f1f48375000-7f1f4c000000 ---p 00000000 00:00 0 
7f1f4c000000-7f1f4c002000 r--s 00000000 08:01 281362                     /var/cache/fontconfig/4b14b093aebc79c320de5e86ae1d3314-le64.cache-4
7f1f4c002000-7f1f4c003000 r--s 00000000 08:01 281323                     /var/cache/fontconfig/3f7329c5293ffd510edef78f73874cfd-le64.cache-4
7f1f4c003000-7f1f4c007000 r--s 00000000 08:01 266403                     /var/cache/fontconfig/246184dc75a16901ca37d96895904249-le64.cache-4
7f1f4c007000-7f1f4c00e000 r--s 00000000 08:01 281183                     /var/cache/fontconfig/53d14c92082a93e67d5078324eb314ca-le64.cache-4
7f1f4c00e000-7f1f4c018000 r--p 00000000 08:01 4213417                    /usr/share/locale/fr/LC_MESSAGES/pulseaudio.mo
7f1f4c018000-7f1f4c019000 ---p 00000000 00:00 0 
7f1f4c019000-7f1f4c11a000 rw-p 00000000 00:00 0 
7f1f4c11a000-7f1f4c11f000 rw-p 00000000 00:00 0 
7f1f4c11f000-7f1f4c205000 ---p 00000000 00:00 0 
7f1f4c205000-7f1f4c20c000 rw-p 00000000 00:00 0 
7f1f4c20c000-7f1f4c2f0000 ---p 00000000 00:00 0 
7f1f4c2f0000-7f1f4c30b000 r-xp 00000000 08:01 4849919                    /usr/lib/jvm/jdk-11.0.2/lib/libjimage.so
7f1f4c30b000-7f1f4c50a000 ---p 0001b000 08:01 4849919                    /usr/lib/jvm/jdk-11.0.2/lib/libjimage.so
7f1f4c50a000-7f1f4c50c000 r--p 0001a000 08:01 4849919                    /usr/lib/jvm/jdk-11.0.2/lib/libjimage.so
7f1f4c50c000-7f1f4c50d000 rw-p 0001c000 08:01 4849919                    /usr/lib/jvm/jdk-11.0.2/lib/libjimage.so
7f1f4c50d000-7f1f4c514000 r-xp 00000000 08:01 4849890                    /usr/lib/jvm/jdk-11.0.2/lib/libzip.so
7f1f4c514000-7f1f4c713000 ---p 00007000 08:01 4849890                    /usr/lib/jvm/jdk-11.0.2/lib/libzip.so
7f1f4c713000-7f1f4c714000 r--p 00006000 08:01 4849890                    /usr/lib/jvm/jdk-11.0.2/lib/libzip.so
7f1f4c714000-7f1f4c715000 rw-p 00007000 08:01 4849890                    /usr/lib/jvm/jdk-11.0.2/lib/libzip.so
7f1f4c715000-7f1f4c71f000 r-xp 00000000 08:01 786910                     /lib/x86_64-linux-gnu/libnss_files-2.24.so
7f1f4c71f000-7f1f4c91f000 ---p 0000a000 08:01 786910                     /lib/x86_64-linux-gnu/libnss_files-2.24.so
7f1f4c91f000-7f1f4c920000 r--p 0000a000 08:01 786910                     /lib/x86_64-linux-gnu/libnss_files-2.24.so
7f1f4c920000-7f1f4c921000 rw-p 0000b000 08:01 786910                     /lib/x86_64-linux-gnu/libnss_files-2.24.so
7f1f4c921000-7f1f4c927000 rw-p 00000000 00:00 0 
7f1f4c927000-7f1f4c932000 r-xp 00000000 08:01 787206                     /lib/x86_64-linux-gnu/libnss_nis-2.24.so
7f1f4c932000-7f1f4cb31000 ---p 0000b000 08:01 787206                     /lib/x86_64-linux-gnu/libnss_nis-2.24.so
7f1f4cb31000-7f1f4cb32000 r--p 0000a000 08:01 787206                     /lib/x86_64-linux-gnu/libnss_nis-2.24.so
7f1f4cb32000-7f1f4cb33000 rw-p 0000b000 08:01 787206                     /lib/x86_64-linux-gnu/libnss_nis-2.24.so
7f1f4cb33000-7f1f4cb47000 r-xp 00000000 08:01 786907                     /lib/x86_64-linux-gnu/libnsl-2.24.so
7f1f4cb47000-7f1f4cd47000 ---p 00014000 08:01 786907                     /lib/x86_64-linux-gnu/libnsl-2.24.so
7f1f4cd47000-7f1f4cd48000 r--p 00014000 08:01 786907                     /lib/x86_64-linux-gnu/libnsl-2.24.so
7f1f4cd48000-7f1f4cd49000 rw-p 00015000 08:01 786907                     /lib/x86_64-linux-gnu/libnsl-2.24.so
7f1f4cd49000-7f1f4cd4b000 rw-p 00000000 00:00 0 
7f1f4cd4b000-7f1f4cd52000 r-xp 00000000 08:01 786908                     /lib/x86_64-linux-gnu/libnss_compat-2.24.so
7f1f4cd52000-7f1f4cf51000 ---p 00007000 08:01 786908                     /lib/x86_64-linux-gnu/libnss_compat-2.24.so
7f1f4cf51000-7f1f4cf52000 r--p 00006000 08:01 786908                     /lib/x86_64-linux-gnu/libnss_compat-2.24.so
7f1f4cf52000-7f1f4cf53000 rw-p 00007000 08:01 786908                     /lib/x86_64-linux-gnu/libnss_compat-2.24.so
7f1f4cf53000-7f1f4cf7c000 r-xp 00000000 08:01 4849891                    /usr/lib/jvm/jdk-11.0.2/lib/libjava.so
7f1f4cf7c000-7f1f4d17c000 ---p 00029000 08:01 4849891                    /usr/lib/jvm/jdk-11.0.2/lib/libjava.so
7f1f4d17c000-7f1f4d17d000 r--p 00029000 08:01 4849891                    /usr/lib/jvm/jdk-11.0.2/lib/libjava.so
7f1f4d17d000-7f1f4d17f000 rw-p 0002a000 08:01 4849891                    /usr/lib/jvm/jdk-11.0.2/lib/libjava.so
7f1f4d17f000-7f1f4d18c000 r-xp 00000000 08:01 4849938                    /usr/lib/jvm/jdk-11.0.2/lib/libverify.so
7f1f4d18c000-7f1f4d38b000 ---p 0000d000 08:01 4849938                    /usr/lib/jvm/jdk-11.0.2/lib/libverify.so
7f1f4d38b000-7f1f4d38d000 r--p 0000c000 08:01 4849938                    /usr/lib/jvm/jdk-11.0.2/lib/libverify.so
7f1f4d38d000-7f1f4d38e000 rw-p 0000e000 08:01 4849938                    /usr/lib/jvm/jdk-11.0.2/lib/libverify.so
7f1f4d38e000-7f1f4d395000 r-xp 00000000 08:01 789487                     /lib/x86_64-linux-gnu/librt-2.24.so
7f1f4d395000-7f1f4d594000 ---p 00007000 08:01 789487                     /lib/x86_64-linux-gnu/librt-2.24.so
7f1f4d594000-7f1f4d595000 r--p 00006000 08:01 789487                     /lib/x86_64-linux-gnu/librt-2.24.so
7f1f4d595000-7f1f4d596000 rw-p 00007000 08:01 789487                     /lib/x86_64-linux-gnu/librt-2.24.so
7f1f4d596000-7f1f4d699000 r-xp 00000000 08:01 786642                     /lib/x86_64-linux-gnu/libm-2.24.so
7f1f4d699000-7f1f4d898000 ---p 00103000 08:01 786642                     /lib/x86_64-linux-gnu/libm-2.24.so
7f1f4d898000-7f1f4d899000 r--p 00102000 08:01 786642                     /lib/x86_64-linux-gnu/libm-2.24.so
7f1f4d899000-7f1f4d89a000 rw-p 00103000 08:01 786642                     /lib/x86_64-linux-gnu/libm-2.24.so
7f1f4d89a000-7f1f4e9d9000 r-xp 00000000 08:01 4849931                    /usr/lib/jvm/jdk-11.0.2/lib/server/libjvm.so
7f1f4e9d9000-7f1f4ebd9000 ---p 0113f000 08:01 4849931                    /usr/lib/jvm/jdk-11.0.2/lib/server/libjvm.so
7f1f4ebd9000-7f1f4ec98000 r--p 0113f000 08:01 4849931                    /usr/lib/jvm/jdk-11.0.2/lib/server/libjvm.so
7f1f4ec98000-7f1f4ecd1000 rw-p 011fe000 08:01 4849931                    /usr/lib/jvm/jdk-11.0.2/lib/server/libjvm.so
7f1f4ecd1000-7f1f4ed27000 rw-p 00000000 00:00 0 
7f1f4ed27000-7f1f4eebc000 r-xp 00000000 08:01 786638                     /lib/x86_64-linux-gnu/libc-2.24.so
7f1f4eebc000-7f1f4f0bc000 ---p 00195000 08:01 786638                     /lib/x86_64-linux-gnu/libc-2.24.so
7f1f4f0bc000-7f1f4f0c0000 r--p 00195000 08:01 786638                     /lib/x86_64-linux-gnu/libc-2.24.so
7f1f4f0c0000-7f1f4f0c2000 rw-p 00199000 08:01 786638                     /lib/x86_64-linux-gnu/libc-2.24.so
7f1f4f0c2000-7f1f4f0c6000 rw-p 00000000 00:00 0 
7f1f4f0c6000-7f1f4f0c9000 r-xp 00000000 08:01 786641                     /lib/x86_64-linux-gnu/libdl-2.24.so
7f1f4f0c9000-7f1f4f2c8000 ---p 00003000 08:01 786641                     /lib/x86_64-linux-gnu/libdl-2.24.so
7f1f4f2c8000-7f1f4f2c9000 r--p 00002000 08:01 786641                     /lib/x86_64-linux-gnu/libdl-2.24.so
7f1f4f2c9000-7f1f4f2ca000 rw-p 00003000 08:01 786641                     /lib/x86_64-linux-gnu/libdl-2.24.so
7f1f4f2ca000-7f1f4f2da000 r-xp 00000000 08:01 4849904                    /usr/lib/jvm/jdk-11.0.2/lib/jli/libjli.so
7f1f4f2da000-7f1f4f4d9000 ---p 00010000 08:01 4849904                    /usr/lib/jvm/jdk-11.0.2/lib/jli/libjli.so
7f1f4f4d9000-7f1f4f4da000 r--p 0000f000 08:01 4849904                    /usr/lib/jvm/jdk-11.0.2/lib/jli/libjli.so
7f1f4f4da000-7f1f4f4db000 rw-p 00010000 08:01 4849904                    /usr/lib/jvm/jdk-11.0.2/lib/jli/libjli.so
7f1f4f4db000-7f1f4f4f3000 r-xp 00000000 08:01 789485                     /lib/x86_64-linux-gnu/libpthread-2.24.so
7f1f4f4f3000-7f1f4f6f2000 ---p 00018000 08:01 789485                     /lib/x86_64-linux-gnu/libpthread-2.24.so
7f1f4f6f2000-7f1f4f6f3000 r--p 00017000 08:01 789485                     /lib/x86_64-linux-gnu/libpthread-2.24.so
7f1f4f6f3000-7f1f4f6f4000 rw-p 00018000 08:01 789485                     /lib/x86_64-linux-gnu/libpthread-2.24.so
7f1f4f6f4000-7f1f4f6f8000 rw-p 00000000 00:00 0 
7f1f4f6f8000-7f1f4f711000 r-xp 00000000 08:01 786522                     /lib/x86_64-linux-gnu/libz.so.1.2.8
7f1f4f711000-7f1f4f910000 ---p 00019000 08:01 786522                     /lib/x86_64-linux-gnu/libz.so.1.2.8
7f1f4f910000-7f1f4f911000 r--p 00018000 08:01 786522                     /lib/x86_64-linux-gnu/libz.so.1.2.8
7f1f4f911000-7f1f4f912000 rw-p 00019000 08:01 786522                     /lib/x86_64-linux-gnu/libz.so.1.2.8
7f1f4f912000-7f1f4f935000 r-xp 00000000 08:01 786633                     /lib/x86_64-linux-gnu/ld-2.24.so
7f1f4f935000-7f1f4f937000 r--s 00000000 08:01 265739                     /var/cache/fontconfig/62f91419b9ebdb6975e7e41ab6412357-le64.cache-4
7f1f4f937000-7f1f4f93a000 r--s 00000000 08:01 266941                     /var/cache/fontconfig/e13b20fdb08344e0e664864cc2ede53d-le64.cache-4
7f1f4f93a000-7f1f4f940000 r--p 00000000 08:01 833                        /home/david/.config/dconf/user
7f1f4f940000-7f1f4f947000 r--s 00000000 08:01 4236577                    /usr/lib/x86_64-linux-gnu/gconv/gconv-modules.cache
7f1f4f947000-7f1f4f9e2000 rw-p 00000000 00:00 0 
7f1f4f9e2000-7f1f4fa14000 rw-p 00000000 00:00 0 
7f1f4fa14000-7f1f4fa18000 ---p 00000000 00:00 0 
7f1f4fa18000-7f1f4fb19000 rw-p 00000000 00:00 0 
7f1f4fb19000-7f1f4fb1c000 rwxp 00000000 00:00 0 
7f1f4fb1c000-7f1f4fb1d000 r--p 00000000 00:00 0 
7f1f4fb1d000-7f1f4fb1e000 rwxp 00000000 00:00 0 
7f1f4fb1e000-7f1f4fb1f000 r--s 00000000 00:2c 705830                     /run/user/1000/dconf/user
7f1f4fb1f000-7f1f4fb24000 rw-p 00000000 00:00 0 
7f1f4fb24000-7f1f4fb2b000 ---p 00000000 00:00 0 
7f1f4fb2b000-7f1f4fb33000 rw-s 00000000 08:01 3543303                    /tmp/hsperfdata_david/35478
7f1f4fb33000-7f1f4fb34000 ---p 00000000 00:00 0 
7f1f4fb34000-7f1f4fb35000 r--p 00000000 00:00 0 
7f1f4fb35000-7f1f4fb36000 r--p 00023000 08:01 786633                     /lib/x86_64-linux-gnu/ld-2.24.so
7f1f4fb36000-7f1f4fb37000 rw-p 00024000 08:01 786633                     /lib/x86_64-linux-gnu/ld-2.24.so
7f1f4fb37000-7f1f4fb38000 rw-p 00000000 00:00 0 
7fff13e78000-7fff13e99000 rw-p 00000000 00:00 0                          [stack]
7fff13f2c000-7fff13f2e000 r--p 00000000 00:00 0                          [vvar]
7fff13f2e000-7fff13f30000 r-xp 00000000 00:00 0                          [vdso]
ffffffffff600000-ffffffffff601000 r-xp 00000000 00:00 0                  [vsyscall]


VM Arguments:
jvm_args: -Dfile.encoding=UTF-8 
java_command: fr.duvam.Main
java_class_path (initial): /home/david/Nextcloud/rosita/java/target/classes:/home/david/.m2/repository/org/slf4j/slf4j-log4j12/1.7.26/slf4j-log4j12-1.7.26.jar:/home/david/.m2/repository/org/slf4j/slf4j-api/1.7.26/slf4j-api-1.7.26.jar:/home/david/.m2/repository/log4j/log4j/1.2.17/log4j-1.2.17.jar:/home/david/.m2/repository/uk/co/caprica/vlcj/4.2.0/vlcj-4.2.0.jar:/home/david/.m2/repository/uk/co/caprica/vlcj-natives/4.1.0/vlcj-natives-4.1.0.jar:/home/david/.m2/repository/net/java/dev/jna/jna/5.2.0/jna-5.2.0.jar:/home/david/.m2/repository/net/java/dev/jna/jna-platform/5.2.0/jna-platform-5.2.0.jar:/home/david/.m2/repository/com/fazecast/jSerialComm/1.3.11/jSerialComm-1.3.11.jar:/home/david/.m2/repository/com/pi4j/pi4j-core/1.2/pi4j-core-1.2.jar
Launcher Type: SUN_STANDARD

[Global flags]
     intx CICompilerCount                          = 2                                         {product} {ergonomic}
     uint ConcGCThreads                            = 1                                         {product} {ergonomic}
     uint G1ConcRefinementThreads                  = 2                                         {product} {ergonomic}
   size_t G1HeapRegionSize                         = 1048576                                   {product} {ergonomic}
    uintx GCDrainStackTargetSize                   = 64                                        {product} {ergonomic}
   size_t InitialHeapSize                          = 98566144                                  {product} {ergonomic}
   size_t MarkStackSize                            = 4194304                                   {product} {ergonomic}
   size_t MaxHeapSize                              = 1577058304                                {product} {ergonomic}
   size_t MaxNewSize                               = 945815552                                 {product} {ergonomic}
   size_t MinHeapDeltaBytes                        = 1048576                                   {product} {ergonomic}
    uintx NonNMethodCodeHeapSize                   = 5824844                                {pd product} {ergonomic}
    uintx NonProfiledCodeHeapSize                  = 122916698                              {pd product} {ergonomic}
    uintx ProfiledCodeHeapSize                     = 122916698                              {pd product} {ergonomic}
    uintx ReservedCodeCacheSize                    = 251658240                              {pd product} {ergonomic}
     bool SegmentedCodeCache                       = true                                      {product} {ergonomic}
     bool UseCompressedClassPointers               = true                                 {lp64_product} {ergonomic}
     bool UseCompressedOops                        = true                                 {lp64_product} {ergonomic}
     bool UseG1GC                                  = true                                      {product} {ergonomic}

Logging:
Log output configuration:
 #0: stdout all=warning uptime,level,tags
 #1: stderr all=off uptime,level,tags

Environment Variables:
JAVA_HOME=/usr/lib/jvm/jdk-11.0.2
PATH=/usr/local/bin:/usr/bin:/bin:/usr/local/games:/usr/games:/usr/lib/jvm/jdk-11.0.2/bin:/usr/lib/jvm/jdk-11.0.2/db/bin
USERNAME=david
SHELL=/bin/bash
DISPLAY=:0

Signal Handlers:
SIGSEGV: [libjvm.so+0xe2adf0], sa_mask[0]=11111111011111111101111111111110, sa_flags=SA_RESTART|SA_SIGINFO
SIGBUS: [libjvm.so+0xe2adf0], sa_mask[0]=11111111011111111101111111111110, sa_flags=SA_RESTART|SA_SIGINFO
SIGFPE: [libjvm.so+0xe2adf0], sa_mask[0]=11111111011111111101111111111110, sa_flags=SA_RESTART|SA_SIGINFO
SIGPIPE: SIG_IGN, sa_mask[0]=00000000000010000000000000000000, sa_flags=SA_RESTART
SIGXFSZ: [libjvm.so+0xbff5b0], sa_mask[0]=11111111011111111101111111111110, sa_flags=SA_RESTART|SA_SIGINFO
SIGILL: [libjvm.so+0xe2adf0], sa_mask[0]=11111111011111111101111111111110, sa_flags=SA_RESTART|SA_SIGINFO
SIGUSR2: [libjvm.so+0xbff450], sa_mask[0]=00100000000000000000000000000000, sa_flags=SA_RESTART|SA_SIGINFO
SIGHUP: [libjvm.so+0xbff7b0], sa_mask[0]=11111111011111111101111111111110, sa_flags=SA_RESTART|SA_SIGINFO
SIGINT: [libjvm.so+0xbff7b0], sa_mask[0]=11111111011111111101111111111110, sa_flags=SA_RESTART|SA_SIGINFO
SIGTERM: [libjvm.so+0xbff7b0], sa_mask[0]=11111111011111111101111111111110, sa_flags=SA_RESTART|SA_SIGINFO
SIGQUIT: [libjvm.so+0xbff7b0], sa_mask[0]=11111111011111111101111111111110, sa_flags=SA_RESTART|SA_SIGINFO


---------------  S Y S T E M  ---------------

OS:PRETTY_NAME="Debian GNU/Linux 9 (stretch)"
NAME="Debian GNU/Linux"
VERSION_ID="9"
VERSION="9 (stretch)"
ID=debian
HOME_URL="https://www.debian.org/"
SUPPORT_URL="https://www.debian.org/support"
BUG_REPORT_URL="https://bugs.debian.org/"
uname:Linux 4.9.0-7-amd64 #1 SMP Debian 4.9.110-3+deb9u2 (2018-08-13) x86_64
libc:glibc 2.24 NPTL 2.24 
rlimit: STACK 8192k, CORE 0k, NPROC 23974, NOFILE 4096, AS infinity, DATA infinity, FSIZE infinity
load average:1,79 2,87 2,58

/proc/meminfo:
MemTotal:        6160000 kB
MemFree:         1933868 kB
MemAvailable:    3223232 kB
Buffers:          339044 kB
Cached:          1068144 kB
SwapCached:         1648 kB
Active:          3008152 kB
Inactive:         825148 kB
Active(anon):    1970928 kB
Inactive(anon):   499060 kB
Active(file):    1037224 kB
Inactive(file):   326088 kB
Unevictable:          80 kB
Mlocked:              80 kB
SwapTotal:        521212 kB
SwapFree:         513272 kB
Dirty:               108 kB
Writeback:             0 kB
AnonPages:       2424588 kB
Mapped:           331208 kB
Shmem:             43876 kB
Slab:             265916 kB
SReclaimable:     224060 kB
SUnreclaim:        41856 kB
KernelStack:       10856 kB
PageTables:        38272 kB
NFS_Unstable:          0 kB
Bounce:                0 kB
WritebackTmp:          0 kB
CommitLimit:     3601212 kB
Committed_AS:    5902968 kB
VmallocTotal:   34359738367 kB
VmallocUsed:           0 kB
VmallocChunk:          0 kB
HardwareCorrupted:     0 kB
AnonHugePages:         0 kB
ShmemHugePages:        0 kB
ShmemPmdMapped:        0 kB
HugePages_Total:       0
HugePages_Free:        0
HugePages_Rsvd:        0
HugePages_Surp:        0
Hugepagesize:       2048 kB
DirectMap4k:      155520 kB
DirectMap2M:     6201344 kB
DirectMap1G:     1048576 kB


/proc/sys/kernel/threads-max (system-wide limit on the number of threads):
47948


/proc/sys/vm/max_map_count (maximum number of memory map areas a process may have):
65530


/proc/sys/kernel/pid_max (system-wide limit on number of process identifiers):
131072



container (cgroup) information:
container_type: cgroupv1
cpu_cpuset_cpus: 0-1
cpu_memory_nodes: 0
active_processor_count: 2
cpu_quota: -1
cpu_period: 100000
cpu_shares: -1
memory_limit_in_bytes: -1
memory_and_swap_limit_in_bytes: -2
memory_soft_limit_in_bytes: -1
memory_usage_in_bytes: 3925524480
memory_max_usage_in_bytes: 0


CPU:total 2 (initial active 2) (1 cores per cpu, 1 threads per core) family 6 model 69 stepping 1, cmov, cx8, fxsr, mmx, sse, sse2, sse3, ssse3, sse4.1, sse4.2, popcnt, avx, avx2, aes, clmul, erms, lzcnt, tsc, tscinvbit, bmi1, bmi2, fma
CPU Model and flags from /proc/cpuinfo:
model name	: Intel(R) Core(TM) i7-4500U CPU @ 1.80GHz
flags		: fpu vme de pse tsc msr pae mce cx8 apic sep mtrr pge mca cmov pat pse36 clflush mmx fxsr sse sse2 ss syscall nx pdpe1gb rdtscp lm constant_tsc arch_perfmon nopl xtopology tsc_reliable nonstop_tsc pni pclmulqdq ssse3 fma cx16 pcid sse4_1 sse4_2 x2apic movbe popcnt tsc_deadline_timer aes xsave avx f16c rdrand hypervisor lahf_lm abm invpcid_single ibrs ibpb stibp kaiser fsgsbase tsc_adjust bmi1 avx2 smep bmi2 invpcid xsaveopt arat arch_capabilities

Memory: 4k page, physical 6160000k(1933868k free), swap 521212k(513272k free)

vm_info: Java HotSpot(TM) 64-Bit Server VM (11.0.2+9-LTS) for linux-amd64 JRE (11.0.2+9-LTS), built on Jan 17 2019 21:22:50 by "mach5one" with gcc 7.3.0

END.
