#
# A fatal error has been detected by the Java Runtime Environment:
#
#  SIGSEGV (0xb) at pc=0x00007f0251bce462, pid=7241, tid=0x00007f0251bc7700
#
# JRE version: OpenJDK Runtime Environment (8.0_181-b13) (build 1.8.0_181-8u181-b13-2~deb9u1-b13)
# Java VM: OpenJDK 64-Bit Server VM (25.181-b13 mixed mode linux-amd64 compressed oops)
# Problematic frame:
# C  [librxtxSerial.so+0x6462]  read_byte_array+0x52
#
# Failed to write core dump. Core dumps have been disabled. To enable core dumping, try "ulimit -c unlimited" before starting Java again
#
# If you would like to submit a bug report, please visit:
#   http://bugreport.java.com/bugreport/crash.jsp
# The crash happened outside the Java Virtual Machine in native code.
# See problematic frame for where to report the bug.
#

---------------  T H R E A D  ---------------

Current thread (0x00007f026416a000):  JavaThread "Thread-0" [_thread_in_native, id=7258, stack(0x00007f0251ac7000,0x00007f0251bc8000)]

siginfo: si_signo: 11 (SIGSEGV), si_code: 1 (SEGV_MAPERR), si_addr: 0x0000000051bc67d8

Registers:
RAX=0x0000000051bc67d0, RBX=0xffffffffffffffff, RCX=0x0000000000000001, RDX=0x00007f026d3e8678
RSP=0x00007f0251bc5b60, RBP=0x00007f026416a1e0, RSI=0x00007f0251bd1e30, RDI=0x00007f0251bd1d3e
R8 =0x00007f0269a006f0, R9 =0x00000000e0c93328, R10=0x0000000000000002, R11=0x00007f026d3eccbc
R12=0x00000000ffffffff, R13=0x0000000000000000, R14=0x0000000000000011, R15=0x0000000000000000
RIP=0x00007f0251bce462, EFLAGS=0x0000000000010202, CSGSFS=0x002b000000000033, ERR=0x0000000000000004
  TRAPNO=0x000000000000000e

Top of Stack: (sp=0x00007f0251bc5b60)
0x00007f0251bc5b60:   0000000000000000 0000000000000000
0x00007f0251bc5b70:   0000000000000000 0000000000000000
0x00007f0251bc5b80:   0000000000000000 0000000051bc67d0
0x00007f0251bc5b90:   0000000000000000 0000000000000000
0x00007f0251bc5ba0:   0000000000000000 000000e000000000
0x00007f0251bc5bb0:   00007f02200011a0 0000001100000000
0x00007f0251bc5bc0:   0000000000000000 0000000000000000
0x00007f0251bc5bd0:   0000000000000000 0000000000000000
0x00007f0251bc5be0:   0000000000000000 0000000000000000
0x00007f0251bc5bf0:   0000000000000000 0000000000000000
0x00007f0251bc5c00:   0000000000000000 0000000000000000
0x00007f0251bc5c10:   0000000000000000 0000000000000000
0x00007f0251bc5c20:   0000000000000000 0000000000000000
0x00007f0251bc5c30:   0000000000000000 0000000000000000
0x00007f0251bc5c40:   0000000000000000 4dcf8457beee7300
0x00007f0251bc5c50:   00007f026416a1e0 ffffffffffffffff
0x00007f0251bc5c60:   00007f026416a1e0 00007f02200011a0
0x00007f0251bc5c70:   00000000000000e0 0000000000000011
0x00007f0251bc5c80:   0000000000000000 00007f0251bce8a1
0x00007f0251bc5c90:   00007f0269a0e628 00007f0251bc5d78
0x00007f0251bc5ca0:   00007f0251bc5d80 00007f0269a03e48
0x00007f0251bc5cb0:   00007f0251bc5d48 0000000000000000
0x00007f0251bc5cc0:   00007f0269a03e40 00007f0251bc5d80
0x00007f0251bc5cd0:   00007f026416a000 00007f0255018407
0x00007f0251bc5ce0:   00007f0269a03e40 00007f0251bc5d80
0x00007f0251bc5cf0:   00007f0251bc5d48 00007f0255018167
0x00007f0251bc5d00:   00007f0255018122 00007f0251bc5d08
0x00007f0251bc5d10:   00007f0269a03e40 00007f0251bc5d80
0x00007f0251bc5d20:   00007f0269a0f9a8 0000000000000000
0x00007f0251bc5d30:   00007f0269a03e48 0000000000000000
0x00007f0251bc5d40:   00007f0251bc5d68 00007f0251bc5dd8
0x00007f0251bc5d50:   00007f0255007a40 0000000000000000 

Instructions: (pc=0x00007f0251bce462)
0x00007f0251bce442:   89 44 24 4c 48 c7 44 24 40 00 00 00 00 48 c7 44
0x00007f0251bce452:   24 38 00 00 00 00 e8 53 d7 ff ff 48 89 44 24 28
0x00007f0251bce462:   8b 40 08 45 85 e4 48 8b 54 24 28 44 8b 7c 24 4c
0x00007f0251bce472:   89 44 24 34 c7 42 08 00 00 00 00 78 0c 31 c0 e8 

Register to memory mapping:

RAX=0x0000000051bc67d0 is an unknown value
RBX=0xffffffffffffffff is an unknown value
RCX=0x0000000000000001 is an unknown value
RDX=0x00007f026d3e8678: <offset 0xf2a678> in /usr/lib/jvm/java-8-openjdk-amd64/jre/lib/amd64/server/libjvm.so at 0x00007f026c4be000
RSP=0x00007f0251bc5b60 is pointing into the stack for thread: 0x00007f026416a000
RBP=0x00007f026416a1e0 is an unknown value
RSI=0x00007f0251bd1e30: <offset 0x9e30> in /usr/lib/jvm/java-8-openjdk-amd64/jre/lib/amd64/librxtxSerial.so at 0x00007f0251bc8000
RDI=0x00007f0251bd1d3e: <offset 0x9d3e> in /usr/lib/jvm/java-8-openjdk-amd64/jre/lib/amd64/librxtxSerial.so at 0x00007f0251bc8000
R8 =0x00007f0269a006f0 is pointing into metadata
R9 =0x00000000e0c93328 is an oop
gnu.io.RXTXPort 
 - klass: 'gnu/io/RXTXPort'
R10=0x0000000000000002 is an unknown value
R11=0x00007f026d3eccbc: <offset 0xf2ecbc> in /usr/lib/jvm/java-8-openjdk-amd64/jre/lib/amd64/server/libjvm.so at 0x00007f026c4be000
R12=0x00000000ffffffff is an unallocated location in the heap
R13=0x0000000000000000 is an unknown value
R14=0x0000000000000011 is an unknown value
R15=0x0000000000000000 is an unknown value


Stack: [0x00007f0251ac7000,0x00007f0251bc8000],  sp=0x00007f0251bc5b60,  free space=1018k
Native frames: (J=compiled Java code, j=interpreted, Vv=VM code, C=native code)
C  [librxtxSerial.so+0x6462]  read_byte_array+0x52

Java frames: (J=compiled Java code, j=interpreted, Vv=VM code)
j  gnu.io.RXTXPort.readArray([BII)I+0
j  gnu.io.RXTXPort$SerialInputStream.read([BII)I+187
j  sun.nio.cs.StreamDecoder.readBytes()I+135
j  sun.nio.cs.StreamDecoder.implRead([CII)I+112
j  sun.nio.cs.StreamDecoder.read([CII)I+180
j  java.io.InputStreamReader.read([CII)I+7
j  java.io.BufferedReader.fill()V+145
j  java.io.BufferedReader.readLine(Z)Ljava/lang/String;+44
j  java.io.BufferedReader.readLine()Ljava/lang/String;+2
j  org.ardulink.Test.serialEvent(Lgnu/io/SerialPortEvent;)V+12
j  gnu.io.RXTXPort.sendEvent(IZ)Z+382
v  ~StubRoutines::call_stub
j  gnu.io.RXTXPort.eventLoop()V+0
j  gnu.io.RXTXPort$MonitorThread.run()V+12
v  ~StubRoutines::call_stub

---------------  P R O C E S S  ---------------

Java Threads: ( => current thread )
  0x00007f026400b000 JavaThread "DestroyJavaVM" [_thread_blocked, id=7243, stack(0x00007f026e0f4000,0x00007f026e1f5000)]
  0x00007f0264173800 JavaThread "Thread-1" [_thread_blocked, id=7259, stack(0x00007f02519c6000,0x00007f0251ac7000)]
=>0x00007f026416a000 JavaThread "Thread-0" [_thread_in_native, id=7258, stack(0x00007f0251ac7000,0x00007f0251bc8000)]
  0x00007f02640ba800 JavaThread "Service Thread" daemon [_thread_blocked, id=7256, stack(0x00007f0268177000,0x00007f0268278000)]
  0x00007f02640b7800 JavaThread "C1 CompilerThread1" daemon [_thread_blocked, id=7255, stack(0x00007f0268278000,0x00007f0268379000)]
  0x00007f02640b4800 JavaThread "C2 CompilerThread0" daemon [_thread_blocked, id=7254, stack(0x00007f0268379000,0x00007f026847a000)]
  0x00007f02640b3000 JavaThread "Signal Dispatcher" daemon [_thread_blocked, id=7253, stack(0x00007f026847a000,0x00007f026857b000)]
  0x00007f0264080800 JavaThread "Finalizer" daemon [_thread_blocked, id=7252, stack(0x00007f0268716000,0x00007f0268817000)]
  0x00007f026407e000 JavaThread "Reference Handler" daemon [_thread_blocked, id=7251, stack(0x00007f0268817000,0x00007f0268918000)]

Other Threads:
  0x00007f0264074800 VMThread [stack: 0x00007f0268918000,0x00007f0268a19000] [id=7250]
  0x00007f02640bd000 WatcherThread [stack: 0x00007f0268076000,0x00007f0268177000] [id=7257]

VM state:not at safepoint (normal execution)

VM Mutex/Monitor currently owned by a thread: None

Heap:
 PSYoungGen      total 28160K, used 2949K [0x00000000e0b00000, 0x00000000e2a00000, 0x0000000100000000)
  eden space 24576K, 12% used [0x00000000e0b00000,0x00000000e0de1618,0x00000000e2300000)
  from space 3584K, 0% used [0x00000000e2680000,0x00000000e2680000,0x00000000e2a00000)
  to   space 3584K, 0% used [0x00000000e2300000,0x00000000e2300000,0x00000000e2680000)
 ParOldGen       total 64512K, used 0K [0x00000000a2000000, 0x00000000a5f00000, 0x00000000e0b00000)
  object space 64512K, 0% used [0x00000000a2000000,0x00000000a2000000,0x00000000a5f00000)
 Metaspace       used 3279K, capacity 4674K, committed 4864K, reserved 1056768K
  class space    used 339K, capacity 426K, committed 512K, reserved 1048576K

Card table byte_map: [0x00007f026a4df000,0x00007f026a7d0000] byte_map_base: 0x00007f0269fcf000

Marking Bits: (ParMarkBitMap*) 0x00007f026d3ec3a0
 Begin Bits: [0x00007f0252100000, 0x00007f0253880000)
 End Bits:   [0x00007f0253880000, 0x00007f0255000000)

Polling page: 0x00007f026e211000

CodeCache: size=245760Kb used=1268Kb max_used=1268Kb free=244491Kb
 bounds [0x00007f0255000000, 0x00007f0255270000, 0x00007f0264000000]
 total_blobs=343 nmethods=96 adapters=162
 compilation: enabled

Compilation events (10 events):
Event: 1,280 Thread 0x00007f02640b7800   93       3       java.net.URI$Parser::scan (73 bytes)
Event: 1,282 Thread 0x00007f02640b7800 nmethod 93 0x00007f0255139750 code [0x00007f0255139920, 0x00007f025513a008]
Event: 1,282 Thread 0x00007f02640b7800   92       3       java.net.URI$Parser::scan (50 bytes)
Event: 1,283 Thread 0x00007f02640b7800 nmethod 92 0x00007f025513c010 code [0x00007f025513c1e0, 0x00007f025513ca48]
Event: 1,283 Thread 0x00007f02640b7800   94       3       java.io.UnixFileSystem::prefixLength (25 bytes)
Event: 1,284 Thread 0x00007f02640b7800 nmethod 94 0x00007f025513ce90 code [0x00007f025513d020, 0x00007f025513d4c8]
Event: 1,284 Thread 0x00007f02640b7800   95       3       java.nio.charset.CharsetEncoder::reset (11 bytes)
Event: 1,285 Thread 0x00007f02640b7800 nmethod 95 0x00007f0255139310 code [0x00007f0255139480, 0x00007f02551396b0]
Event: 1,285 Thread 0x00007f02640b7800   96       3       java.nio.charset.CharsetEncoder::implReset (1 bytes)
Event: 1,285 Thread 0x00007f02640b7800 nmethod 96 0x00007f0255138f90 code [0x00007f02551390e0, 0x00007f0255139230]

GC Heap History (0 events):
No events

Deoptimization events (0 events):
No events

Classes redefined (0 events):
No events

Internal exceptions (9 events):
Event: 0,031 Thread 0x00007f026400b000 Exception <a 'java/lang/NoSuchMethodError': Method sun.misc.Unsafe.defineClass(Ljava/lang/String;[BII)Ljava/lang/Class; name or signature does not match> (0x00000000e0b07cb0) thrown at [/build/openjdk-8-8u181-b13/src/hotspot/src/share/vm/prims/jni.cpp, li
Event: 0,031 Thread 0x00007f026400b000 Exception <a 'java/lang/NoSuchMethodError': Method sun.misc.Unsafe.prefetchRead(Ljava/lang/Object;J)V name or signature does not match> (0x00000000e0b07f98) thrown at [/build/openjdk-8-8u181-b13/src/hotspot/src/share/vm/prims/jni.cpp, line 4011]
Event: 0,121 Thread 0x00007f026400b000 Exception <a 'java/util/zip/ZipException'> (0x00000000e0b53188) thrown at [/build/openjdk-8-8u181-b13/src/hotspot/src/share/vm/prims/jni.cpp, line 709]
Event: 0,121 Thread 0x00007f026400b000 Exception <a 'java/security/PrivilegedActionException'> (0x00000000e0b53428) thrown at [/build/openjdk-8-8u181-b13/src/hotspot/src/share/vm/prims/jvm.cpp, line 1435]
Event: 0,121 Thread 0x00007f026400b000 Exception <a 'java/security/PrivilegedActionException'> (0x00000000e0b53638) thrown at [/build/openjdk-8-8u181-b13/src/hotspot/src/share/vm/prims/jvm.cpp, line 1435]
Event: 0,191 Thread 0x00007f026400b000 Exception <a 'java/io/FileNotFoundException'> (0x00000000e0c478d0) thrown at [/build/openjdk-8-8u181-b13/src/hotspot/src/share/vm/prims/jni.cpp, line 709]
Event: 1,204 Thread 0x00007f026400b000 Exception <a 'java/io/FileNotFoundException'> (0x00000000e0c533f8) thrown at [/build/openjdk-8-8u181-b13/src/hotspot/src/share/vm/prims/jni.cpp, line 709]
Event: 1,209 Thread 0x00007f026400b000 Exception <a 'java/io/FileNotFoundException'> (0x00000000e0c666a0) thrown at [/build/openjdk-8-8u181-b13/src/hotspot/src/share/vm/prims/jni.cpp, line 709]
Event: 1,254 Thread 0x00007f026400b000 Exception <a 'java/io/FileNotFoundException'> (0x00000000e0c71da8) thrown at [/build/openjdk-8-8u181-b13/src/hotspot/src/share/vm/prims/jni.cpp, line 709]

Events (10 events):
Event: 1,284 loading class gnu/io/RXTXPort$MonitorThread
Event: 1,284 loading class gnu/io/RXTXPort$MonitorThread done
Event: 1,286 Thread 0x00007f026416a000 Thread added: 0x00007f026416a000
Event: 1,292 loading class java/io/BufferedReader
Event: 1,292 loading class java/io/BufferedReader done
Event: 1,292 loading class sun/nio/cs/StreamDecoder
Event: 1,292 loading class sun/nio/cs/StreamDecoder done
Event: 1,293 Thread 0x00007f0264173800 Thread added: 0x00007f0264173800
Event: 1,294 Thread 0x00007f026400b000 Thread exited: 0x00007f026400b000
Event: 1,294 Thread 0x00007f026400b000 Thread added: 0x00007f026400b000


Dynamic libraries:
a2000000-a5f00000 rw-p 00000000 00:00 0 
a5f00000-e0b00000 ---p 00000000 00:00 0 
e0b00000-e2a00000 rw-p 00000000 00:00 0 
e2a00000-100000000 ---p 00000000 00:00 0 
100000000-100080000 rw-p 00000000 00:00 0 
100080000-140000000 ---p 00000000 00:00 0 
5618ed809000-5618ed80a000 r-xp 00000000 08:01 4726424                    /usr/lib/jvm/java-8-openjdk-amd64/jre/bin/java
5618eda09000-5618eda0a000 r--p 00000000 08:01 4726424                    /usr/lib/jvm/java-8-openjdk-amd64/jre/bin/java
5618eda0a000-5618eda0b000 rw-p 00001000 08:01 4726424                    /usr/lib/jvm/java-8-openjdk-amd64/jre/bin/java
5618ee518000-5618ee539000 rw-p 00000000 00:00 0                          [heap]
7f0218000000-7f0218021000 rw-p 00000000 00:00 0 
7f0218021000-7f021c000000 ---p 00000000 00:00 0 
7f0220000000-7f0220021000 rw-p 00000000 00:00 0 
7f0220021000-7f0224000000 ---p 00000000 00:00 0 
7f0224000000-7f0224021000 rw-p 00000000 00:00 0 
7f0224021000-7f0228000000 ---p 00000000 00:00 0 
7f0228fff000-7f022c000000 rw-p 00000000 00:00 0 
7f022c000000-7f022c1ad000 rw-p 00000000 00:00 0 
7f022c1ad000-7f0230000000 ---p 00000000 00:00 0 
7f0230000000-7f0230021000 rw-p 00000000 00:00 0 
7f0230021000-7f0234000000 ---p 00000000 00:00 0 
7f0234000000-7f0234021000 rw-p 00000000 00:00 0 
7f0234021000-7f0238000000 ---p 00000000 00:00 0 
7f0238000000-7f023804f000 rw-p 00000000 00:00 0 
7f023804f000-7f023c000000 ---p 00000000 00:00 0 
7f023c000000-7f023c021000 rw-p 00000000 00:00 0 
7f023c021000-7f0240000000 ---p 00000000 00:00 0 
7f0240000000-7f0240021000 rw-p 00000000 00:00 0 
7f0240021000-7f0244000000 ---p 00000000 00:00 0 
7f0244000000-7f0244021000 rw-p 00000000 00:00 0 
7f0244021000-7f0248000000 ---p 00000000 00:00 0 
7f0248000000-7f0248021000 rw-p 00000000 00:00 0 
7f0248021000-7f024c000000 ---p 00000000 00:00 0 
7f024c000000-7f024c021000 rw-p 00000000 00:00 0 
7f024c021000-7f0250000000 ---p 00000000 00:00 0 
7f02519c6000-7f02519c9000 ---p 00000000 00:00 0 
7f02519c9000-7f0251ac7000 rw-p 00000000 00:00 0 
7f0251ac7000-7f0251aca000 ---p 00000000 00:00 0 
7f0251aca000-7f0251bc8000 rw-p 00000000 00:00 0 
7f0251bc8000-7f0251bd4000 r-xp 00000000 08:01 4729442                    /usr/lib/jvm/java-8-openjdk-amd64/jre/lib/amd64/librxtxSerial.so
7f0251bd4000-7f0251cd3000 ---p 0000c000 08:01 4729442                    /usr/lib/jvm/java-8-openjdk-amd64/jre/lib/amd64/librxtxSerial.so
7f0251cd3000-7f0251cd5000 rw-p 0000b000 08:01 4729442                    /usr/lib/jvm/java-8-openjdk-amd64/jre/lib/amd64/librxtxSerial.so
7f0251cd5000-7f0251cec000 r-xp 00000000 08:01 4733952                    /usr/lib/jvm/java-8-openjdk-amd64/jre/lib/amd64/libnet.so
7f0251cec000-7f0251eeb000 ---p 00017000 08:01 4733952                    /usr/lib/jvm/java-8-openjdk-amd64/jre/lib/amd64/libnet.so
7f0251eeb000-7f0251eec000 r--p 00016000 08:01 4733952                    /usr/lib/jvm/java-8-openjdk-amd64/jre/lib/amd64/libnet.so
7f0251eec000-7f0251eed000 rw-p 00017000 08:01 4733952                    /usr/lib/jvm/java-8-openjdk-amd64/jre/lib/amd64/libnet.so
7f0251eed000-7f0251efe000 r-xp 00000000 08:01 4733953                    /usr/lib/jvm/java-8-openjdk-amd64/jre/lib/amd64/libnio.so
7f0251efe000-7f02520fe000 ---p 00011000 08:01 4733953                    /usr/lib/jvm/java-8-openjdk-amd64/jre/lib/amd64/libnio.so
7f02520fe000-7f02520ff000 r--p 00011000 08:01 4733953                    /usr/lib/jvm/java-8-openjdk-amd64/jre/lib/amd64/libnio.so
7f02520ff000-7f0252100000 rw-p 00012000 08:01 4733953                    /usr/lib/jvm/java-8-openjdk-amd64/jre/lib/amd64/libnio.so
7f0252100000-7f0255000000 rw-p 00000000 00:00 0 
7f0255000000-7f0255270000 rwxp 00000000 00:00 0 
7f0255270000-7f0264000000 ---p 00000000 00:00 0 
7f0264000000-7f026417d000 rw-p 00000000 00:00 0 
7f026417d000-7f0268000000 ---p 00000000 00:00 0 
7f026801f000-7f0268026000 r--s 00000000 08:01 4196578                    /usr/lib/x86_64-linux-gnu/gconv/gconv-modules.cache
7f0268026000-7f026804d000 r--p 00000000 08:01 4200545                    /usr/share/locale/fr/LC_MESSAGES/libc.mo
7f026804d000-7f0268050000 r--s 00038000 08:01 4733979                    /usr/lib/jvm/java-8-openjdk-amd64/jre/lib/ext/sunpkcs11.jar
7f0268050000-7f0268052000 r--s 00001000 08:01 4733972                    /usr/lib/jvm/java-8-openjdk-amd64/jre/lib/ext/dnsns.jar
7f0268052000-7f0268055000 r--s 0000f000 08:01 4733973                    /usr/lib/jvm/java-8-openjdk-amd64/jre/lib/ext/icedtea-sound.jar
7f0268055000-7f0268057000 r--s 00007000 08:01 4592403                    /usr/share/java/java-atk-wrapper.jar
7f0268057000-7f0268058000 r--s 00010000 08:01 4733980                    /usr/lib/jvm/java-8-openjdk-amd64/jre/lib/ext/zipfs.jar
7f0268058000-7f0268073000 r--s 00394000 08:01 4733971                    /usr/lib/jvm/java-8-openjdk-amd64/jre/lib/ext/cldrdata.jar
7f0268073000-7f0268074000 r--s 0000a000 08:01 4733974                    /usr/lib/jvm/java-8-openjdk-amd64/jre/lib/ext/jaccess.jar
7f0268074000-7f0268076000 r--s 0000d000 08:01 4731691                    /usr/lib/jvm/java-8-openjdk-amd64/jre/lib/ext/RXTXcomm.jar
7f0268076000-7f0268077000 ---p 00000000 00:00 0 
7f0268077000-7f0268177000 rw-p 00000000 00:00 0 
7f0268177000-7f026817a000 ---p 00000000 00:00 0 
7f026817a000-7f0268278000 rw-p 00000000 00:00 0 
7f0268278000-7f026827b000 ---p 00000000 00:00 0 
7f026827b000-7f0268379000 rw-p 00000000 00:00 0 
7f0268379000-7f026837c000 ---p 00000000 00:00 0 
7f026837c000-7f026847a000 rw-p 00000000 00:00 0 
7f026847a000-7f026847d000 ---p 00000000 00:00 0 
7f026847d000-7f026857b000 rw-p 00000000 00:00 0 
7f026857b000-7f0268716000 r--p 00000000 08:01 4194598                    /usr/lib/locale/locale-archive
7f0268716000-7f0268719000 ---p 00000000 00:00 0 
7f0268719000-7f0268817000 rw-p 00000000 00:00 0 
7f0268817000-7f026881a000 ---p 00000000 00:00 0 
7f026881a000-7f0268918000 rw-p 00000000 00:00 0 
7f0268918000-7f0268919000 ---p 00000000 00:00 0 
7f0268919000-7f02693b2000 rw-p 00000000 00:00 0 
7f02693b2000-7f0269581000 r--s 03c33000 08:01 4733997                    /usr/lib/jvm/java-8-openjdk-amd64/jre/lib/rt.jar
7f0269581000-7f02695f7000 rw-p 00000000 00:00 0 
7f02695f7000-7f0269a37000 rw-p 00000000 00:00 0 
7f0269a37000-7f0269df7000 ---p 00000000 00:00 0 
7f0269df7000-7f026a0e7000 rw-p 00000000 00:00 0 
7f026a0e7000-7f026a0e8000 ---p 00000000 00:00 0 
7f026a0e8000-7f026a1e8000 rw-p 00000000 00:00 0 
7f026a1e8000-7f026a1e9000 ---p 00000000 00:00 0 
7f026a1e9000-7f026a2e9000 rw-p 00000000 00:00 0 
7f026a2e9000-7f026a309000 rw-p 00000000 00:00 0 
7f026a309000-7f026a4df000 ---p 00000000 00:00 0 
7f026a4df000-7f026a4ff000 rw-p 00000000 00:00 0 
7f026a4ff000-7f026a6d4000 ---p 00000000 00:00 0 
7f026a6d4000-7f026a6e4000 rw-p 00000000 00:00 0 
7f026a6e4000-7f026a7cf000 ---p 00000000 00:00 0 
7f026a7cf000-7f026a7da000 rw-p 00000000 00:00 0 
7f026a7da000-7f026ab90000 ---p 00000000 00:00 0 
7f026ab90000-7f026ab98000 r-xp 00000000 08:01 4733960                    /usr/lib/jvm/java-8-openjdk-amd64/jre/lib/amd64/libzip.so
7f026ab98000-7f026ad97000 ---p 00008000 08:01 4733960                    /usr/lib/jvm/java-8-openjdk-amd64/jre/lib/amd64/libzip.so
7f026ad97000-7f026ad98000 r--p 00007000 08:01 4733960                    /usr/lib/jvm/java-8-openjdk-amd64/jre/lib/amd64/libzip.so
7f026ad98000-7f026ad99000 rw-p 00008000 08:01 4733960                    /usr/lib/jvm/java-8-openjdk-amd64/jre/lib/amd64/libzip.so
7f026ad99000-7f026ada3000 r-xp 00000000 08:01 786450                     /lib/x86_64-linux-gnu/libnss_files-2.24.so
7f026ada3000-7f026afa3000 ---p 0000a000 08:01 786450                     /lib/x86_64-linux-gnu/libnss_files-2.24.so
7f026afa3000-7f026afa4000 r--p 0000a000 08:01 786450                     /lib/x86_64-linux-gnu/libnss_files-2.24.so
7f026afa4000-7f026afa5000 rw-p 0000b000 08:01 786450                     /lib/x86_64-linux-gnu/libnss_files-2.24.so
7f026afa5000-7f026afab000 rw-p 00000000 00:00 0 
7f026afab000-7f026afb6000 r-xp 00000000 08:01 786452                     /lib/x86_64-linux-gnu/libnss_nis-2.24.so
7f026afb6000-7f026b1b5000 ---p 0000b000 08:01 786452                     /lib/x86_64-linux-gnu/libnss_nis-2.24.so
7f026b1b5000-7f026b1b6000 r--p 0000a000 08:01 786452                     /lib/x86_64-linux-gnu/libnss_nis-2.24.so
7f026b1b6000-7f026b1b7000 rw-p 0000b000 08:01 786452                     /lib/x86_64-linux-gnu/libnss_nis-2.24.so
7f026b1b7000-7f026b1cb000 r-xp 00000000 08:01 786447                     /lib/x86_64-linux-gnu/libnsl-2.24.so
7f026b1cb000-7f026b3cb000 ---p 00014000 08:01 786447                     /lib/x86_64-linux-gnu/libnsl-2.24.so
7f026b3cb000-7f026b3cc000 r--p 00014000 08:01 786447                     /lib/x86_64-linux-gnu/libnsl-2.24.so
7f026b3cc000-7f026b3cd000 rw-p 00015000 08:01 786447                     /lib/x86_64-linux-gnu/libnsl-2.24.so
7f026b3cd000-7f026b3cf000 rw-p 00000000 00:00 0 
7f026b3cf000-7f026b3d6000 r-xp 00000000 08:01 786448                     /lib/x86_64-linux-gnu/libnss_compat-2.24.so
7f026b3d6000-7f026b5d5000 ---p 00007000 08:01 786448                     /lib/x86_64-linux-gnu/libnss_compat-2.24.so
7f026b5d5000-7f026b5d6000 r--p 00006000 08:01 786448                     /lib/x86_64-linux-gnu/libnss_compat-2.24.so
7f026b5d6000-7f026b5d7000 rw-p 00007000 08:01 786448                     /lib/x86_64-linux-gnu/libnss_compat-2.24.so
7f026b5d7000-7f026b604000 r-xp 00000000 08:01 4733941                    /usr/lib/jvm/java-8-openjdk-amd64/jre/lib/amd64/libjava.so
7f026b604000-7f026b804000 ---p 0002d000 08:01 4733941                    /usr/lib/jvm/java-8-openjdk-amd64/jre/lib/amd64/libjava.so
7f026b804000-7f026b805000 r--p 0002d000 08:01 4733941                    /usr/lib/jvm/java-8-openjdk-amd64/jre/lib/amd64/libjava.so
7f026b805000-7f026b807000 rw-p 0002e000 08:01 4733941                    /usr/lib/jvm/java-8-openjdk-amd64/jre/lib/amd64/libjava.so
7f026b807000-7f026b816000 r-xp 00000000 08:01 4733959                    /usr/lib/jvm/java-8-openjdk-amd64/jre/lib/amd64/libverify.so
7f026b816000-7f026ba16000 ---p 0000f000 08:01 4733959                    /usr/lib/jvm/java-8-openjdk-amd64/jre/lib/amd64/libverify.so
7f026ba16000-7f026ba18000 r--p 0000f000 08:01 4733959                    /usr/lib/jvm/java-8-openjdk-amd64/jre/lib/amd64/libverify.so
7f026ba18000-7f026ba19000 rw-p 00011000 08:01 4733959                    /usr/lib/jvm/java-8-openjdk-amd64/jre/lib/amd64/libverify.so
7f026ba19000-7f026ba20000 r-xp 00000000 08:01 786457                     /lib/x86_64-linux-gnu/librt-2.24.so
7f026ba20000-7f026bc1f000 ---p 00007000 08:01 786457                     /lib/x86_64-linux-gnu/librt-2.24.so
7f026bc1f000-7f026bc20000 r--p 00006000 08:01 786457                     /lib/x86_64-linux-gnu/librt-2.24.so
7f026bc20000-7f026bc21000 rw-p 00007000 08:01 786457                     /lib/x86_64-linux-gnu/librt-2.24.so
7f026bc21000-7f026bc37000 r-xp 00000000 08:01 786436                     /lib/x86_64-linux-gnu/libgcc_s.so.1
7f026bc37000-7f026be36000 ---p 00016000 08:01 786436                     /lib/x86_64-linux-gnu/libgcc_s.so.1
7f026be36000-7f026be37000 r--p 00015000 08:01 786436                     /lib/x86_64-linux-gnu/libgcc_s.so.1
7f026be37000-7f026be38000 rw-p 00016000 08:01 786436                     /lib/x86_64-linux-gnu/libgcc_s.so.1
7f026be38000-7f026bf3b000 r-xp 00000000 08:01 786444                     /lib/x86_64-linux-gnu/libm-2.24.so
7f026bf3b000-7f026c13a000 ---p 00103000 08:01 786444                     /lib/x86_64-linux-gnu/libm-2.24.so
7f026c13a000-7f026c13b000 r--p 00102000 08:01 786444                     /lib/x86_64-linux-gnu/libm-2.24.so
7f026c13b000-7f026c13c000 rw-p 00103000 08:01 786444                     /lib/x86_64-linux-gnu/libm-2.24.so
7f026c13c000-7f026c2ae000 r-xp 00000000 08:01 4199793                    /usr/lib/x86_64-linux-gnu/libstdc++.so.6.0.22
7f026c2ae000-7f026c4ae000 ---p 00172000 08:01 4199793                    /usr/lib/x86_64-linux-gnu/libstdc++.so.6.0.22
7f026c4ae000-7f026c4b8000 r--p 00172000 08:01 4199793                    /usr/lib/x86_64-linux-gnu/libstdc++.so.6.0.22
7f026c4b8000-7f026c4ba000 rw-p 0017c000 08:01 4199793                    /usr/lib/x86_64-linux-gnu/libstdc++.so.6.0.22
7f026c4ba000-7f026c4be000 rw-p 00000000 00:00 0 
7f026c4be000-7f026d11d000 r-xp 00000000 08:01 4733962                    /usr/lib/jvm/java-8-openjdk-amd64/jre/lib/amd64/server/libjvm.so
7f026d11d000-7f026d31c000 ---p 00c5f000 08:01 4733962                    /usr/lib/jvm/java-8-openjdk-amd64/jre/lib/amd64/server/libjvm.so
7f026d31c000-7f026d3b0000 r--p 00c5e000 08:01 4733962                    /usr/lib/jvm/java-8-openjdk-amd64/jre/lib/amd64/server/libjvm.so
7f026d3b0000-7f026d3d9000 rw-p 00cf2000 08:01 4733962                    /usr/lib/jvm/java-8-openjdk-amd64/jre/lib/amd64/server/libjvm.so
7f026d3d9000-7f026d409000 rw-p 00000000 00:00 0 
7f026d409000-7f026d59e000 r-xp 00000000 08:01 786440                     /lib/x86_64-linux-gnu/libc-2.24.so
7f026d59e000-7f026d79e000 ---p 00195000 08:01 786440                     /lib/x86_64-linux-gnu/libc-2.24.so
7f026d79e000-7f026d7a2000 r--p 00195000 08:01 786440                     /lib/x86_64-linux-gnu/libc-2.24.so
7f026d7a2000-7f026d7a4000 rw-p 00199000 08:01 786440                     /lib/x86_64-linux-gnu/libc-2.24.so
7f026d7a4000-7f026d7a8000 rw-p 00000000 00:00 0 
7f026d7a8000-7f026d7ab000 r-xp 00000000 08:01 786443                     /lib/x86_64-linux-gnu/libdl-2.24.so
7f026d7ab000-7f026d9aa000 ---p 00003000 08:01 786443                     /lib/x86_64-linux-gnu/libdl-2.24.so
7f026d9aa000-7f026d9ab000 r--p 00002000 08:01 786443                     /lib/x86_64-linux-gnu/libdl-2.24.so
7f026d9ab000-7f026d9ac000 rw-p 00003000 08:01 786443                     /lib/x86_64-linux-gnu/libdl-2.24.so
7f026d9ac000-7f026d9b9000 r-xp 00000000 08:01 4726684                    /usr/lib/jvm/java-8-openjdk-amd64/jre/lib/amd64/jli/libjli.so
7f026d9b9000-7f026dbb9000 ---p 0000d000 08:01 4726684                    /usr/lib/jvm/java-8-openjdk-amd64/jre/lib/amd64/jli/libjli.so
7f026dbb9000-7f026dbba000 r--p 0000d000 08:01 4726684                    /usr/lib/jvm/java-8-openjdk-amd64/jre/lib/amd64/jli/libjli.so
7f026dbba000-7f026dbbb000 rw-p 0000e000 08:01 4726684                    /usr/lib/jvm/java-8-openjdk-amd64/jre/lib/amd64/jli/libjli.so
7f026dbbb000-7f026dbd4000 r-xp 00000000 08:01 786522                     /lib/x86_64-linux-gnu/libz.so.1.2.8
7f026dbd4000-7f026ddd3000 ---p 00019000 08:01 786522                     /lib/x86_64-linux-gnu/libz.so.1.2.8
7f026ddd3000-7f026ddd4000 r--p 00018000 08:01 786522                     /lib/x86_64-linux-gnu/libz.so.1.2.8
7f026ddd4000-7f026ddd5000 rw-p 00019000 08:01 786522                     /lib/x86_64-linux-gnu/libz.so.1.2.8
7f026ddd5000-7f026dded000 r-xp 00000000 08:01 786455                     /lib/x86_64-linux-gnu/libpthread-2.24.so
7f026dded000-7f026dfec000 ---p 00018000 08:01 786455                     /lib/x86_64-linux-gnu/libpthread-2.24.so
7f026dfec000-7f026dfed000 r--p 00017000 08:01 786455                     /lib/x86_64-linux-gnu/libpthread-2.24.so
7f026dfed000-7f026dfee000 rw-p 00018000 08:01 786455                     /lib/x86_64-linux-gnu/libpthread-2.24.so
7f026dfee000-7f026dff2000 rw-p 00000000 00:00 0 
7f026dff2000-7f026e015000 r-xp 00000000 08:01 786435                     /lib/x86_64-linux-gnu/ld-2.24.so
7f026e015000-7f026e017000 r--s 00008000 08:01 4733977                    /usr/lib/jvm/java-8-openjdk-amd64/jre/lib/ext/sunec.jar
7f026e017000-7f026e032000 r--s 001d6000 08:01 4733976                    /usr/lib/jvm/java-8-openjdk-amd64/jre/lib/ext/nashorn.jar
7f026e032000-7f026e0d6000 rw-p 00000000 00:00 0 
7f026e0d6000-7f026e0f4000 rw-p 00000000 00:00 0 
7f026e0f4000-7f026e0f7000 ---p 00000000 00:00 0 
7f026e0f7000-7f026e1f7000 rw-p 00000000 00:00 0 
7f026e1f7000-7f026e1fd000 r--s 0003b000 08:01 4733978                    /usr/lib/jvm/java-8-openjdk-amd64/jre/lib/ext/sunjce_provider.jar
7f026e1fd000-7f026e207000 r--s 00116000 08:01 4733975                    /usr/lib/jvm/java-8-openjdk-amd64/jre/lib/ext/localedata.jar
7f026e207000-7f026e208000 r--s 00006000 08:01 4730049                    /usr/lib/jvm/java-8-openjdk-amd64/jre/lib/ext/comm-2.0.jar
7f026e208000-7f026e210000 rw-s 00000000 08:01 3015572                    /tmp/hsperfdata_david/7241
7f026e210000-7f026e211000 rw-p 00000000 00:00 0 
7f026e211000-7f026e212000 r--p 00000000 00:00 0 
7f026e212000-7f026e215000 rw-p 00000000 00:00 0 
7f026e215000-7f026e216000 r--p 00023000 08:01 786435                     /lib/x86_64-linux-gnu/ld-2.24.so
7f026e216000-7f026e217000 rw-p 00024000 08:01 786435                     /lib/x86_64-linux-gnu/ld-2.24.so
7f026e217000-7f026e218000 rw-p 00000000 00:00 0 
7ffc0468e000-7ffc046af000 rw-p 00000000 00:00 0                          [stack]
7ffc04786000-7ffc04788000 r--p 00000000 00:00 0                          [vvar]
7ffc04788000-7ffc0478a000 r-xp 00000000 00:00 0                          [vdso]
ffffffffff600000-ffffffffff601000 r-xp 00000000 00:00 0                  [vsyscall]

VM Arguments:
jvm_args: -Dfile.encoding=UTF-8 
java_command: org.ardulink.Test
java_class_path (initial): /home/david/workspaces/robot/bin:/home/david/workspaces/robot/lib/ardulink-core-base-2.1.0.jar:/home/david/workspaces/robot/lib/ardulink-core-beans-2.1.0.jar:/home/david/workspaces/robot/lib/ardulink-core-proxy-2.1.0.jar:/home/david/workspaces/robot/lib/ardulink-core-serial-rxtx-2.1.0.jar:/home/david/workspaces/robot/lib/ardulink-core-util-2.1.0.jar:/home/david/workspaces/robot/lib/args4j-2.32.jar:/home/david/workspaces/robot/lib/slf4j-api-1.7.12.jar:/home/david/workspaces/robot/lib/validation-api-1.0.0.GA.jar:/home/david/workspaces/robot/lib/slf4j-jdk14-1.7.12.jar:/home/david/workspaces/robot/lib/rxtx-2.1.7.jar:/home/david/workspaces/robot/lib/example-datareceiver-2.1.0.jar
Launcher Type: SUN_STANDARD

Environment Variables:
PATH=/usr/local/bin:/usr/bin:/bin:/usr/local/games:/usr/games
USERNAME=david
SHELL=/bin/bash
DISPLAY=:0

Signal Handlers:
SIGSEGV: [libjvm.so+0xa74b40], sa_mask[0]=11111111011111111101111111111110, sa_flags=SA_RESTART|SA_SIGINFO
SIGBUS: [libjvm.so+0xa74b40], sa_mask[0]=11111111011111111101111111111110, sa_flags=SA_RESTART|SA_SIGINFO
SIGFPE: [libjvm.so+0x8bd510], sa_mask[0]=11111111011111111101111111111110, sa_flags=SA_RESTART|SA_SIGINFO
SIGPIPE: [libjvm.so+0x8bd510], sa_mask[0]=11111111011111111101111111111110, sa_flags=SA_RESTART|SA_SIGINFO
SIGXFSZ: [libjvm.so+0x8bd510], sa_mask[0]=11111111011111111101111111111110, sa_flags=SA_RESTART|SA_SIGINFO
SIGILL: [libjvm.so+0x8bd510], sa_mask[0]=11111111011111111101111111111110, sa_flags=SA_RESTART|SA_SIGINFO
SIGUSR1: SIG_DFL, sa_mask[0]=00000000000000000000000000000000, sa_flags=none
SIGUSR2: [libjvm.so+0x8bd3c0], sa_mask[0]=00100000000000000000000000000000, sa_flags=SA_RESTART|SA_SIGINFO
SIGHUP: [libjvm.so+0x8bd870], sa_mask[0]=11111111011111111101111111111110, sa_flags=SA_RESTART|SA_SIGINFO
SIGINT: [libjvm.so+0x8bd870], sa_mask[0]=11111111011111111101111111111110, sa_flags=SA_RESTART|SA_SIGINFO
SIGTERM: [libjvm.so+0x8bd870], sa_mask[0]=11111111011111111101111111111110, sa_flags=SA_RESTART|SA_SIGINFO
SIGQUIT: [libjvm.so+0x8bd870], sa_mask[0]=11111111011111111101111111111110, sa_flags=SA_RESTART|SA_SIGINFO


---------------  S Y S T E M  ---------------

OS:PRETTY_NAME="Debian GNU/Linux 9 (stretch)"
NAME="Debian GNU/Linux"
VERSION_ID="9"
VERSION="9 (stretch)"
ID=debian
HOME_URL="https://www.debian.org/"
SUPPORT_URL="https://www.debian.org/support"
BUG_REPORT_URL="https://bugs.debian.org/"

uname:Linux 4.9.0-7-amd64 #1 SMP Debian 4.9.110-3+deb9u2 (2018-08-13) x86_64
libc:glibc 2.24 NPTL 2.24 
rlimit: STACK 8192k, CORE 0k, NPROC 23974, NOFILE 1048576, AS infinity
load average:0,60 0,46 0,39

/proc/meminfo:
MemTotal:        6160000 kB
MemFree:          367168 kB
MemAvailable:    3255896 kB
Buffers:          252252 kB
Cached:          2944116 kB
SwapCached:            0 kB
Active:          2744952 kB
Inactive:        2754740 kB
Active(anon):    1906780 kB
Inactive(anon):   550712 kB
Active(file):     838172 kB
Inactive(file):  2204028 kB
Unevictable:          32 kB
Mlocked:              32 kB
SwapTotal:        521212 kB
SwapFree:         521212 kB
Dirty:               192 kB
Writeback:             0 kB
AnonPages:       2303380 kB
Mapped:           527840 kB
Shmem:            154172 kB
Slab:             161508 kB
SReclaimable:     120140 kB
SUnreclaim:        41368 kB
KernelStack:       12336 kB
PageTables:        41592 kB
NFS_Unstable:          0 kB
Bounce:                0 kB
WritebackTmp:          0 kB
CommitLimit:     3601212 kB
Committed_AS:    7879008 kB
VmallocTotal:   34359738367 kB
VmallocUsed:           0 kB
VmallocChunk:          0 kB
HardwareCorrupted:     0 kB
AnonHugePages:         0 kB
ShmemHugePages:        0 kB
ShmemPmdMapped:        0 kB
HugePages_Total:       0
HugePages_Free:        0
HugePages_Rsvd:        0
HugePages_Surp:        0
Hugepagesize:       2048 kB
DirectMap4k:      130944 kB
DirectMap2M:     5177344 kB
DirectMap1G:     2097152 kB


CPU:total 2 (initial active 2) (1 cores per cpu, 1 threads per core) family 6 model 69 stepping 1, cmov, cx8, fxsr, mmx, sse, sse2, sse3, ssse3, sse4.1, sse4.2, popcnt, avx, avx2, aes, clmul, erms, lzcnt, tsc, tscinvbit, bmi1, bmi2

/proc/cpuinfo:
processor	: 0
vendor_id	: GenuineIntel
cpu family	: 6
model		: 69
model name	: Intel(R) Core(TM) i7-4500U CPU @ 1.80GHz
stepping	: 1
microcode	: 0x23
cpu MHz		: 2400.579
cache size	: 4096 KB
physical id	: 0
siblings	: 1
core id		: 0
cpu cores	: 1
apicid		: 0
initial apicid	: 0
fpu		: yes
fpu_exception	: yes
cpuid level	: 13
wp		: yes
flags		: fpu vme de pse tsc msr pae mce cx8 apic sep mtrr pge mca cmov pat pse36 clflush mmx fxsr sse sse2 ss syscall nx pdpe1gb rdtscp lm constant_tsc arch_perfmon nopl xtopology tsc_reliable nonstop_tsc pni pclmulqdq ssse3 fma cx16 pcid sse4_1 sse4_2 x2apic movbe popcnt tsc_deadline_timer aes xsave avx f16c rdrand hypervisor lahf_lm abm invpcid_single ibrs ibpb stibp kaiser fsgsbase tsc_adjust bmi1 avx2 smep bmi2 invpcid xsaveopt arat arch_capabilities
bugs		: cpu_meltdown spectre_v1 spectre_v2 spec_store_bypass
bogomips	: 4802.00
clflush size	: 64
cache_alignment	: 64
address sizes	: 43 bits physical, 48 bits virtual
power management:

processor	: 1
vendor_id	: GenuineIntel
cpu family	: 6
model		: 69
model name	: Intel(R) Core(TM) i7-4500U CPU @ 1.80GHz
stepping	: 1
microcode	: 0x23
cpu MHz		: 2400.579
cache size	: 4096 KB
physical id	: 2
siblings	: 1
core id		: 0
cpu cores	: 1
apicid		: 2
initial apicid	: 2
fpu		: yes
fpu_exception	: yes
cpuid level	: 13
wp		: yes
flags		: fpu vme de pse tsc msr pae mce cx8 apic sep mtrr pge mca cmov pat pse36 clflush mmx fxsr sse sse2 ss syscall nx pdpe1gb rdtscp lm constant_tsc arch_perfmon nopl xtopology tsc_reliable nonstop_tsc pni pclmulqdq ssse3 fma cx16 pcid sse4_1 sse4_2 x2apic movbe popcnt tsc_deadline_timer aes xsave avx f16c rdrand hypervisor lahf_lm abm invpcid_single ibrs ibpb stibp kaiser fsgsbase tsc_adjust bmi1 avx2 smep bmi2 invpcid xsaveopt arat arch_capabilities
bugs		: cpu_meltdown spectre_v1 spectre_v2 spec_store_bypass
bogomips	: 4802.00
clflush size	: 64
cache_alignment	: 64
address sizes	: 43 bits physical, 48 bits virtual
power management:



Memory: 4k page, physical 6160000k(367168k free), swap 521212k(521212k free)

vm_info: OpenJDK 64-Bit Server VM (25.181-b13) for linux-amd64 JRE (1.8.0_181-8u181-b13-2~deb9u1-b13), built on Oct 22 2018 18:05:23 by "pbuilder" with gcc 6.3.0 20170516

time: Sun Jan 20 02:46:56 2019
elapsed time: 1 seconds (0d 0h 0m 1s)

