#
# A fatal error has been detected by the Java Runtime Environment:
#
#  SIGSEGV (0xb) at pc=0x00007f9f8ae28462, pid=7131, tid=0x00007f9f8adf3700
#
# JRE version: OpenJDK Runtime Environment (8.0_181-b13) (build 1.8.0_181-8u181-b13-2~deb9u1-b13)
# Java VM: OpenJDK 64-Bit Server VM (25.181-b13 mixed mode linux-amd64 compressed oops)
# Problematic frame:
# C  [librxtxSerial.so+0x6462]  read_byte_array+0x52
#
# Failed to write core dump. Core dumps have been disabled. To enable core dumping, try "ulimit -c unlimited" before starting Java again
#
# If you would like to submit a bug report, please visit:
#   http://bugreport.java.com/bugreport/crash.jsp
# The crash happened outside the Java Virtual Machine in native code.
# See problematic frame for where to report the bug.
#

---------------  T H R E A D  ---------------

Current thread (0x00007f9fa416a000):  JavaThread "Thread-0" [_thread_in_native, id=7152, stack(0x00007f9f8acf3000,0x00007f9f8adf4000)]

siginfo: si_signo: 11 (SIGSEGV), si_code: 1 (SEGV_MAPERR), si_addr: 0xffffffff8adf27d8

Registers:
RAX=0xffffffff8adf27d0, RBX=0xffffffffffffffff, RCX=0x0000000000000001, RDX=0x00007f9faa5fa678
RSP=0x00007f9f8adf1b60, RBP=0x00007f9fa416a1e0, RSI=0x00007f9f8ae2be30, RDI=0x00007f9f8ae2bd3e
R8 =0x00007f9f90c566f0, R9 =0x00000000e0c933a0, R10=0x0000000000000002, R11=0x00007f9faa5fecbc
R12=0x00000000ffffffff, R13=0x0000000000000000, R14=0x0000000000000011, R15=0x0000000000000000
RIP=0x00007f9f8ae28462, EFLAGS=0x0000000000010202, CSGSFS=0x002b000000000033, ERR=0x0000000000000005
  TRAPNO=0x000000000000000e

Top of Stack: (sp=0x00007f9f8adf1b60)
0x00007f9f8adf1b60:   0000000000000000 0000000000000000
0x00007f9f8adf1b70:   0000000000000000 0000000000000000
0x00007f9f8adf1b80:   0000000000000000 ffffffff8adf27d0
0x00007f9f8adf1b90:   0000000000000000 0000000000000000
0x00007f9f8adf1ba0:   0000000000000000 000000ae00000000
0x00007f9f8adf1bb0:   00007f9f5c0011a0 0000001100000000
0x00007f9f8adf1bc0:   0000000000000000 0000000000000000
0x00007f9f8adf1bd0:   0000000000000000 0000000000000000
0x00007f9f8adf1be0:   0000000000000000 0000000000000000
0x00007f9f8adf1bf0:   0000000000000000 0000000000000000
0x00007f9f8adf1c00:   0000000000000000 0000000000000000
0x00007f9f8adf1c10:   0000000000000000 0000000000000000
0x00007f9f8adf1c20:   0000000000000000 0000000000000000
0x00007f9f8adf1c30:   0000000000000000 0000000000000000
0x00007f9f8adf1c40:   0000000000000000 689e238abf300900
0x00007f9f8adf1c50:   00007f9fa416a1e0 ffffffffffffffff
0x00007f9f8adf1c60:   00007f9fa416a1e0 00007f9f5c0011a0
0x00007f9f8adf1c70:   00000000000000ae 0000000000000011
0x00007f9f8adf1c80:   0000000000000000 00007f9f8ae288a1
0x00007f9f8adf1c90:   00007f9f90c64648 00007f9f8adf1d78
0x00007f9f8adf1ca0:   00007f9f8adf1d80 00007f9f90c59e48
0x00007f9f8adf1cb0:   00007f9f8adf1d48 0000000000000000
0x00007f9f8adf1cc0:   00007f9f90c59e40 00007f9f8adf1d80
0x00007f9f8adf1cd0:   00007f9fa416a000 00007f9f94bfd407
0x00007f9f8adf1ce0:   00007f9f90c59e40 00007f9f8adf1d80
0x00007f9f8adf1cf0:   00007f9f8adf1d48 00007f9f94bfd167
0x00007f9f8adf1d00:   00007f9f94bfd122 00007f9f8adf1d08
0x00007f9f8adf1d10:   00007f9f90c59e40 00007f9f8adf1d80
0x00007f9f8adf1d20:   00007f9f90c659c8 0000000000000000
0x00007f9f8adf1d30:   00007f9f90c59e48 0000000000000000
0x00007f9f8adf1d40:   00007f9f8adf1d68 00007f9f8adf1dd8
0x00007f9f8adf1d50:   00007f9f94beca40 0000000000000000 

Instructions: (pc=0x00007f9f8ae28462)
0x00007f9f8ae28442:   89 44 24 4c 48 c7 44 24 40 00 00 00 00 48 c7 44
0x00007f9f8ae28452:   24 38 00 00 00 00 e8 53 d7 ff ff 48 89 44 24 28
0x00007f9f8ae28462:   8b 40 08 45 85 e4 48 8b 54 24 28 44 8b 7c 24 4c
0x00007f9f8ae28472:   89 44 24 34 c7 42 08 00 00 00 00 78 0c 31 c0 e8 

Register to memory mapping:

RAX=0xffffffff8adf27d0 is an unknown value
RBX=0xffffffffffffffff is an unknown value
RCX=0x0000000000000001 is an unknown value
RDX=0x00007f9faa5fa678: <offset 0xf2a678> in /usr/lib/jvm/java-8-openjdk-amd64/jre/lib/amd64/server/libjvm.so at 0x00007f9fa96d0000
RSP=0x00007f9f8adf1b60 is pointing into the stack for thread: 0x00007f9fa416a000
RBP=0x00007f9fa416a1e0 is an unknown value
RSI=0x00007f9f8ae2be30: <offset 0x9e30> in /usr/lib/jvm/java-8-openjdk-amd64/jre/lib/amd64/librxtxSerial.so at 0x00007f9f8ae22000
RDI=0x00007f9f8ae2bd3e: <offset 0x9d3e> in /usr/lib/jvm/java-8-openjdk-amd64/jre/lib/amd64/librxtxSerial.so at 0x00007f9f8ae22000
R8 =0x00007f9f90c566f0 is pointing into metadata
R9 =0x00000000e0c933a0 is an oop
gnu.io.RXTXPort 
 - klass: 'gnu/io/RXTXPort'
R10=0x0000000000000002 is an unknown value
R11=0x00007f9faa5fecbc: <offset 0xf2ecbc> in /usr/lib/jvm/java-8-openjdk-amd64/jre/lib/amd64/server/libjvm.so at 0x00007f9fa96d0000
R12=0x00000000ffffffff is an unallocated location in the heap
R13=0x0000000000000000 is an unknown value
R14=0x0000000000000011 is an unknown value
R15=0x0000000000000000 is an unknown value


Stack: [0x00007f9f8acf3000,0x00007f9f8adf4000],  sp=0x00007f9f8adf1b60,  free space=1018k
Native frames: (J=compiled Java code, j=interpreted, Vv=VM code, C=native code)
C  [librxtxSerial.so+0x6462]  read_byte_array+0x52

Java frames: (J=compiled Java code, j=interpreted, Vv=VM code)
j  gnu.io.RXTXPort.readArray([BII)I+0
j  gnu.io.RXTXPort$SerialInputStream.read([BII)I+187
j  sun.nio.cs.StreamDecoder.readBytes()I+135
j  sun.nio.cs.StreamDecoder.implRead([CII)I+112
j  sun.nio.cs.StreamDecoder.read([CII)I+180
j  java.io.InputStreamReader.read([CII)I+7
j  java.io.BufferedReader.fill()V+145
j  java.io.BufferedReader.readLine(Z)Ljava/lang/String;+44
j  java.io.BufferedReader.readLine()Ljava/lang/String;+2
j  org.ardulink.Test.serialEvent(Lgnu/io/SerialPortEvent;)V+12
j  gnu.io.RXTXPort.sendEvent(IZ)Z+382
v  ~StubRoutines::call_stub
j  gnu.io.RXTXPort.eventLoop()V+0
j  gnu.io.RXTXPort$MonitorThread.run()V+12
v  ~StubRoutines::call_stub

---------------  P R O C E S S  ---------------

Java Threads: ( => current thread )
  0x00007f9fa400b000 JavaThread "DestroyJavaVM" [_thread_blocked, id=7133, stack(0x00007f9fab306000,0x00007f9fab407000)]
  0x00007f9fa4186800 JavaThread "Thread-1" [_thread_blocked, id=7153, stack(0x00007f9f8abf2000,0x00007f9f8acf3000)]
=>0x00007f9fa416a000 JavaThread "Thread-0" [_thread_in_native, id=7152, stack(0x00007f9f8acf3000,0x00007f9f8adf4000)]
  0x00007f9fa40ba800 JavaThread "Service Thread" daemon [_thread_blocked, id=7150, stack(0x00007f9f8b45b000,0x00007f9f8b55c000)]
  0x00007f9fa40b7800 JavaThread "C1 CompilerThread1" daemon [_thread_blocked, id=7149, stack(0x00007f9f8b55c000,0x00007f9f8b65d000)]
  0x00007f9fa40b4800 JavaThread "C2 CompilerThread0" daemon [_thread_blocked, id=7148, stack(0x00007f9f8b65d000,0x00007f9f8b75e000)]
  0x00007f9fa40b3000 JavaThread "Signal Dispatcher" daemon [_thread_blocked, id=7147, stack(0x00007f9f8b75e000,0x00007f9f8b85f000)]
  0x00007f9fa4080800 JavaThread "Finalizer" daemon [_thread_blocked, id=7144, stack(0x00007f9f8b9fa000,0x00007f9f8bafb000)]
  0x00007f9fa407e000 JavaThread "Reference Handler" daemon [_thread_blocked, id=7142, stack(0x00007f9f8bafb000,0x00007f9f8bbfc000)]

Other Threads:
  0x00007f9fa4074800 VMThread [stack: 0x00007f9f8bbfc000,0x00007f9f8bcfd000] [id=7139]
  0x00007f9fa40bd000 WatcherThread [stack: 0x00007f9f8b35a000,0x00007f9f8b45b000] [id=7151]

VM state:not at safepoint (normal execution)

VM Mutex/Monitor currently owned by a thread: None

Heap:
 PSYoungGen      total 28160K, used 2949K [0x00000000e0b00000, 0x00000000e2a00000, 0x0000000100000000)
  eden space 24576K, 12% used [0x00000000e0b00000,0x00000000e0de1618,0x00000000e2300000)
  from space 3584K, 0% used [0x00000000e2680000,0x00000000e2680000,0x00000000e2a00000)
  to   space 3584K, 0% used [0x00000000e2300000,0x00000000e2300000,0x00000000e2680000)
 ParOldGen       total 64512K, used 0K [0x00000000a2000000, 0x00000000a5f00000, 0x00000000e0b00000)
  object space 64512K, 0% used [0x00000000a2000000,0x00000000a2000000,0x00000000a5f00000)
 Metaspace       used 3276K, capacity 4674K, committed 4864K, reserved 1056768K
  class space    used 339K, capacity 426K, committed 512K, reserved 1048576K

Card table byte_map: [0x00007f9f94534000,0x00007f9f94825000] byte_map_base: 0x00007f9f94024000

Marking Bits: (ParMarkBitMap*) 0x00007f9faa5fe3a0
 Begin Bits: [0x00007f9f9133d000, 0x00007f9f92abd000)
 End Bits:   [0x00007f9f92abd000, 0x00007f9f9423d000)

Polling page: 0x00007f9fab423000

CodeCache: size=245760Kb used=1257Kb max_used=1258Kb free=244502Kb
 bounds [0x00007f9f94be5000, 0x00007f9f94e55000, 0x00007f9fa3be5000]
 total_blobs=337 nmethods=90 adapters=162
 compilation: enabled

Compilation events (10 events):
Event: 1,345 Thread 0x00007f9fa40b7800   88       3       java.lang.String::substring (79 bytes)
Event: 1,345 Thread 0x00007f9fa40b7800 nmethod 88 0x00007f9f94d1d850 code [0x00007f9f94d1da20, 0x00007f9f94d1deb8]
Event: 1,345 Thread 0x00007f9fa40b7800   85       1       java.net.URI::getScheme (5 bytes)
Event: 1,345 Thread 0x00007f9fa40b7800 nmethod 85 0x00007f9f94d1d590 code [0x00007f9f94d1d6e0, 0x00007f9f94d1d7f0]
Event: 1,345 Thread 0x00007f9fa40b7800   84       1       java.nio.Buffer::limit (5 bytes)
Event: 1,345 Thread 0x00007f9fa40b7800 nmethod 84 0x00007f9f94d1d2d0 code [0x00007f9f94d1d420, 0x00007f9f94d1d530]
Event: 1,348 Thread 0x00007f9fa40b7800   89       3       java.nio.charset.CharsetEncoder::reset (11 bytes)
Event: 1,349 Thread 0x00007f9fa40b7800 nmethod 89 0x00007f9f94d1ce90 code [0x00007f9f94d1d000, 0x00007f9f94d1d230]
Event: 1,349 Thread 0x00007f9fa40b7800   90       3       java.nio.charset.CharsetEncoder::implReset (1 bytes)
Event: 1,349 Thread 0x00007f9fa40b7800 nmethod 90 0x00007f9f94d1cb90 code [0x00007f9f94d1cce0, 0x00007f9f94d1ce30]

GC Heap History (0 events):
No events

Deoptimization events (0 events):
No events

Classes redefined (0 events):
No events

Internal exceptions (9 events):
Event: 0,043 Thread 0x00007f9fa400b000 Exception <a 'java/lang/NoSuchMethodError': Method sun.misc.Unsafe.defineClass(Ljava/lang/String;[BII)Ljava/lang/Class; name or signature does not match> (0x00000000e0b07cb0) thrown at [/build/openjdk-8-8u181-b13/src/hotspot/src/share/vm/prims/jni.cpp, li
Event: 0,043 Thread 0x00007f9fa400b000 Exception <a 'java/lang/NoSuchMethodError': Method sun.misc.Unsafe.prefetchRead(Ljava/lang/Object;J)V name or signature does not match> (0x00000000e0b07f98) thrown at [/build/openjdk-8-8u181-b13/src/hotspot/src/share/vm/prims/jni.cpp, line 4011]
Event: 0,175 Thread 0x00007f9fa400b000 Exception <a 'java/util/zip/ZipException'> (0x00000000e0b53188) thrown at [/build/openjdk-8-8u181-b13/src/hotspot/src/share/vm/prims/jni.cpp, line 709]
Event: 0,175 Thread 0x00007f9fa400b000 Exception <a 'java/security/PrivilegedActionException'> (0x00000000e0b53428) thrown at [/build/openjdk-8-8u181-b13/src/hotspot/src/share/vm/prims/jvm.cpp, line 1435]
Event: 0,175 Thread 0x00007f9fa400b000 Exception <a 'java/security/PrivilegedActionException'> (0x00000000e0b53638) thrown at [/build/openjdk-8-8u181-b13/src/hotspot/src/share/vm/prims/jvm.cpp, line 1435]
Event: 0,242 Thread 0x00007f9fa400b000 Exception <a 'java/io/FileNotFoundException'> (0x00000000e0c47950) thrown at [/build/openjdk-8-8u181-b13/src/hotspot/src/share/vm/prims/jni.cpp, line 709]
Event: 1,280 Thread 0x00007f9fa400b000 Exception <a 'java/io/FileNotFoundException'> (0x00000000e0c53478) thrown at [/build/openjdk-8-8u181-b13/src/hotspot/src/share/vm/prims/jni.cpp, line 709]
Event: 1,290 Thread 0x00007f9fa400b000 Exception <a 'java/io/FileNotFoundException'> (0x00000000e0c66720) thrown at [/build/openjdk-8-8u181-b13/src/hotspot/src/share/vm/prims/jni.cpp, line 709]
Event: 1,331 Thread 0x00007f9fa400b000 Exception <a 'java/io/FileNotFoundException'> (0x00000000e0c71e20) thrown at [/build/openjdk-8-8u181-b13/src/hotspot/src/share/vm/prims/jni.cpp, line 709]

Events (10 events):
Event: 1,348 loading class gnu/io/RXTXPort$MonitorThread
Event: 1,348 loading class gnu/io/RXTXPort$MonitorThread done
Event: 1,350 Thread 0x00007f9fa416a000 Thread added: 0x00007f9fa416a000
Event: 1,356 loading class java/io/BufferedReader
Event: 1,356 loading class java/io/BufferedReader done
Event: 1,356 loading class sun/nio/cs/StreamDecoder
Event: 1,356 loading class sun/nio/cs/StreamDecoder done
Event: 1,357 Thread 0x00007f9fa4186800 Thread added: 0x00007f9fa4186800
Event: 1,357 Thread 0x00007f9fa400b000 Thread exited: 0x00007f9fa400b000
Event: 1,357 Thread 0x00007f9fa400b000 Thread added: 0x00007f9fa400b000


Dynamic libraries:
a2000000-a5f00000 rw-p 00000000 00:00 0 
a5f00000-e0b00000 ---p 00000000 00:00 0 
e0b00000-e2a00000 rw-p 00000000 00:00 0 
e2a00000-100000000 ---p 00000000 00:00 0 
100000000-100080000 rw-p 00000000 00:00 0 
100080000-140000000 ---p 00000000 00:00 0 
561685239000-56168523a000 r-xp 00000000 08:01 4726424                    /usr/lib/jvm/java-8-openjdk-amd64/jre/bin/java
561685439000-56168543a000 r--p 00000000 08:01 4726424                    /usr/lib/jvm/java-8-openjdk-amd64/jre/bin/java
56168543a000-56168543b000 rw-p 00001000 08:01 4726424                    /usr/lib/jvm/java-8-openjdk-amd64/jre/bin/java
561687293000-5616872b4000 rw-p 00000000 00:00 0                          [heap]
7f9f54000000-7f9f54021000 rw-p 00000000 00:00 0 
7f9f54021000-7f9f58000000 ---p 00000000 00:00 0 
7f9f5c000000-7f9f5c021000 rw-p 00000000 00:00 0 
7f9f5c021000-7f9f60000000 ---p 00000000 00:00 0 
7f9f60000000-7f9f60021000 rw-p 00000000 00:00 0 
7f9f60021000-7f9f64000000 ---p 00000000 00:00 0 
7f9f64fff000-7f9f68000000 rw-p 00000000 00:00 0 
7f9f68000000-7f9f68185000 rw-p 00000000 00:00 0 
7f9f68185000-7f9f6c000000 ---p 00000000 00:00 0 
7f9f6c000000-7f9f6c021000 rw-p 00000000 00:00 0 
7f9f6c021000-7f9f70000000 ---p 00000000 00:00 0 
7f9f70000000-7f9f70021000 rw-p 00000000 00:00 0 
7f9f70021000-7f9f74000000 ---p 00000000 00:00 0 
7f9f74000000-7f9f7404f000 rw-p 00000000 00:00 0 
7f9f7404f000-7f9f78000000 ---p 00000000 00:00 0 
7f9f78000000-7f9f78021000 rw-p 00000000 00:00 0 
7f9f78021000-7f9f7c000000 ---p 00000000 00:00 0 
7f9f7c000000-7f9f7c021000 rw-p 00000000 00:00 0 
7f9f7c021000-7f9f80000000 ---p 00000000 00:00 0 
7f9f80000000-7f9f80021000 rw-p 00000000 00:00 0 
7f9f80021000-7f9f84000000 ---p 00000000 00:00 0 
7f9f84000000-7f9f84021000 rw-p 00000000 00:00 0 
7f9f84021000-7f9f88000000 ---p 00000000 00:00 0 
7f9f8abf2000-7f9f8abf5000 ---p 00000000 00:00 0 
7f9f8abf5000-7f9f8acf3000 rw-p 00000000 00:00 0 
7f9f8acf3000-7f9f8acf6000 ---p 00000000 00:00 0 
7f9f8acf6000-7f9f8adf4000 rw-p 00000000 00:00 0 
7f9f8adf4000-7f9f8adfb000 r--s 00000000 08:01 4196578                    /usr/lib/x86_64-linux-gnu/gconv/gconv-modules.cache
7f9f8adfb000-7f9f8ae22000 r--p 00000000 08:01 4200545                    /usr/share/locale/fr/LC_MESSAGES/libc.mo
7f9f8ae22000-7f9f8ae2e000 r-xp 00000000 08:01 4729442                    /usr/lib/jvm/java-8-openjdk-amd64/jre/lib/amd64/librxtxSerial.so
7f9f8ae2e000-7f9f8af2d000 ---p 0000c000 08:01 4729442                    /usr/lib/jvm/java-8-openjdk-amd64/jre/lib/amd64/librxtxSerial.so
7f9f8af2d000-7f9f8af2f000 rw-p 0000b000 08:01 4729442                    /usr/lib/jvm/java-8-openjdk-amd64/jre/lib/amd64/librxtxSerial.so
7f9f8af2f000-7f9f8af46000 r-xp 00000000 08:01 4733952                    /usr/lib/jvm/java-8-openjdk-amd64/jre/lib/amd64/libnet.so
7f9f8af46000-7f9f8b145000 ---p 00017000 08:01 4733952                    /usr/lib/jvm/java-8-openjdk-amd64/jre/lib/amd64/libnet.so
7f9f8b145000-7f9f8b146000 r--p 00016000 08:01 4733952                    /usr/lib/jvm/java-8-openjdk-amd64/jre/lib/amd64/libnet.so
7f9f8b146000-7f9f8b147000 rw-p 00017000 08:01 4733952                    /usr/lib/jvm/java-8-openjdk-amd64/jre/lib/amd64/libnet.so
7f9f8b147000-7f9f8b158000 r-xp 00000000 08:01 4733953                    /usr/lib/jvm/java-8-openjdk-amd64/jre/lib/amd64/libnio.so
7f9f8b158000-7f9f8b358000 ---p 00011000 08:01 4733953                    /usr/lib/jvm/java-8-openjdk-amd64/jre/lib/amd64/libnio.so
7f9f8b358000-7f9f8b359000 r--p 00011000 08:01 4733953                    /usr/lib/jvm/java-8-openjdk-amd64/jre/lib/amd64/libnio.so
7f9f8b359000-7f9f8b35a000 rw-p 00012000 08:01 4733953                    /usr/lib/jvm/java-8-openjdk-amd64/jre/lib/amd64/libnio.so
7f9f8b35a000-7f9f8b35b000 ---p 00000000 00:00 0 
7f9f8b35b000-7f9f8b45b000 rw-p 00000000 00:00 0 
7f9f8b45b000-7f9f8b45e000 ---p 00000000 00:00 0 
7f9f8b45e000-7f9f8b55c000 rw-p 00000000 00:00 0 
7f9f8b55c000-7f9f8b55f000 ---p 00000000 00:00 0 
7f9f8b55f000-7f9f8b65d000 rw-p 00000000 00:00 0 
7f9f8b65d000-7f9f8b660000 ---p 00000000 00:00 0 
7f9f8b660000-7f9f8b75e000 rw-p 00000000 00:00 0 
7f9f8b75e000-7f9f8b761000 ---p 00000000 00:00 0 
7f9f8b761000-7f9f8b85f000 rw-p 00000000 00:00 0 
7f9f8b85f000-7f9f8b9fa000 r--p 00000000 08:01 4194598                    /usr/lib/locale/locale-archive
7f9f8b9fa000-7f9f8b9fd000 ---p 00000000 00:00 0 
7f9f8b9fd000-7f9f8bafb000 rw-p 00000000 00:00 0 
7f9f8bafb000-7f9f8bafe000 ---p 00000000 00:00 0 
7f9f8bafe000-7f9f8bbfc000 rw-p 00000000 00:00 0 
7f9f8bbfc000-7f9f8bbfd000 ---p 00000000 00:00 0 
7f9f8bbfd000-7f9f8c000000 rw-p 00000000 00:00 0 
7f9f8c000000-7f9f8c021000 rw-p 00000000 00:00 0 
7f9f8c021000-7f9f90000000 ---p 00000000 00:00 0 
7f9f90005000-7f9f90008000 r--s 00038000 08:01 4733979                    /usr/lib/jvm/java-8-openjdk-amd64/jre/lib/ext/sunpkcs11.jar
7f9f90008000-7f9f9000a000 r--s 00001000 08:01 4733972                    /usr/lib/jvm/java-8-openjdk-amd64/jre/lib/ext/dnsns.jar
7f9f9000a000-7f9f9000d000 r--s 0000f000 08:01 4733973                    /usr/lib/jvm/java-8-openjdk-amd64/jre/lib/ext/icedtea-sound.jar
7f9f9000d000-7f9f9000f000 r--s 00007000 08:01 4592403                    /usr/share/java/java-atk-wrapper.jar
7f9f9000f000-7f9f9002a000 r--s 00394000 08:01 4733971                    /usr/lib/jvm/java-8-openjdk-amd64/jre/lib/ext/cldrdata.jar
7f9f9002a000-7f9f9067e000 rw-p 00000000 00:00 0 
7f9f9067e000-7f9f9084d000 r--s 03c33000 08:01 4733997                    /usr/lib/jvm/java-8-openjdk-amd64/jre/lib/rt.jar
7f9f9084d000-7f9f90c8d000 rw-p 00000000 00:00 0 
7f9f90c8d000-7f9f9104d000 ---p 00000000 00:00 0 
7f9f9104d000-7f9f9423d000 rw-p 00000000 00:00 0 
7f9f9423d000-7f9f9423e000 ---p 00000000 00:00 0 
7f9f9423e000-7f9f9433e000 rw-p 00000000 00:00 0 
7f9f9433e000-7f9f9435e000 rw-p 00000000 00:00 0 
7f9f9435e000-7f9f94534000 ---p 00000000 00:00 0 
7f9f94534000-7f9f94554000 rw-p 00000000 00:00 0 
7f9f94554000-7f9f94729000 ---p 00000000 00:00 0 
7f9f94729000-7f9f94739000 rw-p 00000000 00:00 0 
7f9f94739000-7f9f94824000 ---p 00000000 00:00 0 
7f9f94824000-7f9f9482f000 rw-p 00000000 00:00 0 
7f9f9482f000-7f9f94be5000 ---p 00000000 00:00 0 
7f9f94be5000-7f9f94e55000 rwxp 00000000 00:00 0 
7f9f94e55000-7f9fa3be5000 ---p 00000000 00:00 0 
7f9fa3be5000-7f9fa3bed000 r-xp 00000000 08:01 4733960                    /usr/lib/jvm/java-8-openjdk-amd64/jre/lib/amd64/libzip.so
7f9fa3bed000-7f9fa3dec000 ---p 00008000 08:01 4733960                    /usr/lib/jvm/java-8-openjdk-amd64/jre/lib/amd64/libzip.so
7f9fa3dec000-7f9fa3ded000 r--p 00007000 08:01 4733960                    /usr/lib/jvm/java-8-openjdk-amd64/jre/lib/amd64/libzip.so
7f9fa3ded000-7f9fa3dee000 rw-p 00008000 08:01 4733960                    /usr/lib/jvm/java-8-openjdk-amd64/jre/lib/amd64/libzip.so
7f9fa3dee000-7f9fa3df8000 r-xp 00000000 08:01 786450                     /lib/x86_64-linux-gnu/libnss_files-2.24.so
7f9fa3df8000-7f9fa3ff8000 ---p 0000a000 08:01 786450                     /lib/x86_64-linux-gnu/libnss_files-2.24.so
7f9fa3ff8000-7f9fa3ff9000 r--p 0000a000 08:01 786450                     /lib/x86_64-linux-gnu/libnss_files-2.24.so
7f9fa3ff9000-7f9fa3ffa000 rw-p 0000b000 08:01 786450                     /lib/x86_64-linux-gnu/libnss_files-2.24.so
7f9fa3ffa000-7f9fa4000000 rw-p 00000000 00:00 0 
7f9fa4000000-7f9fa4195000 rw-p 00000000 00:00 0 
7f9fa4195000-7f9fa8000000 ---p 00000000 00:00 0 
7f9fa8000000-7f9fa8001000 r--s 00010000 08:01 4733980                    /usr/lib/jvm/java-8-openjdk-amd64/jre/lib/ext/zipfs.jar
7f9fa8001000-7f9fa8002000 r--s 0000a000 08:01 4733974                    /usr/lib/jvm/java-8-openjdk-amd64/jre/lib/ext/jaccess.jar
7f9fa8002000-7f9fa8004000 r--s 0000d000 08:01 4731691                    /usr/lib/jvm/java-8-openjdk-amd64/jre/lib/ext/RXTXcomm.jar
7f9fa8004000-7f9fa80bc000 rw-p 00000000 00:00 0 
7f9fa80bc000-7f9fa80bd000 ---p 00000000 00:00 0 
7f9fa80bd000-7f9fa81bd000 rw-p 00000000 00:00 0 
7f9fa81bd000-7f9fa81c8000 r-xp 00000000 08:01 786452                     /lib/x86_64-linux-gnu/libnss_nis-2.24.so
7f9fa81c8000-7f9fa83c7000 ---p 0000b000 08:01 786452                     /lib/x86_64-linux-gnu/libnss_nis-2.24.so
7f9fa83c7000-7f9fa83c8000 r--p 0000a000 08:01 786452                     /lib/x86_64-linux-gnu/libnss_nis-2.24.so
7f9fa83c8000-7f9fa83c9000 rw-p 0000b000 08:01 786452                     /lib/x86_64-linux-gnu/libnss_nis-2.24.so
7f9fa83c9000-7f9fa83dd000 r-xp 00000000 08:01 786447                     /lib/x86_64-linux-gnu/libnsl-2.24.so
7f9fa83dd000-7f9fa85dd000 ---p 00014000 08:01 786447                     /lib/x86_64-linux-gnu/libnsl-2.24.so
7f9fa85dd000-7f9fa85de000 r--p 00014000 08:01 786447                     /lib/x86_64-linux-gnu/libnsl-2.24.so
7f9fa85de000-7f9fa85df000 rw-p 00015000 08:01 786447                     /lib/x86_64-linux-gnu/libnsl-2.24.so
7f9fa85df000-7f9fa85e1000 rw-p 00000000 00:00 0 
7f9fa85e1000-7f9fa85e8000 r-xp 00000000 08:01 786448                     /lib/x86_64-linux-gnu/libnss_compat-2.24.so
7f9fa85e8000-7f9fa87e7000 ---p 00007000 08:01 786448                     /lib/x86_64-linux-gnu/libnss_compat-2.24.so
7f9fa87e7000-7f9fa87e8000 r--p 00006000 08:01 786448                     /lib/x86_64-linux-gnu/libnss_compat-2.24.so
7f9fa87e8000-7f9fa87e9000 rw-p 00007000 08:01 786448                     /lib/x86_64-linux-gnu/libnss_compat-2.24.so
7f9fa87e9000-7f9fa8816000 r-xp 00000000 08:01 4733941                    /usr/lib/jvm/java-8-openjdk-amd64/jre/lib/amd64/libjava.so
7f9fa8816000-7f9fa8a16000 ---p 0002d000 08:01 4733941                    /usr/lib/jvm/java-8-openjdk-amd64/jre/lib/amd64/libjava.so
7f9fa8a16000-7f9fa8a17000 r--p 0002d000 08:01 4733941                    /usr/lib/jvm/java-8-openjdk-amd64/jre/lib/amd64/libjava.so
7f9fa8a17000-7f9fa8a19000 rw-p 0002e000 08:01 4733941                    /usr/lib/jvm/java-8-openjdk-amd64/jre/lib/amd64/libjava.so
7f9fa8a19000-7f9fa8a28000 r-xp 00000000 08:01 4733959                    /usr/lib/jvm/java-8-openjdk-amd64/jre/lib/amd64/libverify.so
7f9fa8a28000-7f9fa8c28000 ---p 0000f000 08:01 4733959                    /usr/lib/jvm/java-8-openjdk-amd64/jre/lib/amd64/libverify.so
7f9fa8c28000-7f9fa8c2a000 r--p 0000f000 08:01 4733959                    /usr/lib/jvm/java-8-openjdk-amd64/jre/lib/amd64/libverify.so
7f9fa8c2a000-7f9fa8c2b000 rw-p 00011000 08:01 4733959                    /usr/lib/jvm/java-8-openjdk-amd64/jre/lib/amd64/libverify.so
7f9fa8c2b000-7f9fa8c32000 r-xp 00000000 08:01 786457                     /lib/x86_64-linux-gnu/librt-2.24.so
7f9fa8c32000-7f9fa8e31000 ---p 00007000 08:01 786457                     /lib/x86_64-linux-gnu/librt-2.24.so
7f9fa8e31000-7f9fa8e32000 r--p 00006000 08:01 786457                     /lib/x86_64-linux-gnu/librt-2.24.so
7f9fa8e32000-7f9fa8e33000 rw-p 00007000 08:01 786457                     /lib/x86_64-linux-gnu/librt-2.24.so
7f9fa8e33000-7f9fa8e49000 r-xp 00000000 08:01 786436                     /lib/x86_64-linux-gnu/libgcc_s.so.1
7f9fa8e49000-7f9fa9048000 ---p 00016000 08:01 786436                     /lib/x86_64-linux-gnu/libgcc_s.so.1
7f9fa9048000-7f9fa9049000 r--p 00015000 08:01 786436                     /lib/x86_64-linux-gnu/libgcc_s.so.1
7f9fa9049000-7f9fa904a000 rw-p 00016000 08:01 786436                     /lib/x86_64-linux-gnu/libgcc_s.so.1
7f9fa904a000-7f9fa914d000 r-xp 00000000 08:01 786444                     /lib/x86_64-linux-gnu/libm-2.24.so
7f9fa914d000-7f9fa934c000 ---p 00103000 08:01 786444                     /lib/x86_64-linux-gnu/libm-2.24.so
7f9fa934c000-7f9fa934d000 r--p 00102000 08:01 786444                     /lib/x86_64-linux-gnu/libm-2.24.so
7f9fa934d000-7f9fa934e000 rw-p 00103000 08:01 786444                     /lib/x86_64-linux-gnu/libm-2.24.so
7f9fa934e000-7f9fa94c0000 r-xp 00000000 08:01 4199793                    /usr/lib/x86_64-linux-gnu/libstdc++.so.6.0.22
7f9fa94c0000-7f9fa96c0000 ---p 00172000 08:01 4199793                    /usr/lib/x86_64-linux-gnu/libstdc++.so.6.0.22
7f9fa96c0000-7f9fa96ca000 r--p 00172000 08:01 4199793                    /usr/lib/x86_64-linux-gnu/libstdc++.so.6.0.22
7f9fa96ca000-7f9fa96cc000 rw-p 0017c000 08:01 4199793                    /usr/lib/x86_64-linux-gnu/libstdc++.so.6.0.22
7f9fa96cc000-7f9fa96d0000 rw-p 00000000 00:00 0 
7f9fa96d0000-7f9faa32f000 r-xp 00000000 08:01 4733962                    /usr/lib/jvm/java-8-openjdk-amd64/jre/lib/amd64/server/libjvm.so
7f9faa32f000-7f9faa52e000 ---p 00c5f000 08:01 4733962                    /usr/lib/jvm/java-8-openjdk-amd64/jre/lib/amd64/server/libjvm.so
7f9faa52e000-7f9faa5c2000 r--p 00c5e000 08:01 4733962                    /usr/lib/jvm/java-8-openjdk-amd64/jre/lib/amd64/server/libjvm.so
7f9faa5c2000-7f9faa5eb000 rw-p 00cf2000 08:01 4733962                    /usr/lib/jvm/java-8-openjdk-amd64/jre/lib/amd64/server/libjvm.so
7f9faa5eb000-7f9faa61b000 rw-p 00000000 00:00 0 
7f9faa61b000-7f9faa7b0000 r-xp 00000000 08:01 786440                     /lib/x86_64-linux-gnu/libc-2.24.so
7f9faa7b0000-7f9faa9b0000 ---p 00195000 08:01 786440                     /lib/x86_64-linux-gnu/libc-2.24.so
7f9faa9b0000-7f9faa9b4000 r--p 00195000 08:01 786440                     /lib/x86_64-linux-gnu/libc-2.24.so
7f9faa9b4000-7f9faa9b6000 rw-p 00199000 08:01 786440                     /lib/x86_64-linux-gnu/libc-2.24.so
7f9faa9b6000-7f9faa9ba000 rw-p 00000000 00:00 0 
7f9faa9ba000-7f9faa9bd000 r-xp 00000000 08:01 786443                     /lib/x86_64-linux-gnu/libdl-2.24.so
7f9faa9bd000-7f9faabbc000 ---p 00003000 08:01 786443                     /lib/x86_64-linux-gnu/libdl-2.24.so
7f9faabbc000-7f9faabbd000 r--p 00002000 08:01 786443                     /lib/x86_64-linux-gnu/libdl-2.24.so
7f9faabbd000-7f9faabbe000 rw-p 00003000 08:01 786443                     /lib/x86_64-linux-gnu/libdl-2.24.so
7f9faabbe000-7f9faabcb000 r-xp 00000000 08:01 4726684                    /usr/lib/jvm/java-8-openjdk-amd64/jre/lib/amd64/jli/libjli.so
7f9faabcb000-7f9faadcb000 ---p 0000d000 08:01 4726684                    /usr/lib/jvm/java-8-openjdk-amd64/jre/lib/amd64/jli/libjli.so
7f9faadcb000-7f9faadcc000 r--p 0000d000 08:01 4726684                    /usr/lib/jvm/java-8-openjdk-amd64/jre/lib/amd64/jli/libjli.so
7f9faadcc000-7f9faadcd000 rw-p 0000e000 08:01 4726684                    /usr/lib/jvm/java-8-openjdk-amd64/jre/lib/amd64/jli/libjli.so
7f9faadcd000-7f9faade6000 r-xp 00000000 08:01 786522                     /lib/x86_64-linux-gnu/libz.so.1.2.8
7f9faade6000-7f9faafe5000 ---p 00019000 08:01 786522                     /lib/x86_64-linux-gnu/libz.so.1.2.8
7f9faafe5000-7f9faafe6000 r--p 00018000 08:01 786522                     /lib/x86_64-linux-gnu/libz.so.1.2.8
7f9faafe6000-7f9faafe7000 rw-p 00019000 08:01 786522                     /lib/x86_64-linux-gnu/libz.so.1.2.8
7f9faafe7000-7f9faafff000 r-xp 00000000 08:01 786455                     /lib/x86_64-linux-gnu/libpthread-2.24.so
7f9faafff000-7f9fab1fe000 ---p 00018000 08:01 786455                     /lib/x86_64-linux-gnu/libpthread-2.24.so
7f9fab1fe000-7f9fab1ff000 r--p 00017000 08:01 786455                     /lib/x86_64-linux-gnu/libpthread-2.24.so
7f9fab1ff000-7f9fab200000 rw-p 00018000 08:01 786455                     /lib/x86_64-linux-gnu/libpthread-2.24.so
7f9fab200000-7f9fab204000 rw-p 00000000 00:00 0 
7f9fab204000-7f9fab227000 r-xp 00000000 08:01 786435                     /lib/x86_64-linux-gnu/ld-2.24.so
7f9fab227000-7f9fab229000 r--s 00008000 08:01 4733977                    /usr/lib/jvm/java-8-openjdk-amd64/jre/lib/ext/sunec.jar
7f9fab229000-7f9fab244000 r--s 001d6000 08:01 4733976                    /usr/lib/jvm/java-8-openjdk-amd64/jre/lib/ext/nashorn.jar
7f9fab244000-7f9fab2e8000 rw-p 00000000 00:00 0 
7f9fab2e8000-7f9fab306000 rw-p 00000000 00:00 0 
7f9fab306000-7f9fab309000 ---p 00000000 00:00 0 
7f9fab309000-7f9fab409000 rw-p 00000000 00:00 0 
7f9fab409000-7f9fab40f000 r--s 0003b000 08:01 4733978                    /usr/lib/jvm/java-8-openjdk-amd64/jre/lib/ext/sunjce_provider.jar
7f9fab40f000-7f9fab419000 r--s 00116000 08:01 4733975                    /usr/lib/jvm/java-8-openjdk-amd64/jre/lib/ext/localedata.jar
7f9fab419000-7f9fab41a000 r--s 00006000 08:01 4730049                    /usr/lib/jvm/java-8-openjdk-amd64/jre/lib/ext/comm-2.0.jar
7f9fab41a000-7f9fab422000 rw-s 00000000 08:01 3014773                    /tmp/hsperfdata_david/7131
7f9fab422000-7f9fab423000 rw-p 00000000 00:00 0 
7f9fab423000-7f9fab424000 r--p 00000000 00:00 0 
7f9fab424000-7f9fab427000 rw-p 00000000 00:00 0 
7f9fab427000-7f9fab428000 r--p 00023000 08:01 786435                     /lib/x86_64-linux-gnu/ld-2.24.so
7f9fab428000-7f9fab429000 rw-p 00024000 08:01 786435                     /lib/x86_64-linux-gnu/ld-2.24.so
7f9fab429000-7f9fab42a000 rw-p 00000000 00:00 0 
7ffe030b0000-7ffe030d1000 rw-p 00000000 00:00 0                          [stack]
7ffe031da000-7ffe031dc000 r--p 00000000 00:00 0                          [vvar]
7ffe031dc000-7ffe031de000 r-xp 00000000 00:00 0                          [vdso]
ffffffffff600000-ffffffffff601000 r-xp 00000000 00:00 0                  [vsyscall]

VM Arguments:
jvm_args: -Dfile.encoding=UTF-8 
java_command: org.ardulink.Test
java_class_path (initial): /home/david/workspaces/robot/bin:/home/david/workspaces/robot/lib/ardulink-core-base-2.1.0.jar:/home/david/workspaces/robot/lib/ardulink-core-beans-2.1.0.jar:/home/david/workspaces/robot/lib/ardulink-core-proxy-2.1.0.jar:/home/david/workspaces/robot/lib/ardulink-core-serial-rxtx-2.1.0.jar:/home/david/workspaces/robot/lib/ardulink-core-util-2.1.0.jar:/home/david/workspaces/robot/lib/args4j-2.32.jar:/home/david/workspaces/robot/lib/slf4j-api-1.7.12.jar:/home/david/workspaces/robot/lib/validation-api-1.0.0.GA.jar:/home/david/workspaces/robot/lib/slf4j-jdk14-1.7.12.jar:/home/david/workspaces/robot/lib/rxtx-2.1.7.jar:/home/david/workspaces/robot/lib/example-datareceiver-2.1.0.jar
Launcher Type: SUN_STANDARD

Environment Variables:
PATH=/usr/local/bin:/usr/bin:/bin:/usr/local/games:/usr/games
USERNAME=david
SHELL=/bin/bash
DISPLAY=:0

Signal Handlers:
SIGSEGV: [libjvm.so+0xa74b40], sa_mask[0]=11111111011111111101111111111110, sa_flags=SA_RESTART|SA_SIGINFO
SIGBUS: [libjvm.so+0xa74b40], sa_mask[0]=11111111011111111101111111111110, sa_flags=SA_RESTART|SA_SIGINFO
SIGFPE: [libjvm.so+0x8bd510], sa_mask[0]=11111111011111111101111111111110, sa_flags=SA_RESTART|SA_SIGINFO
SIGPIPE: [libjvm.so+0x8bd510], sa_mask[0]=11111111011111111101111111111110, sa_flags=SA_RESTART|SA_SIGINFO
SIGXFSZ: [libjvm.so+0x8bd510], sa_mask[0]=11111111011111111101111111111110, sa_flags=SA_RESTART|SA_SIGINFO
SIGILL: [libjvm.so+0x8bd510], sa_mask[0]=11111111011111111101111111111110, sa_flags=SA_RESTART|SA_SIGINFO
SIGUSR1: SIG_DFL, sa_mask[0]=00000000000000000000000000000000, sa_flags=none
SIGUSR2: [libjvm.so+0x8bd3c0], sa_mask[0]=00100000000000000000000000000000, sa_flags=SA_RESTART|SA_SIGINFO
SIGHUP: [libjvm.so+0x8bd870], sa_mask[0]=11111111011111111101111111111110, sa_flags=SA_RESTART|SA_SIGINFO
SIGINT: [libjvm.so+0x8bd870], sa_mask[0]=11111111011111111101111111111110, sa_flags=SA_RESTART|SA_SIGINFO
SIGTERM: [libjvm.so+0x8bd870], sa_mask[0]=11111111011111111101111111111110, sa_flags=SA_RESTART|SA_SIGINFO
SIGQUIT: [libjvm.so+0x8bd870], sa_mask[0]=11111111011111111101111111111110, sa_flags=SA_RESTART|SA_SIGINFO


---------------  S Y S T E M  ---------------

OS:PRETTY_NAME="Debian GNU/Linux 9 (stretch)"
NAME="Debian GNU/Linux"
VERSION_ID="9"
VERSION="9 (stretch)"
ID=debian
HOME_URL="https://www.debian.org/"
SUPPORT_URL="https://www.debian.org/support"
BUG_REPORT_URL="https://bugs.debian.org/"

uname:Linux 4.9.0-7-amd64 #1 SMP Debian 4.9.110-3+deb9u2 (2018-08-13) x86_64
libc:glibc 2.24 NPTL 2.24 
rlimit: STACK 8192k, CORE 0k, NPROC 23974, NOFILE 1048576, AS infinity
load average:0,29 0,35 0,36

/proc/meminfo:
MemTotal:        6160000 kB
MemFree:          286716 kB
MemAvailable:    3174956 kB
Buffers:          252036 kB
Cached:          2943764 kB
SwapCached:            0 kB
Active:          2826548 kB
Inactive:        2754432 kB
Active(anon):    1988636 kB
Inactive(anon):   550616 kB
Active(file):     837912 kB
Inactive(file):  2203816 kB
Unevictable:          32 kB
Mlocked:              32 kB
SwapTotal:        521212 kB
SwapFree:         521212 kB
Dirty:               120 kB
Writeback:             0 kB
AnonPages:       2385208 kB
Mapped:           527616 kB
Shmem:            154076 kB
Slab:             161472 kB
SReclaimable:     120108 kB
SUnreclaim:        41364 kB
KernelStack:       12144 kB
PageTables:        41316 kB
NFS_Unstable:          0 kB
Bounce:                0 kB
WritebackTmp:          0 kB
CommitLimit:     3601212 kB
Committed_AS:    7677232 kB
VmallocTotal:   34359738367 kB
VmallocUsed:           0 kB
VmallocChunk:          0 kB
HardwareCorrupted:     0 kB
AnonHugePages:         0 kB
ShmemHugePages:        0 kB
ShmemPmdMapped:        0 kB
HugePages_Total:       0
HugePages_Free:        0
HugePages_Rsvd:        0
HugePages_Surp:        0
Hugepagesize:       2048 kB
DirectMap4k:      130944 kB
DirectMap2M:     5177344 kB
DirectMap1G:     2097152 kB


CPU:total 2 (initial active 2) (1 cores per cpu, 1 threads per core) family 6 model 69 stepping 1, cmov, cx8, fxsr, mmx, sse, sse2, sse3, ssse3, sse4.1, sse4.2, popcnt, avx, avx2, aes, clmul, erms, lzcnt, tsc, tscinvbit, bmi1, bmi2

/proc/cpuinfo:
processor	: 0
vendor_id	: GenuineIntel
cpu family	: 6
model		: 69
model name	: Intel(R) Core(TM) i7-4500U CPU @ 1.80GHz
stepping	: 1
microcode	: 0x23
cpu MHz		: 2400.579
cache size	: 4096 KB
physical id	: 0
siblings	: 1
core id		: 0
cpu cores	: 1
apicid		: 0
initial apicid	: 0
fpu		: yes
fpu_exception	: yes
cpuid level	: 13
wp		: yes
flags		: fpu vme de pse tsc msr pae mce cx8 apic sep mtrr pge mca cmov pat pse36 clflush mmx fxsr sse sse2 ss syscall nx pdpe1gb rdtscp lm constant_tsc arch_perfmon nopl xtopology tsc_reliable nonstop_tsc pni pclmulqdq ssse3 fma cx16 pcid sse4_1 sse4_2 x2apic movbe popcnt tsc_deadline_timer aes xsave avx f16c rdrand hypervisor lahf_lm abm invpcid_single ibrs ibpb stibp kaiser fsgsbase tsc_adjust bmi1 avx2 smep bmi2 invpcid xsaveopt arat arch_capabilities
bugs		: cpu_meltdown spectre_v1 spectre_v2 spec_store_bypass
bogomips	: 4802.00
clflush size	: 64
cache_alignment	: 64
address sizes	: 43 bits physical, 48 bits virtual
power management:

processor	: 1
vendor_id	: GenuineIntel
cpu family	: 6
model		: 69
model name	: Intel(R) Core(TM) i7-4500U CPU @ 1.80GHz
stepping	: 1
microcode	: 0x23
cpu MHz		: 2400.579
cache size	: 4096 KB
physical id	: 2
siblings	: 1
core id		: 0
cpu cores	: 1
apicid		: 2
initial apicid	: 2
fpu		: yes
fpu_exception	: yes
cpuid level	: 13
wp		: yes
flags		: fpu vme de pse tsc msr pae mce cx8 apic sep mtrr pge mca cmov pat pse36 clflush mmx fxsr sse sse2 ss syscall nx pdpe1gb rdtscp lm constant_tsc arch_perfmon nopl xtopology tsc_reliable nonstop_tsc pni pclmulqdq ssse3 fma cx16 pcid sse4_1 sse4_2 x2apic movbe popcnt tsc_deadline_timer aes xsave avx f16c rdrand hypervisor lahf_lm abm invpcid_single ibrs ibpb stibp kaiser fsgsbase tsc_adjust bmi1 avx2 smep bmi2 invpcid xsaveopt arat arch_capabilities
bugs		: cpu_meltdown spectre_v1 spectre_v2 spec_store_bypass
bogomips	: 4802.00
clflush size	: 64
cache_alignment	: 64
address sizes	: 43 bits physical, 48 bits virtual
power management:



Memory: 4k page, physical 6160000k(286716k free), swap 521212k(521212k free)

vm_info: OpenJDK 64-Bit Server VM (25.181-b13) for linux-amd64 JRE (1.8.0_181-8u181-b13-2~deb9u1-b13), built on Oct 22 2018 18:05:23 by "pbuilder" with gcc 6.3.0 20170516

time: Sun Jan 20 02:43:03 2019
elapsed time: 1 seconds (0d 0h 0m 1s)

