#
# A fatal error has been detected by the Java Runtime Environment:
#
#  SIGSEGV (0xb) at pc=0x00007f6499a9e0d1, pid=20811, tid=20828
#
# JRE version: Java(TM) SE Runtime Environment (11.0.2+9) (build 11.0.2+9-LTS)
# Java VM: Java HotSpot(TM) 64-Bit Server VM (11.0.2+9-LTS, mixed mode, tiered, compressed oops, g1 gc, linux-amd64)
# Problematic frame:
# C  [libjimage.so+0x40d1]  ImageStrings::find(Endian*, char const*, int*, unsigned int)+0x71
#
# No core dump will be written. Core dumps have been disabled. To enable core dumping, try "ulimit -c unlimited" before starting Java again
#
# If you would like to submit a bug report, please visit:
#   http://bugreport.java.com/bugreport/crash.jsp
#

---------------  S U M M A R Y ------------

Command Line: -agentlib:jdwp=transport=dt_socket,suspend=y,address=localhost:38569 -javaagent:/home/david/softs/eclipse/eclipse/configuration/org.eclipse.osgi/216/0/.cp/lib/javaagent-shaded.jar -Dfile.encoding=UTF-8 fr.duvam.video.VlcPlayer

Host: Intel(R) Core(TM) i7-4500U CPU @ 1.80GHz, 2 cores, 5G, Debian GNU/Linux 9 (stretch)
Time: Sat Feb  9 22:43:34 2019 CET elapsed time: 62 seconds (0d 0h 1m 2s)

---------------  T H R E A D  ---------------

Current thread (0x00007f64941a0800):  JavaThread "Signal Dispatcher" daemon [_thread_in_vm, id=20828, stack(0x00007f64980cb000,0x00007f64981cc000)]

Stack: [0x00007f64980cb000,0x00007f64981cc000],  sp=0x00007f64981c9140,  free space=1016k
Native frames: (J=compiled Java code, A=aot compiled Java code, j=interpreted, Vv=VM code, C=native code)
C  [libjimage.so+0x40d1]  ImageStrings::find(Endian*, char const*, int*, unsigned int)+0x71
C  [libjimage.so+0x4daa]  ImageFileReader::find_location_index(char const*, unsigned long long*) const+0x3a
C  [libjimage.so+0x52aa]  JIMAGE_FindResource+0xfa
V  [libjvm.so+0x5cfbee]